This is pdfTeX, Version 3.14159265-2.6-1.40.16 (MiKTeX 2.9 64-bit) (preloaded format=pdflatex 2015.10.6)  9 NOV 2016 08:08
entering extended mode
**aterrcor.tex
(aterrcor.tex
LaTeX2e <2015/01/01> patch level 2
Babel <3.9m> and hyphenation patterns for 69 languages loaded.
("C:\Program Files\MiKTeX 2.9\tex\latex\base\article.cls"
Document Class: article 2014/09/29 v1.4h Standard LaTeX document class
("C:\Program Files\MiKTeX 2.9\tex\latex\base\size10.clo"
File: size10.clo 2014/09/29 v1.4h Standard LaTeX file (size option)
)
\c@part=\count79
\c@section=\count80
\c@subsection=\count81
\c@subsubsection=\count82
\c@paragraph=\count83
\c@subparagraph=\count84
\c@figure=\count85
\c@table=\count86
\abovecaptionskip=\skip41
\belowcaptionskip=\skip42
\bibindent=\dimen102
)
("C:\Program Files\MiKTeX 2.9\tex\latex\base\inputenc.sty"
Package: inputenc 2015/03/17 v1.2c Input encoding file
\inpenc@prehook=\toks14
\inpenc@posthook=\toks15

("C:\Program Files\MiKTeX 2.9\tex\latex\base\utf8.def"
File: utf8.def 2015/06/27 v1.1n UTF-8 support for inputenc
Now handling font encoding OML ...
... no UTF-8 mapping file for font encoding OML
Now handling font encoding T1 ...
... processing UTF-8 mapping file for font encoding T1

("C:\Program Files\MiKTeX 2.9\tex\latex\base\t1enc.dfu"
File: t1enc.dfu 2015/06/27 v1.1n UTF-8 support for inputenc
   defining Unicode char U+00A1 (decimal 161)
   defining Unicode char U+00A3 (decimal 163)
   defining Unicode char U+00AB (decimal 171)
   defining Unicode char U+00BB (decimal 187)
   defining Unicode char U+00BF (decimal 191)
   defining Unicode char U+00C0 (decimal 192)
   defining Unicode char U+00C1 (decimal 193)
   defining Unicode char U+00C2 (decimal 194)
   defining Unicode char U+00C3 (decimal 195)
   defining Unicode char U+00C4 (decimal 196)
   defining Unicode char U+00C5 (decimal 197)
   defining Unicode char U+00C6 (decimal 198)
   defining Unicode char U+00C7 (decimal 199)
   defining Unicode char U+00C8 (decimal 200)
   defining Unicode char U+00C9 (decimal 201)
   defining Unicode char U+00CA (decimal 202)
   defining Unicode char U+00CB (decimal 203)
   defining Unicode char U+00CC (decimal 204)
   defining Unicode char U+00CD (decimal 205)
   defining Unicode char U+00CE (decimal 206)
   defining Unicode char U+00CF (decimal 207)
   defining Unicode char U+00D0 (decimal 208)
   defining Unicode char U+00D1 (decimal 209)
   defining Unicode char U+00D2 (decimal 210)
   defining Unicode char U+00D3 (decimal 211)
   defining Unicode char U+00D4 (decimal 212)
   defining Unicode char U+00D5 (decimal 213)
   defining Unicode char U+00D6 (decimal 214)
   defining Unicode char U+00D8 (decimal 216)
   defining Unicode char U+00D9 (decimal 217)
   defining Unicode char U+00DA (decimal 218)
   defining Unicode char U+00DB (decimal 219)
   defining Unicode char U+00DC (decimal 220)
   defining Unicode char U+00DD (decimal 221)
   defining Unicode char U+00DE (decimal 222)
   defining Unicode char U+00DF (decimal 223)
   defining Unicode char U+00E0 (decimal 224)
   defining Unicode char U+00E1 (decimal 225)
   defining Unicode char U+00E2 (decimal 226)
   defining Unicode char U+00E3 (decimal 227)
   defining Unicode char U+00E4 (decimal 228)
   defining Unicode char U+00E5 (decimal 229)
   defining Unicode char U+00E6 (decimal 230)
   defining Unicode char U+00E7 (decimal 231)
   defining Unicode char U+00E8 (decimal 232)
   defining Unicode char U+00E9 (decimal 233)
   defining Unicode char U+00EA (decimal 234)
   defining Unicode char U+00EB (decimal 235)
   defining Unicode char U+00EC (decimal 236)
   defining Unicode char U+00ED (decimal 237)
   defining Unicode char U+00EE (decimal 238)
   defining Unicode char U+00EF (decimal 239)
   defining Unicode char U+00F0 (decimal 240)
   defining Unicode char U+00F1 (decimal 241)
   defining Unicode char U+00F2 (decimal 242)
   defining Unicode char U+00F3 (decimal 243)
   defining Unicode char U+00F4 (decimal 244)
   defining Unicode char U+00F5 (decimal 245)
   defining Unicode char U+00F6 (decimal 246)
   defining Unicode char U+00F8 (decimal 248)
   defining Unicode char U+00F9 (decimal 249)
   defining Unicode char U+00FA (decimal 250)
   defining Unicode char U+00FB (decimal 251)
   defining Unicode char U+00FC (decimal 252)
   defining Unicode char U+00FD (decimal 253)
   defining Unicode char U+00FE (decimal 254)
   defining Unicode char U+00FF (decimal 255)
   defining Unicode char U+0102 (decimal 258)
   defining Unicode char U+0103 (decimal 259)
   defining Unicode char U+0104 (decimal 260)
   defining Unicode char U+0105 (decimal 261)
   defining Unicode char U+0106 (decimal 262)
   defining Unicode char U+0107 (decimal 263)
   defining Unicode char U+010C (decimal 268)
   defining Unicode char U+010D (decimal 269)
   defining Unicode char U+010E (decimal 270)
   defining Unicode char U+010F (decimal 271)
   defining Unicode char U+0110 (decimal 272)
   defining Unicode char U+0111 (decimal 273)
   defining Unicode char U+0118 (decimal 280)
   defining Unicode char U+0119 (decimal 281)
   defining Unicode char U+011A (decimal 282)
   defining Unicode char U+011B (decimal 283)
   defining Unicode char U+011E (decimal 286)
   defining Unicode char U+011F (decimal 287)
   defining Unicode char U+0130 (decimal 304)
   defining Unicode char U+0131 (decimal 305)
   defining Unicode char U+0132 (decimal 306)
   defining Unicode char U+0133 (decimal 307)
   defining Unicode char U+0139 (decimal 313)
   defining Unicode char U+013A (decimal 314)
   defining Unicode char U+013D (decimal 317)
   defining Unicode char U+013E (decimal 318)
   defining Unicode char U+0141 (decimal 321)
   defining Unicode char U+0142 (decimal 322)
   defining Unicode char U+0143 (decimal 323)
   defining Unicode char U+0144 (decimal 324)
   defining Unicode char U+0147 (decimal 327)
   defining Unicode char U+0148 (decimal 328)
   defining Unicode char U+014A (decimal 330)
   defining Unicode char U+014B (decimal 331)
   defining Unicode char U+0150 (decimal 336)
   defining Unicode char U+0151 (decimal 337)
   defining Unicode char U+0152 (decimal 338)
   defining Unicode char U+0153 (decimal 339)
   defining Unicode char U+0154 (decimal 340)
   defining Unicode char U+0155 (decimal 341)
   defining Unicode char U+0158 (decimal 344)
   defining Unicode char U+0159 (decimal 345)
   defining Unicode char U+015A (decimal 346)
   defining Unicode char U+015B (decimal 347)
   defining Unicode char U+015E (decimal 350)
   defining Unicode char U+015F (decimal 351)
   defining Unicode char U+0160 (decimal 352)
   defining Unicode char U+0161 (decimal 353)
   defining Unicode char U+0162 (decimal 354)
   defining Unicode char U+0163 (decimal 355)
   defining Unicode char U+0164 (decimal 356)
   defining Unicode char U+0165 (decimal 357)
   defining Unicode char U+016E (decimal 366)
   defining Unicode char U+016F (decimal 367)
   defining Unicode char U+0170 (decimal 368)
   defining Unicode char U+0171 (decimal 369)
   defining Unicode char U+0178 (decimal 376)
   defining Unicode char U+0179 (decimal 377)
   defining Unicode char U+017A (decimal 378)
   defining Unicode char U+017B (decimal 379)
   defining Unicode char U+017C (decimal 380)
   defining Unicode char U+017D (decimal 381)
   defining Unicode char U+017E (decimal 382)
   defining Unicode char U+200C (decimal 8204)
   defining Unicode char U+2013 (decimal 8211)
   defining Unicode char U+2014 (decimal 8212)
   defining Unicode char U+2018 (decimal 8216)
   defining Unicode char U+2019 (decimal 8217)
   defining Unicode char U+201A (decimal 8218)
   defining Unicode char U+201C (decimal 8220)
   defining Unicode char U+201D (decimal 8221)
   defining Unicode char U+201E (decimal 8222)
   defining Unicode char U+2030 (decimal 8240)
   defining Unicode char U+2031 (decimal 8241)
   defining Unicode char U+2039 (decimal 8249)
   defining Unicode char U+203A (decimal 8250)
   defining Unicode char U+2423 (decimal 9251)
)
Now handling font encoding OT1 ...
... processing UTF-8 mapping file for font encoding OT1

("C:\Program Files\MiKTeX 2.9\tex\latex\base\ot1enc.dfu"
File: ot1enc.dfu 2015/06/27 v1.1n UTF-8 support for inputenc
   defining Unicode char U+00A1 (decimal 161)
   defining Unicode char U+00A3 (decimal 163)
   defining Unicode char U+00B8 (decimal 184)
   defining Unicode char U+00BF (decimal 191)
   defining Unicode char U+00C5 (decimal 197)
   defining Unicode char U+00C6 (decimal 198)
   defining Unicode char U+00D8 (decimal 216)
   defining Unicode char U+00DF (decimal 223)
   defining Unicode char U+00E6 (decimal 230)
   defining Unicode char U+00EC (decimal 236)
   defining Unicode char U+00ED (decimal 237)
   defining Unicode char U+00EE (decimal 238)
   defining Unicode char U+00EF (decimal 239)
   defining Unicode char U+00F8 (decimal 248)
   defining Unicode char U+0131 (decimal 305)
   defining Unicode char U+0141 (decimal 321)
   defining Unicode char U+0142 (decimal 322)
   defining Unicode char U+0152 (decimal 338)
   defining Unicode char U+0153 (decimal 339)
   defining Unicode char U+2013 (decimal 8211)
   defining Unicode char U+2014 (decimal 8212)
   defining Unicode char U+2018 (decimal 8216)
   defining Unicode char U+2019 (decimal 8217)
   defining Unicode char U+201C (decimal 8220)
   defining Unicode char U+201D (decimal 8221)
)
Now handling font encoding OMS ...
... processing UTF-8 mapping file for font encoding OMS

("C:\Program Files\MiKTeX 2.9\tex\latex\base\omsenc.dfu"
File: omsenc.dfu 2015/06/27 v1.1n UTF-8 support for inputenc
   defining Unicode char U+00A7 (decimal 167)
   defining Unicode char U+00B6 (decimal 182)
   defining Unicode char U+00B7 (decimal 183)
   defining Unicode char U+2020 (decimal 8224)
   defining Unicode char U+2021 (decimal 8225)
   defining Unicode char U+2022 (decimal 8226)
)
Now handling font encoding OMX ...
... no UTF-8 mapping file for font encoding OMX
Now handling font encoding U ...
... no UTF-8 mapping file for font encoding U
   defining Unicode char U+00A9 (decimal 169)
   defining Unicode char U+00AA (decimal 170)
   defining Unicode char U+00AE (decimal 174)
   defining Unicode char U+00BA (decimal 186)
   defining Unicode char U+02C6 (decimal 710)
   defining Unicode char U+02DC (decimal 732)
   defining Unicode char U+200C (decimal 8204)
   defining Unicode char U+2026 (decimal 8230)
   defining Unicode char U+2122 (decimal 8482)
   defining Unicode char U+2423 (decimal 9251)
))
("C:\Program Files\MiKTeX 2.9\tex\generic\babel\babel.sty"
Package: babel 2015/08/03 3.9m The Babel package

*************************************
* Local config file bblopts.cfg used
*
("C:\Program Files\MiKTeX 2.9\tex\latex\00miktex\bblopts.cfg"
File: bblopts.cfg 2006/07/31 v1.0 MiKTeX 'babel' configuration
)
("C:\Program Files\MiKTeX 2.9\tex\latex\babel-english\english.ldf"
Language: english 2012/08/20 v3.3p English support from the babel system

("C:\Program Files\MiKTeX 2.9\tex\generic\babel\babel.def"
File: babel.def 2015/08/03 3.9m Babel common definitions
\babel@savecnt=\count87
\U@D=\dimen103
)
\l@canadian = a dialect from \language\l@american 
\l@australian = a dialect from \language\l@british 
\l@newzealand = a dialect from \language\l@british 
))
("C:\Program Files\MiKTeX 2.9\tex\latex\isodate\isodate.sty"
Package: isodate 2010/01/03 v2.30 Print dates with different formats (HH)

("C:\Program Files\MiKTeX 2.9\tex\latex\base\ifthen.sty"
Package: ifthen 2014/09/29 v1.1c Standard LaTeX ifthen package (DPC)
)
("C:\Program Files\MiKTeX 2.9\tex\latex\substr\substr.sty"
Package: substr 2009/10/20 v1.2 Handle substrings
\c@su@anzahl=\count88
)
("C:\Program Files\MiKTeX 2.9\tex\latex\isodate\english.idf"
File: english.idf 2010/01/03 v2.30 Language definitions for isodate package (HH
)

Define commands for English date format
)
\c@iso@tmpmonth=\count89
\c@iso@yeartwo=\count90
\c@iso@slash=\count91
\c@iso@minus=\count92
\c@iso@dot=\count93
\c@iso@@slash=\count94
\c@iso@@minus=\count95
\c@iso@@dot=\count96
) ("C:\Program Files\MiKTeX 2.9\tex\latex\listings\listings.sty"
("C:\Program Files\MiKTeX 2.9\tex\latex\graphics\keyval.sty"
Package: keyval 2014/10/28 v1.15 key=value parser (DPC)
\KV@toks@=\toks16
)
\lst@mode=\count97
\lst@gtempboxa=\box26
\lst@token=\toks17
\lst@length=\count98
\lst@currlwidth=\dimen104
\lst@column=\count99
\lst@pos=\count100
\lst@lostspace=\dimen105
\lst@width=\dimen106
\lst@newlines=\count101
\lst@lineno=\count102
\lst@maxwidth=\dimen107

("C:\Program Files\MiKTeX 2.9\tex\latex\listings\lstmisc.sty"
File: lstmisc.sty 2015/06/04 1.6 (Carsten Heinz)
\c@lstnumber=\count103
\lst@skipnumbers=\count104
\lst@framebox=\box27
)
("C:\Program Files\MiKTeX 2.9\tex\latex\listings\listings.cfg"
File: listings.cfg 2015/06/04 1.6 listings configuration
))
Package: listings 2015/06/04 1.6 (Carsten Heinz)

("C:\Program Files\MiKTeX 2.9\tex\latex\graphics\color.sty"
Package: color 2014/10/28 v1.1a Standard LaTeX Color (DPC)

("C:\Program Files\MiKTeX 2.9\tex\latex\00miktex\color.cfg"
File: color.cfg 2007/01/18 v1.5 color configuration of teTeX/TeXLive
)
Package color Info: Driver file: pdftex.def on input line 142.

("C:\Program Files\MiKTeX 2.9\tex\latex\pdftex-def\pdftex.def"
File: pdftex.def 2011/05/27 v0.06d Graphics/color for pdfTeX

("C:\Program Files\MiKTeX 2.9\tex\generic\oberdiek\infwarerr.sty"
Package: infwarerr 2010/04/08 v1.3 Providing info/warning/error messages (HO)
)
("C:\Program Files\MiKTeX 2.9\tex\generic\oberdiek\ltxcmds.sty"
Package: ltxcmds 2011/11/09 v1.22 LaTeX kernel commands for general use (HO)
)
\Gread@gobject=\count105
))
("C:\Program Files\MiKTeX 2.9\tex\latex\siunitx\siunitx.sty"
("C:\Program Files\MiKTeX 2.9\tex\latex\l3kernel\expl3.sty"
Package: expl3 2015/09/27 v6111 L3 programming layer (loader) 

("C:\Program Files\MiKTeX 2.9\tex\latex\l3kernel\expl3-code.tex"
Package: expl3 2015/09/27 v6111 L3 programming layer (code) 
L3 Module: l3bootstrap 2015/09/10 v5983 L3 Bootstrap code
L3 Module: l3names 2015/09/27 v6108 L3 Namespace for primitives
L3 Module: l3basics 2015/09/22 v6033 L3 Basic definitions
L3 Module: l3expan 2015/09/10 v5983 L3 Argument expansion
L3 Module: l3tl 2015/09/23 v6037 L3 Token lists
L3 Module: l3str 2015/09/20 v6021 L3 Strings
L3 Module: l3seq 2015/08/05 v5777 L3 Sequences and stacks
L3 Module: l3int 2015/09/25 v6089 L3 Integers
\c_max_int=\count106
\l_tmpa_int=\count107
\l_tmpb_int=\count108
\g_tmpa_int=\count109
\g_tmpb_int=\count110
L3 Module: l3quark 2015/08/17 v5855 L3 Quarks
L3 Module: l3prg 2015/09/10 v5983 L3 Control structures
\g__prg_map_int=\count111
L3 Module: l3clist 2015/09/02 v5901 L3 Comma separated lists
L3 Module: l3token 2015/09/23 v6040 L3 Experimental token manipulation
L3 Module: l3prop 2015/08/05 v5777 L3 Property lists
L3 Module: l3msg 2015/09/23 v6037 L3 Messages
L3 Module: l3file 2015/09/23 v6037 L3 File and I/O operations
\l_iow_line_count_int=\count112
\l__iow_target_count_int=\count113
\l__iow_current_line_int=\count114
\l__iow_current_word_int=\count115
\l__iow_current_indentation_int=\count116
L3 Module: l3skip 2015/09/25 v6089 L3 Dimensions and skips
\c_zero_dim=\dimen108
\c_max_dim=\dimen109
\l_tmpa_dim=\dimen110
\l_tmpb_dim=\dimen111
\g_tmpa_dim=\dimen112
\g_tmpb_dim=\dimen113
\c_zero_skip=\skip43
\c_max_skip=\skip44
\l_tmpa_skip=\skip45
\l_tmpb_skip=\skip46
\g_tmpa_skip=\skip47
\g_tmpb_skip=\skip48
\c_zero_muskip=\muskip10
\c_max_muskip=\muskip11
\l_tmpa_muskip=\muskip12
\l_tmpb_muskip=\muskip13
\g_tmpa_muskip=\muskip14
\g_tmpb_muskip=\muskip15
L3 Module: l3keys 2015/09/23 v6037 L3 Key-value interfaces
\g__keyval_level_int=\count117
\l_keys_choice_int=\count118
L3 Module: l3fp 2015/08/25 v5890 L3 Floating points
\c__fp_leading_shift_int=\count119
\c__fp_middle_shift_int=\count120
\c__fp_trailing_shift_int=\count121
\c__fp_big_leading_shift_int=\count122
\c__fp_big_middle_shift_int=\count123
\c__fp_big_trailing_shift_int=\count124
\c__fp_Bigg_leading_shift_int=\count125
\c__fp_Bigg_middle_shift_int=\count126
\c__fp_Bigg_trailing_shift_int=\count127
L3 Module: l3box 2015/08/09 v5822 L3 Experimental boxes
\c_empty_box=\box28
\l_tmpa_box=\box29
\l_tmpb_box=\box30
\g_tmpa_box=\box31
\g_tmpb_box=\box32
L3 Module: l3coffins 2015/08/06 v5789 L3 Coffin code layer
\l__coffin_internal_box=\box33
\l__coffin_internal_dim=\dimen114
\l__coffin_offset_x_dim=\dimen115
\l__coffin_offset_y_dim=\dimen116
\l__coffin_x_dim=\dimen117
\l__coffin_y_dim=\dimen118
\l__coffin_x_prime_dim=\dimen119
\l__coffin_y_prime_dim=\dimen120
\c_empty_coffin=\box34
\l__coffin_aligned_coffin=\box35
\l__coffin_aligned_internal_coffin=\box36
\l_tmpa_coffin=\box37
\l_tmpb_coffin=\box38
\l__coffin_display_coffin=\box39
\l__coffin_display_coord_coffin=\box40
\l__coffin_display_pole_coffin=\box41
\l__coffin_display_offset_dim=\dimen121
\l__coffin_display_x_dim=\dimen122
\l__coffin_display_y_dim=\dimen123
L3 Module: l3color 2014/08/23 v5354 L3 Experimental color support
L3 Module: l3candidates 2015/09/23 v6039 L3 Experimental additions to l3kernel
\l__box_top_dim=\dimen124
\l__box_bottom_dim=\dimen125
\l__box_left_dim=\dimen126
\l__box_right_dim=\dimen127
\l__box_top_new_dim=\dimen128
\l__box_bottom_new_dim=\dimen129
\l__box_left_new_dim=\dimen130
\l__box_right_new_dim=\dimen131
\l__box_internal_box=\box42
\l__coffin_bounding_shift_dim=\dimen132
\l__coffin_left_corner_dim=\dimen133
\l__coffin_right_corner_dim=\dimen134
\l__coffin_bottom_corner_dim=\dimen135
\l__coffin_top_corner_dim=\dimen136
\l__coffin_scaled_total_height_dim=\dimen137
\l__coffin_scaled_width_dim=\dimen138
L3 Module: l3sys 2015/09/25 v6087 L3 Experimental system/runtime functions
L3 Module: l3luatex 2015/09/10 v5983 L3 Experimental LuaTeX-specific functions
)
("C:\Program Files\MiKTeX 2.9\tex\latex\l3kernel\l3unicode-data.def"
File: l3unicode-data.def 2015/07/20 v5676 L3 Unicode data
)
("C:\Program Files\MiKTeX 2.9\tex\latex\l3kernel\l3pdfmode.def"
File: l3pdfmode.def 2015/09/10 v5983 L3 Experimental driver: PDF mode
\l__driver_color_stack_int=\count128
))
("C:\Program Files\MiKTeX 2.9\tex\latex\l3packages\xparse\xparse.sty"
Package: xparse 2015/09/27 v6111 L3 Experimental document command parser
\l__xparse_current_arg_int=\count129
\l__xparse_m_args_int=\count130
\l__xparse_mandatory_args_int=\count131
\l__xparse_processor_int=\count132
\l__xparse_v_nesting_int=\count133
)
Package: siunitx 2015/09/14 v2.6l A comprehensive (SI) units package

("C:\Program Files\MiKTeX 2.9\tex\latex\amsmath\amstext.sty"
Package: amstext 2000/06/29 v2.01

("C:\Program Files\MiKTeX 2.9\tex\latex\amsmath\amsgen.sty"
File: amsgen.sty 1999/11/30 v2.0
\@emptytoks=\toks18
\ex@=\dimen139
))
("C:\Program Files\MiKTeX 2.9\tex\latex\tools\array.sty"
Package: array 2014/10/28 v2.4c Tabular extension package (FMi)
\col@sep=\dimen140
\extrarowheight=\dimen141
\NC@list=\toks19
\extratabsurround=\skip49
\backup@length=\skip50
)
("C:\Program Files\MiKTeX 2.9\tex\latex\l3packages\l3keys2e\l3keys2e.sty"
Package: l3keys2e 2015/09/27 v6111 LaTeX2e option processing using LaTeX3 keys
)
\l__siunitx_tmp_box=\box43
\l__siunitx_tmp_dim=\dimen142
\l__siunitx_tmp_int=\count134
\l__siunitx_number_mantissa_length_int=\count135
\l__siunitx_number_uncert_length_int=\count136
\l__siunitx_round_int=\count137
\l__siunitx_process_decimal_int=\count138
\l__siunitx_process_uncertainty_int=\count139
\l__siunitx_process_fixed_int=\count140
\l__siunitx_process_integer_min_int=\count141
\l__siunitx_process_precision_int=\count142
\l__siunitx_group_min_int=\count143
\l__siunitx_angle_marker_box=\box44
\l__siunitx_angle_unit_box=\box45
\l__siunitx_angle_marker_dim=\dimen143
\l__siunitx_angle_unit_dim=\dimen144
\l__siunitx_unit_int=\count144
\l__siunitx_unit_denominator_int=\count145
\l__siunitx_unit_numerator_int=\count146
\l__siunitx_unit_prefix_int=\count147
\l__siunitx_unit_prefix_base_int=\count148
\l__siunitx_unit_prefix_gram_int=\count149
\l__siunitx_number_product_int=\count150
\c__siunitx_one_fill_skip=\skip51
\l__siunitx_table_unit_align_skip=\skip52
\l__siunitx_table_exponent_dim=\dimen145
\l__siunitx_table_integer_dim=\dimen146
\l__siunitx_table_mantissa_dim=\dimen147
\l__siunitx_table_marker_dim=\dimen148
\l__siunitx_table_result_dim=\dimen149
\l__siunitx_table_uncert_dim=\dimen150
\l__siunitx_table_fill_pre_dim=\dimen151
\l__siunitx_table_fill_post_dim=\dimen152
\l__siunitx_table_fill_mid_dim=\dimen153
\l__siunitx_table_pre_box=\box46
\l__siunitx_table_post_box=\box47
\l__siunitx_table_mantissa_box=\box48
\l__siunitx_table_result_box=\box49
\l__siunitx_table_number_align_skip=\skip53
\l__siunitx_table_text_align_skip=\skip54
.................................................
. LaTeX info: "xparse/define-command"
. 
. Defining command \DeclareBinaryPrefix with sig. 'mmm' on line 7206.
.................................................
.................................................
. LaTeX info: "xparse/define-command"
. 
. Defining command \DeclareSIPostPower with sig. 'mm' on line 7209.
.................................................
.................................................
. LaTeX info: "xparse/define-command"
. 
. Defining command \DeclareSIPrefix with sig. 'mmm' on line 7212.
.................................................
.................................................
. LaTeX info: "xparse/define-command"
. 
. Defining command \DeclareSIPrePower with sig. 'mm' on line 7215.
.................................................
.................................................
. LaTeX info: "xparse/define-command"
. 
. Defining command \DeclareSIQualifier with sig. 'mm' on line 7218.
.................................................
.................................................
. LaTeX info: "xparse/define-command"
. 
. Defining command \DeclareSIUnit with sig. 'O{}mm' on line 7221.
.................................................
.................................................
. LaTeX info: "xparse/define-command"
. 
. Defining command \DeclareSIUnitWithOptions with sig. 'mmm' on line 7224.
.................................................
.................................................
. LaTeX info: "xparse/define-command"
. 
. Defining command \ang with sig. 'o>{\SplitArgument {2}{;}}m' on line 7239.
.................................................
.................................................
. LaTeX info: "xparse/define-command"
. 
. Defining command \num with sig. 'om' on line 7247.
.................................................
.................................................
. LaTeX info: "xparse/define-command"
. 
. Defining command \numlist with sig. 'o>{\SplitList {;}}m' on line 7255.
.................................................
.................................................
. LaTeX info: "xparse/define-command"
. 
. Defining command \numrange with sig. 'omm' on line 7263.
.................................................
.................................................
. LaTeX info: "xparse/define-command"
. 
. Defining command \SIlist with sig. 'o>{\SplitList {;}}mm' on line 7274.
.................................................
.................................................
. LaTeX info: "xparse/define-command"
. 
. Defining command \SIrange with sig. 'ommm' on line 7285.
.................................................
.................................................
. LaTeX info: "xparse/define-command"
. 
. Defining command \SI with sig. 'omom' on line 7296.
.................................................
.................................................
. LaTeX info: "xparse/define-command"
. 
. Defining command \sisetup with sig. 'm' on line 7299.
.................................................
.................................................
. LaTeX info: "xparse/define-command"
. 
. Defining command \tablenum with sig. 'om' on line 7311.
.................................................
.................................................
. LaTeX info: "xparse/define-command"
. 
. Defining command \si with sig. 'om' on line 7322.
.................................................
.................................................
. LaTeX info: "xparse/define-command"
. 
. Defining command \__siunitx_bookmark_num:w with sig. 'om' on line 7369.
.................................................
.................................................
. LaTeX info: "xparse/define-command"
. 
. Defining command \__siunitx_bookmark_numrange:w with sig. 'omm' on line
. 7371.
.................................................
.................................................
. LaTeX info: "xparse/define-command"
. 
. Defining command \__siunitx_bookmark_SI:w with sig. 'omom' on line 7373.
.................................................
.................................................
. LaTeX info: "xparse/define-command"
. 
. Defining command \__siunitx_bookmark_SIlist:w with sig. 'omm' on line 7375.
.................................................
.................................................
. LaTeX info: "xparse/define-command"
. 
. Defining command \__siunitx_bookmark_SIrange:w with sig. 'ommm' on line
. 7377.
.................................................
.................................................
. LaTeX info: "xparse/define-command"
. 
. Defining command \__siunitx_bookmark_si:w with sig. 'om' on line 7378.
.................................................
\g__file_internal_ior=\read1

("C:\Program Files\MiKTeX 2.9\tex\latex\beamer\base\translator\translator.sty"
Package: translator 2010/06/12 ver 1.10

("C:\Program Files\MiKTeX 2.9\tex\latex\beamer\base\translator\translator-langu
age-mappings.tex")))
("C:\Program Files\MiKTeX 2.9\tex\latex\graphics\graphicx.sty"
Package: graphicx 2014/10/28 v1.0g Enhanced LaTeX Graphics (DPC,SPQR)

("C:\Program Files\MiKTeX 2.9\tex\latex\graphics\graphics.sty"
Package: graphics 2014/10/28 v1.0p Standard LaTeX Graphics (DPC,SPQR)

("C:\Program Files\MiKTeX 2.9\tex\latex\graphics\trig.sty"
Package: trig 1999/03/16 v1.09 sin cos tan (DPC)
)
("C:\Program Files\MiKTeX 2.9\tex\latex\00miktex\graphics.cfg"
File: graphics.cfg 2007/01/18 v1.5 graphics configuration of teTeX/TeXLive
)
Package graphics Info: Driver file: pdftex.def on input line 94.
)
\Gin@req@height=\dimen154
\Gin@req@width=\dimen155
)
("C:\Program Files\MiKTeX 2.9\tex\latex\caption\caption.sty"
Package: caption 2015/09/17 v3.3-111 Customizing captions (AR)

("C:\Program Files\MiKTeX 2.9\tex\latex\caption\caption3.sty"
Package: caption3 2015/09/20 v1.7-115 caption3 kernel (AR)
Package caption3 Info: TeX engine: e-TeX on input line 57.
\captionmargin=\dimen156
\captionmargin@=\dimen157
\captionwidth=\dimen158
\caption@tempdima=\dimen159
\caption@indent=\dimen160
\caption@parindent=\dimen161
\caption@hangindent=\dimen162
)
\c@ContinuedFloat=\count151
Package caption Info: listings package is loaded.
)
("C:\Program Files\MiKTeX 2.9\tex\latex\caption\subcaption.sty"
Package: subcaption 2015/09/15 v1.1-100 Sub-captions (AR)
\c@subfigure=\count152
\c@subtable=\count153
)
("C:\Program Files\MiKTeX 2.9\tex\latex\draftwatermark\draftwatermark.sty"
Package: draftwatermark 2015/02/19 1.2 Put a gray textual watermark on document
 pages

("C:\Program Files\MiKTeX 2.9\tex\latex\everypage\everypage.sty"
Package: everypage 2007/06/20 1.1 Hooks to run on every page
)
\sc@wm@hcenter=\skip55
\sc@wm@vcenter=\skip56
\sc@wm@fontsize=\skip57
)
("C:\Program Files\MiKTeX 2.9\tex\latex\listings\lstlang1.sty"
File: lstlang1.sty 2015/06/04 1.6 listings language file
) (aterrcor.aux

LaTeX Warning: Label `fig:diptiltref' multiply defined.


LaTeX Warning: Label `sub@fig:diptiltref' multiply defined.


LaTeX Warning: Label `fig:diptiltref' multiply defined.


LaTeX Warning: Label `sub@fig:diptiltref' multiply defined.


LaTeX Warning: Label `fig:girdxyrol' multiply defined.


LaTeX Warning: Label `fig:girdxyrol' multiply defined.


LaTeX Warning: Label `fig:girdxyrol' multiply defined.


LaTeX Warning: Label `fig:girdpitch' multiply defined.


LaTeX Warning: Label `fig:orbitcor' multiply defined.

)
LaTeX Font Info:    Checking defaults for OML/cmm/m/it on input line 44.
LaTeX Font Info:    ... okay on input line 44.
LaTeX Font Info:    Checking defaults for T1/cmr/m/n on input line 44.
LaTeX Font Info:    ... okay on input line 44.
LaTeX Font Info:    Checking defaults for OT1/cmr/m/n on input line 44.
LaTeX Font Info:    ... okay on input line 44.
LaTeX Font Info:    Checking defaults for OMS/cmsy/m/n on input line 44.
LaTeX Font Info:    ... okay on input line 44.
LaTeX Font Info:    Checking defaults for OMX/cmex/m/n on input line 44.
LaTeX Font Info:    ... okay on input line 44.
LaTeX Font Info:    Checking defaults for U/cmr/m/n on input line 44.
LaTeX Font Info:    ... okay on input line 44.

isodate: babel.sty has been loaded
\c@lstlisting=\count154
("C:\Program Files\MiKTeX 2.9\tex\context\base\supp-pdf.mkii"
[Loading MPS to PDF converter (version 2006.09.02).]
\scratchcounter=\count155
\scratchdimen=\dimen163
\scratchbox=\box50
\nofMPsegments=\count156
\nofMParguments=\count157
\everyMPshowfont=\toks20
\MPscratchCnt=\count158
\MPscratchDim=\dimen164
\MPnumerator=\count159
\makeMPintoPDFobject=\count160
\everyMPtoPDFconversion=\toks21
)
Now handling font encoding TS1 ...
... processing UTF-8 mapping file for font encoding TS1
 ("C:\Program Files\MiKTeX 2.9\tex\latex\base\ts1enc.dfu"
File: ts1enc.dfu 2015/06/27 v1.1n UTF-8 support for inputenc
   defining Unicode char U+00A2 (decimal 162)
   defining Unicode char U+00A3 (decimal 163)
   defining Unicode char U+00A4 (decimal 164)
   defining Unicode char U+00A5 (decimal 165)
   defining Unicode char U+00A6 (decimal 166)
   defining Unicode char U+00A7 (decimal 167)
   defining Unicode char U+00A8 (decimal 168)
   defining Unicode char U+00A9 (decimal 169)
   defining Unicode char U+00AA (decimal 170)
   defining Unicode char U+00AC (decimal 172)
   defining Unicode char U+00AE (decimal 174)
   defining Unicode char U+00AF (decimal 175)
   defining Unicode char U+00B0 (decimal 176)
   defining Unicode char U+00B1 (decimal 177)
   defining Unicode char U+00B2 (decimal 178)
   defining Unicode char U+00B3 (decimal 179)
   defining Unicode char U+00B4 (decimal 180)
   defining Unicode char U+00B5 (decimal 181)
   defining Unicode char U+00B6 (decimal 182)
   defining Unicode char U+00B7 (decimal 183)
   defining Unicode char U+00B9 (decimal 185)
   defining Unicode char U+00BA (decimal 186)
   defining Unicode char U+00BC (decimal 188)
   defining Unicode char U+00BD (decimal 189)
   defining Unicode char U+00BE (decimal 190)
   defining Unicode char U+00D7 (decimal 215)
   defining Unicode char U+00F7 (decimal 247)
   defining Unicode char U+0192 (decimal 402)
   defining Unicode char U+02C7 (decimal 711)
   defining Unicode char U+02D8 (decimal 728)
   defining Unicode char U+02DD (decimal 733)
   defining Unicode char U+0E3F (decimal 3647)
   defining Unicode char U+2016 (decimal 8214)
   defining Unicode char U+2020 (decimal 8224)
   defining Unicode char U+2021 (decimal 8225)
   defining Unicode char U+2022 (decimal 8226)
   defining Unicode char U+2030 (decimal 8240)
   defining Unicode char U+2031 (decimal 8241)
   defining Unicode char U+203B (decimal 8251)
   defining Unicode char U+203D (decimal 8253)
   defining Unicode char U+2044 (decimal 8260)
   defining Unicode char U+204E (decimal 8270)
   defining Unicode char U+2052 (decimal 8274)
   defining Unicode char U+20A1 (decimal 8353)
   defining Unicode char U+20A4 (decimal 8356)
   defining Unicode char U+20A6 (decimal 8358)
   defining Unicode char U+20A9 (decimal 8361)
   defining Unicode char U+20AB (decimal 8363)
   defining Unicode char U+20AC (decimal 8364)
   defining Unicode char U+20B1 (decimal 8369)
   defining Unicode char U+2103 (decimal 8451)
   defining Unicode char U+2116 (decimal 8470)
   defining Unicode char U+2117 (decimal 8471)
   defining Unicode char U+211E (decimal 8478)
   defining Unicode char U+2120 (decimal 8480)
   defining Unicode char U+2122 (decimal 8482)
   defining Unicode char U+2126 (decimal 8486)
   defining Unicode char U+2127 (decimal 8487)
   defining Unicode char U+212E (decimal 8494)
   defining Unicode char U+2190 (decimal 8592)
   defining Unicode char U+2191 (decimal 8593)
   defining Unicode char U+2192 (decimal 8594)
   defining Unicode char U+2193 (decimal 8595)
   defining Unicode char U+2329 (decimal 9001)
   defining Unicode char U+232A (decimal 9002)
   defining Unicode char U+2422 (decimal 9250)
   defining Unicode char U+25E6 (decimal 9702)
   defining Unicode char U+25EF (decimal 9711)
   defining Unicode char U+266A (decimal 9834)
)
("C:\Program Files\MiKTeX 2.9\tex\latex\beamer\base\translator\dicts\translator
-basic-dictionary\translator-basic-dictionary-English.dict"
Dictionary: translator-basic-dictionary, Language: English 
)
("C:\Program Files\MiKTeX 2.9\tex\latex\siunitx\siunitx-abbreviations.cfg"
File: siunitx-abbreviations.cfg 2015/09/14 v2.6l siunitx: Abbreviated units
)
Package caption Info: Begin \AtBeginDocument code.
Package caption Info: End \AtBeginDocument code.
\c__siunitx_mathsf_int=\count161
LaTeX Font Info:    External font `cmex10' loaded for size
(Font)              <7> on input line 44.
LaTeX Font Info:    External font `cmex10' loaded for size
(Font)              <5> on input line 44.
\c__siunitx_mathtt_int=\count162
LaTeX Font Info:    External font `cmex10' loaded for size
(Font)              <12> on input line 45.
LaTeX Font Info:    External font `cmex10' loaded for size
(Font)              <8> on input line 45.
LaTeX Font Info:    External font `cmex10' loaded for size
(Font)              <6> on input line 45.

(aterrcor.toc)
\tf@toc=\write3


LaTeX Font Warning: Font shape `OT1/cmr/m/n' in size <142.26378> not available
(Font)              size <24.88> substituted on input line 48.

[1{C:/Users/liuzzo/AppData/Local/MiKTeX/2.9/pdftex/config/pdftex.map}

]
(errors.tex [1] ("C:\Program Files\MiKTeX 2.9\tex\latex\listings\lstlang1.sty"
File: lstlang1.sty 2015/06/04 1.6 listings language file
) ("C:\Program Files\MiKTeX 2.9\tex\latex\listings\lstmisc.sty"
File: lstmisc.sty 2015/06/04 1.6 (Carsten Heinz)
) [2

]
Overfull \hbox (16.29895pt too wide) in paragraph at lines 46--48
\OT1/cmr/m/n/10 Below an ex-am-ple of us-age of \OT1/cmr/m/it/10 at-set-shift \
OT1/cmr/m/n/10 to dis-place a group of mag-nets (Quadrupoles,
 []


<C:/Users/liuzzo/Desktop/LatexDocuments/ATErrorAndCorrection/images/DxDy/SetErr
DxDy.jpg, id=18, 2337.73375pt x 1032.85875pt>
File: C:/Users/liuzzo/Desktop/LatexDocuments/ATErrorAndCorrection/images/DxDy/S
etErrDxDy.jpg Graphic file (type jpg)

<use C:/Users/liuzzo/Desktop/LatexDocuments/ATErrorAndCorrection/images/DxDy/Se
tErrDxDy.jpg>
Package pdftex.def Info: C:/Users/liuzzo/Desktop/LatexDocuments/ATErrorAndCorre
ction/images/DxDy/SetErrDxDy.jpg used on input line 63.
(pdftex.def)             Requested size: 241.49895pt x 106.6961pt.

<C:/Users/liuzzo/Desktop/LatexDocuments/ATErrorAndCorrection/images/DxDy/OrbitW
ithErr.jpg, id=19, 2300.595pt x 1085.05376pt>
File: C:/Users/liuzzo/Desktop/LatexDocuments/ATErrorAndCorrection/images/DxDy/O
rbitWithErr.jpg Graphic file (type jpg)

<use C:/Users/liuzzo/Desktop/LatexDocuments/ATErrorAndCorrection/images/DxDy/Or
bitWithErr.jpg>
Package pdftex.def Info: C:/Users/liuzzo/Desktop/LatexDocuments/ATErrorAndCorre
ction/images/DxDy/OrbitWithErr.jpg used on input line 64.
(pdftex.def)             Requested size: 241.49895pt x 113.89261pt.
LaTeX Font Info:    Try loading font information for TS1+cmr on input line 65.
 ("C:\Program Files\MiKTeX 2.9\tex\latex\base\ts1cmr.fd"
File: ts1cmr.fd 2014/09/29 v2.5h Standard LaTeX font definitions
)
[3

 <C:/Users/liuzzo/Desktop/LatexDocuments/ATErrorAndCorrection/images/DxDy/SetEr
rDxDy.jpg> <C:/Users/liuzzo/Desktop/LatexDocuments/ATErrorAndCorrection/images/
DxDy/OrbitWithErr.jpg>]
<./images/TILT/SetErrTilt.jpg, id=25, 2178.1375pt x 1067.99pt>
File: ./images/TILT/SetErrTilt.jpg Graphic file (type jpg)

<use ./images/TILT/SetErrTilt.jpg>
Package pdftex.def Info: ./images/TILT/SetErrTilt.jpg used on input line 86.
(pdftex.def)             Requested size: 338.09853pt x 165.76488pt.

<./images/TILT/OrbitWithErrTilt.jpg, id=26, 2380.895pt x 1084.05pt>
File: ./images/TILT/OrbitWithErrTilt.jpg Graphic file (type jpg)

<use ./images/TILT/OrbitWithErrTilt.jpg>
Package pdftex.def Info: ./images/TILT/OrbitWithErrTilt.jpg used on input line 
87.
(pdftex.def)             Requested size: 338.09853pt x 153.93286pt.
 [4

 <./images/TILT/SetErrTilt.jpg> <./images/TILT/OrbitWithErrTilt.jpg>]

LaTeX Warning: Reference `atsettiltdipole' on page 5 undefined on input line 96
.

<./images/TILT/OrbitDispCorTiltVar.jpg, id=30, 2340.745pt x 1081.03876pt>
File: ./images/TILT/OrbitDispCorTiltVar.jpg Graphic file (type jpg)

<use ./images/TILT/OrbitDispCorTiltVar.jpg>
Package pdftex.def Info: ./images/TILT/OrbitDispCorTiltVar.jpg used on input li
ne 101.
(pdftex.def)             Requested size: 338.09853pt x 156.14452pt.

<./images/TILT/OrbitDispDipTiltVar.jpg, id=31, 2340.745pt x 1081.03876pt>
File: ./images/TILT/OrbitDispDipTiltVar.jpg Graphic file (type jpg)

<use ./images/TILT/OrbitDispDipTiltVar.jpg>
Package pdftex.def Info: ./images/TILT/OrbitDispDipTiltVar.jpg used on input li
ne 107.
(pdftex.def)             Requested size: 338.09853pt x 156.14452pt.

<./images/TILT/OrbitDispDipTiltVarRef.jpg, id=32, 2340.745pt x 1081.03876pt>
File: ./images/TILT/OrbitDispDipTiltVarRef.jpg Graphic file (type jpg)

<use ./images/TILT/OrbitDispDipTiltVarRef.jpg>
Package pdftex.def Info: ./images/TILT/OrbitDispDipTiltVarRef.jpg used on input
 line 113.
(pdftex.def)             Requested size: 338.09853pt x 156.14452pt.
 [5

] [6 <./images/TILT/OrbitDispCorTiltVar.jpg> <./images/TILT/OrbitDispDipTiltVar
.jpg> <./images/TILT/OrbitDispDipTiltVarRef.jpg>] [7

]
<./images/LongitudinalDisplacement/DipoleDS.png, id=45, 229.3368pt x 337.7418pt
>
File: ./images/LongitudinalDisplacement/DipoleDS.png Graphic file (type png)
 <use ./images/LongitudinalDisplacement/DipoleDS.png>
Package pdftex.def Info: ./images/LongitudinalDisplacement/DipoleDS.png used on
 input line 150.
(pdftex.def)             Requested size: 131.10168pt x 193.07655pt.

<./images/LongitudinalDisplacement/DeltaSQuadZoom.jpg, id=47, 3238.0975pt x 961
.5925pt>
File: ./images/LongitudinalDisplacement/DeltaSQuadZoom.jpg Graphic file (type j
pg)
 <use ./images/LongitudinalDisplacement/DeltaSQuadZoom.jpg>
Package pdftex.def Info: ./images/LongitudinalDisplacement/DeltaSQuadZoom.jpg u
sed on input line 158.
(pdftex.def)             Requested size: 338.09853pt x 100.39061pt.

<./images/LongitudinalDisplacement/DeltaSDipZoom.jpg, id=48, 3238.0975pt x 961.
5925pt>
File: ./images/LongitudinalDisplacement/DeltaSDipZoom.jpg Graphic file (type jp
g)
 <use ./images/LongitudinalDisplacement/DeltaSDipZoom.jpg>
Package pdftex.def Info: ./images/LongitudinalDisplacement/DeltaSDipZoom.jpg us
ed on input line 164.
(pdftex.def)             Requested size: 338.09853pt x 100.39061pt.
LaTeX Font Info:    Try loading font information for OMS+cmr on input line 175.


("C:\Program Files\MiKTeX 2.9\tex\latex\base\omscmr.fd"
File: omscmr.fd 2014/09/29 v2.5h Standard LaTeX font definitions
)
LaTeX Font Info:    Font shape `OMS/cmr/m/n' in size <10> not available
(Font)              Font shape `OMS/cmsy/m/n' tried instead on input line 175.

! Missing $ inserted.
<inserted text> 
                $
l.178 	\item atset_
                   s_shift
I've inserted a begin-math/end-math symbol since I think
you left one out. Proceed, with fingers crossed.

! Double subscript.
l.178 	\item atset_s_
                     shift
I treat `x_1_2' essentially like `x_1{}_2'.


! LaTeX Error: Command \end{itemize} invalid in math mode.

See the LaTeX manual or LaTeX Companion for explanation.
Type  H <return>  for immediate help.
 ...                                              
                                                  
l.179 \end{itemize}
                   
Try typing  <return>  to proceed.
If that doesn't work, type  X <return>  to quit.


! LaTeX Error: Something's wrong--perhaps a missing \item.

See the LaTeX manual or LaTeX Companion for explanation.
Type  H <return>  for immediate help.
 ...                                              
                                                  
l.179 \end{itemize}
                   
Try typing  <return>  to proceed.
If that doesn't work, type  X <return>  to quit.


! LaTeX Error: Something's wrong--perhaps a missing \item.

See the LaTeX manual or LaTeX Companion for explanation.
Type  H <return>  for immediate help.
 ...                                              
                                                  
l.179 \end{itemize}
                   
Try typing  <return>  to proceed.
If that doesn't work, type  X <return>  to quit.

! Missing $ inserted.
<inserted text> 
                $
l.179 \end{itemize}
                   
I've inserted something that you may have forgotten.
(See the <inserted text> above.)
With luck, this will get me unwedged. But if you
really didn't forget anything, try typing `2' now; then
my insertion and my current dilemma will both disappear.

[8

 <./images/LongitudinalDisplacement/DipoleDS.png>] [9 <./images/LongitudinalDis
placement/DeltaSQuadZoom.jpg> <./images/LongitudinalDisplacement/DeltaSDipZoom.
jpg>] [10

]
<./images/BPM/OrbitBPMAllErrX.jpg, id=61, 3171.85pt x 1026.83624pt>
File: ./images/BPM/OrbitBPMAllErrX.jpg Graphic file (type jpg)

<use ./images/BPM/OrbitBPMAllErrX.jpg>
Package pdftex.def Info: ./images/BPM/OrbitBPMAllErrX.jpg used on input line 26
8.
(pdftex.def)             Requested size: 338.09853pt x 109.44264pt.

<./images/BPM/OrbitBPMAllErrY.jpg, id=62, 3171.85pt x 1026.83624pt>
File: ./images/BPM/OrbitBPMAllErrY.jpg Graphic file (type jpg)

<use ./images/BPM/OrbitBPMAllErrY.jpg>
Package pdftex.def Info: ./images/BPM/OrbitBPMAllErrY.jpg used on input line 26
9.
(pdftex.def)             Requested size: 338.09853pt x 109.44264pt.

Underfull \hbox (badness 10000) in paragraph at lines 268--270
[][]
 []

<./images/BPM/OrbitBPMAllErratplot.jpg, id=63, 3201.9625pt x 1081.03876pt>
File: ./images/BPM/OrbitBPMAllErratplot.jpg Graphic file (type jpg)

<use ./images/BPM/OrbitBPMAllErratplot.jpg>
Package pdftex.def Info: ./images/BPM/OrbitBPMAllErratplot.jpg used on input li
ne 274.
(pdftex.def)             Requested size: 338.09853pt x 114.14748pt.


LaTeX Warning: `!h' float specifier changed to `!ht'.

[11] [12 <./images/BPM/OrbitBPMAllErrX.jpg> <./images/BPM/OrbitBPMAllErrY.jpg> 
<./images/BPM/OrbitBPMAllErratplot.jpg>]
<./images/LargeList/LargeList.jpg, id=71, 3337.46875pt x 1030.85126pt>
File: ./images/LargeList/LargeList.jpg Graphic file (type jpg)

<use ./images/LargeList/LargeList.jpg>
Package pdftex.def Info: ./images/LargeList/LargeList.jpg used on input line 33
3.
(pdftex.def)             Requested size: 338.09853pt x 104.42816pt.


LaTeX Warning: `!h' float specifier changed to `!ht'.

[13

] [14 <./images/LargeList/LargeList.jpg>]
<./images/GIRDERS/GirderErrorsPitch.jpg, id=78, 3269.21375pt x 1030.85126pt>
File: ./images/GIRDERS/GirderErrorsPitch.jpg Graphic file (type jpg)

<use ./images/GIRDERS/GirderErrorsPitch.jpg>
Package pdftex.def Info: ./images/GIRDERS/GirderErrorsPitch.jpg used on input l
ine 381.
(pdftex.def)             Requested size: 338.09853pt x 106.59883pt.

<./images/GIRDERS/GirderErrorsXYRoll.jpg, id=79, 3256.165pt x 1030.85126pt>
File: ./images/GIRDERS/GirderErrorsXYRoll.jpg Graphic file (type jpg)

<use ./images/GIRDERS/GirderErrorsXYRoll.jpg>
Package pdftex.def Info: ./images/GIRDERS/GirderErrorsXYRoll.jpg used on input 
line 388.
(pdftex.def)             Requested size: 338.09853pt x 107.02353pt.


LaTeX Warning: `!h' float specifier changed to `!ht'.

[15

 <./images/GIRDERS/GirderErrorsPitch.jpg>] [16 <./images/GIRDERS/GirderErrorsXY
Roll.jpg>]
<./images/Survey/SurveyErrors.jpg, id=86, 3283.26625pt x 1030.85126pt>
File: ./images/Survey/SurveyErrors.jpg Graphic file (type jpg)

<use ./images/Survey/SurveyErrors.jpg>
Package pdftex.def Info: ./images/Survey/SurveyErrors.jpg used on input line 40
2.
(pdftex.def)             Requested size: 338.09853pt x 106.14268pt.
 [17

 <./images/Survey/SurveyErrors.jpg>]
<./images/Wave/Wave.jpg, id=90, 3310.3675pt x 1030.85126pt>
File: ./images/Wave/Wave.jpg Graphic file (type jpg)

<use ./images/Wave/Wave.jpg>
Package pdftex.def Info: ./images/Wave/Wave.jpg used on input line 460.
(pdftex.def)             Requested size: 338.09853pt x 105.27756pt.
 [18 <./images/Wave/Wave.jpg>]
<./images/FieldIntegral/FieldIntegral.jpg, id=95, 3184.89874pt x 1026.83624pt>
File: ./images/FieldIntegral/FieldIntegral.jpg Graphic file (type jpg)

<use ./images/FieldIntegral/FieldIntegral.jpg>
Package pdftex.def Info: ./images/FieldIntegral/FieldIntegral.jpg used on input
 line 488.
(pdftex.def)             Requested size: 338.09853pt x 109.00394pt.
 [19

 <./images/FieldIntegral/FieldIntegral.jpg>] [20

] [21

]) (corrections.tex [22

]
Overfull \hbox (5.53777pt too wide) in paragraph at lines 20--21
[]\OT1/cmr/m/it/10 atRDTdispersioncorrection \OT1/cmr/m/n/10 : cor-rect RDT and
 dis-per-sion us-ing quadrupoles 
 []

[23

] [24

] [25

] [26

] [27

]
<./images/corrections/OrbitCor.jpg, id=126, 1590.94376pt x 1245.65375pt>
File: ./images/corrections/OrbitCor.jpg Graphic file (type jpg)

<use ./images/corrections/OrbitCor.jpg>
Package pdftex.def Info: ./images/corrections/OrbitCor.jpg used on input line 1
84.
(pdftex.def)             Requested size: 338.09853pt x 264.71217pt.


LaTeX Warning: `!h' float specifier changed to `!ht'.

[28

] [29 <./images/corrections/OrbitCor.jpg>]

LaTeX Warning: Reference `' on page 30 undefined on input line 193.

<./images/corrections/CODbump.jpg, id=133, 528.97626pt x 415.5525pt>
File: ./images/corrections/CODbump.jpg Graphic file (type jpg)

<use ./images/corrections/CODbump.jpg>
Package pdftex.def Info: ./images/corrections/CODbump.jpg used on input line 22
6.
(pdftex.def)             Requested size: 172.5pt x 135.50949pt.
 [30

 <./images/corrections/CODbump.jpg>]
<./images/corrections/DispCor.jpg, id=138, 1618.045pt x 1208.515pt>
File: ./images/corrections/DispCor.jpg Graphic file (type jpg)

<use ./images/corrections/DispCor.jpg>
Package pdftex.def Info: ./images/corrections/DispCor.jpg used on input line 27
4.
(pdftex.def)             Requested size: 338.09853pt x 252.52325pt.


LaTeX Warning: `!h' float specifier changed to `!ht'.

[31] [32 <./images/corrections/DispCor.jpg>]
<./images/corrections/DFS/OrbCor.jpg, id=145, 1590.94376pt x 1245.65375pt>
File: ./images/corrections/DFS/OrbCor.jpg Graphic file (type jpg)

<use ./images/corrections/DFS/OrbCor.jpg>
Package pdftex.def Info: ./images/corrections/DFS/OrbCor.jpg used on input line
 305.
(pdftex.def)             Requested size: 155.24895pt x 121.55054pt.

<./images/corrections/DFS/DispCor.jpg, id=146, 1645.14626pt x 1208.515pt>
File: ./images/corrections/DFS/DispCor.jpg Graphic file (type jpg)

<use ./images/corrections/DFS/DispCor.jpg>
Package pdftex.def Info: ./images/corrections/DFS/DispCor.jpg used on input lin
e 306.
(pdftex.def)             Requested size: 155.24895pt x 114.03561pt.

<./images/corrections/DFS/OrbCorNoDisp.jpg, id=147, 1590.94376pt x 1245.65375pt
>
File: ./images/corrections/DFS/OrbCorNoDisp.jpg Graphic file (type jpg)
 <use ./images/corrections/DFS/OrbCorNoDisp.jpg>
Package pdftex.def Info: ./images/corrections/DFS/OrbCorNoDisp.jpg used on inpu
t line 307.
(pdftex.def)             Requested size: 155.24895pt x 121.55054pt.

<./images/corrections/DFS/DispCorNoDisp.jpg, id=148, 1645.14626pt x 1208.515pt>
File: ./images/corrections/DFS/DispCorNoDisp.jpg Graphic file (type jpg)
<use ./images/corrections/DFS/DispCorNoDisp.jpg>
Package pdftex.def Info: ./images/corrections/DFS/DispCorNoDisp.jpg used on inp
ut line 308.
(pdftex.def)             Requested size: 155.24895pt x 114.03561pt.
 [33

 <./images/corrections/DFS/OrbCor.jpg> <./images/corrections/DFS/DispCor.jpg> <
./images/corrections/DFS/OrbCorNoDisp.jpg> <./images/corrections/DFS/DispCorNoD
isp.jpg>]
Overfull \hbox (0.87766pt too wide) in paragraph at lines 317--318
[]\OT1/cmr/m/it/10 atQuadRDTdispersioncorrection\OT1/cmr/m/n/10 : nor-mal quadr
upole RDT, dis-per-sion and
 []


<./images/corrections/RDT/RDTdispCor0p80_0p10_0p80_.jpg, id=152, 537.00626pt x 
373.395pt>
File: ./images/corrections/RDT/RDTdispCor0p80_0p10_0p80_.jpg Graphic file (type
 jpg)
 <use ./images/corrections/RDT/RDTdispCor0p80_0p10_0p80_.jpg>
Package pdftex.def Info: ./images/corrections/RDT/RDTdispCor0p80_0p10_0p80_.jpg
 used on input line 349.
(pdftex.def)             Requested size: 327.74895pt x 227.89026pt.


LaTeX Warning: `!h' float specifier changed to `!ht'.


<./images/corrections/RDT/RDTdispCor0p00_0p00_0p00_.jpg, id=153, 537.00626pt x 
380.42125pt>
File: ./images/corrections/RDT/RDTdispCor0p00_0p00_0p00_.jpg Graphic file (type
 jpg)
 <use ./images/corrections/RDT/RDTdispCor0p00_0p00_0p00_.jpg>
Package pdftex.def Info: ./images/corrections/RDT/RDTdispCor0p00_0p00_0p00_.jpg
 used on input line 356.
(pdftex.def)             Requested size: 327.74895pt x 232.17851pt.


LaTeX Warning: `!h' float specifier changed to `!ht'.

[34]
Overfull \vbox (11.38815pt too high) has occurred while \output is active []


[35 <./images/corrections/RDT/RDTdispCor0p80_0p10_0p80_.jpg> <./images/correcti
ons/RDT/RDTdispCor0p00_0p00_0p00_.jpg>]
<./images/corrections/TrajCor.jpg, id=160, 1577.895pt x 1245.65375pt>
File: ./images/corrections/TrajCor.jpg Graphic file (type jpg)

<use ./images/corrections/TrajCor.jpg>
Package pdftex.def Info: ./images/corrections/TrajCor.jpg used on input line 40
5.
(pdftex.def)             Requested size: 327.74895pt x 258.72493pt.


LaTeX Warning: `!h' float specifier changed to `!ht'.

[36] [37 <./images/corrections/TrajCor.jpg>] [38]) [39] (aterrcor.aux)

LaTeX Font Warning: Size substitutions with differences
(Font)              up to 117.38377pt have occurred.


LaTeX Warning: There were undefined references.


LaTeX Warning: There were multiply-defined labels.

 ) 
Here is how much of TeX's memory you used:
 15677 strings out of 493673
 301430 string characters out of 3143957
 366785 words of memory out of 3000000
 18861 multiletter control sequences out of 15000+200000
 13185 words of font info for 48 fonts, out of 3000000 for 9000
 1025 hyphenation exceptions out of 8191
 38i,13n,56p,10380b,1710s stack positions out of 5000i,500n,10000p,200000b,50000s
 <C:\Users\liuzzo\AppData\Local\MiKTeX\2.9\fonts\pk\ljfour\jknappen\ec\dpi600
\tcrm1000.pk><C:/Program Files/MiKTeX 2.9/fonts/type1/public/amsfonts/cm/cmbx10
.pfb><C:/Program Files/MiKTeX 2.9/fonts/type1/public/amsfonts/cm/cmbx12.pfb><C:
/Program Files/MiKTeX 2.9/fonts/type1/public/amsfonts/cm/cmmi10.pfb><C:/Program
 Files/MiKTeX 2.9/fonts/type1/public/amsfonts/cm/cmmi7.pfb><C:/Program Files/Mi
KTeX 2.9/fonts/type1/public/amsfonts/cm/cmr10.pfb><C:/Program Files/MiKTeX 2.9/
fonts/type1/public/amsfonts/cm/cmr12.pfb><C:/Program Files/MiKTeX 2.9/fonts/typ
e1/public/amsfonts/cm/cmr17.pfb><C:/Program Files/MiKTeX 2.9/fonts/type1/public
/amsfonts/cm/cmr7.pfb><C:/Program Files/MiKTeX 2.9/fonts/type1/public/amsfonts/
cm/cmr9.pfb><C:/Program Files/MiKTeX 2.9/fonts/type1/public/amsfonts/cm/cmsy10.
pfb><C:/Program Files/MiKTeX 2.9/fonts/type1/public/amsfonts/cm/cmsy7.pfb><C:/P
rogram Files/MiKTeX 2.9/fonts/type1/public/amsfonts/cm/cmti10.pfb><C:/Program F
iles/MiKTeX 2.9/fonts/type1/public/amsfonts/cm/cmti9.pfb><C:/Program Files/MiKT
eX 2.9/fonts/type1/public/amsfonts/cm/cmtt9.pfb>
Output written on aterrcor.pdf (40 pages, 10203811 bytes).
PDF statistics:
 224 PDF objects out of 1000 (max. 8388607)
 0 named destinations out of 1000 (max. 500000)
 146 words of extra memory for PDF output out of 10000 (max. 10000000)

