\BOOKMARK [0][-]{chapter.1}{\376\377\0001\000\040\000I\000n\000s\000t\000a\000l\000l\000a\000t\000i\000o\000n}{}% 1
\BOOKMARK [1][-]{section.1.1}{\376\377\0001\000.\0001\000\040\000O\000n\000l\000i\000n\000e\000\040\000d\000o\000c\000u\000m\000e\000n\000t\000a\000t\000i\000o\000n}{chapter.1}% 2
\BOOKMARK [0][-]{chapter.2}{\376\377\0002\000\040\000N\000a\000m\000e\000s\000p\000a\000c\000e\000\040\000I\000n\000d\000e\000x}{}% 3
\BOOKMARK [1][-]{section.2.1}{\376\377\0002\000.\0001\000\040\000N\000a\000m\000e\000s\000p\000a\000c\000e\000\040\000L\000i\000s\000t}{chapter.2}% 4
\BOOKMARK [0][-]{chapter.3}{\376\377\0003\000\040\000H\000i\000e\000r\000a\000r\000c\000h\000i\000c\000a\000l\000\040\000I\000n\000d\000e\000x}{}% 5
\BOOKMARK [1][-]{section.3.1}{\376\377\0003\000.\0001\000\040\000C\000l\000a\000s\000s\000\040\000H\000i\000e\000r\000a\000r\000c\000h\000y}{chapter.3}% 6
\BOOKMARK [0][-]{chapter.4}{\376\377\0004\000\040\000C\000l\000a\000s\000s\000\040\000I\000n\000d\000e\000x}{}% 7
\BOOKMARK [1][-]{section.4.1}{\376\377\0004\000.\0001\000\040\000C\000l\000a\000s\000s\000\040\000L\000i\000s\000t}{chapter.4}% 8
\BOOKMARK [0][-]{chapter.5}{\376\377\0005\000\040\000N\000a\000m\000e\000s\000p\000a\000c\000e\000\040\000D\000o\000c\000u\000m\000e\000n\000t\000a\000t\000i\000o\000n}{}% 9
\BOOKMARK [1][-]{section.5.1}{\376\377\0005\000.\0001\000\040\000a\000t\000\040\000N\000a\000m\000e\000s\000p\000a\000c\000e\000\040\000R\000e\000f\000e\000r\000e\000n\000c\000e}{chapter.5}% 10
\BOOKMARK [2][-]{subsection.5.1.1}{\376\377\0005\000.\0001\000.\0001\000\040\000D\000e\000t\000a\000i\000l\000e\000d\000\040\000D\000e\000s\000c\000r\000i\000p\000t\000i\000o\000n}{section.5.1}% 11
\BOOKMARK [1][-]{section.5.2}{\376\377\0005\000.\0002\000\040\000a\000t\000.\000c\000o\000l\000l\000e\000c\000t\000i\000v\000e\000\040\000N\000a\000m\000e\000s\000p\000a\000c\000e\000\040\000R\000e\000f\000e\000r\000e\000n\000c\000e}{chapter.5}% 12
\BOOKMARK [2][-]{subsection.5.2.1}{\376\377\0005\000.\0002\000.\0001\000\040\000D\000e\000t\000a\000i\000l\000e\000d\000\040\000D\000e\000s\000c\000r\000i\000p\000t\000i\000o\000n}{section.5.2}% 13
\BOOKMARK [1][-]{section.5.3}{\376\377\0005\000.\0003\000\040\000a\000t\000.\000c\000o\000l\000l\000e\000c\000t\000i\000v\000e\000.\000w\000a\000k\000e\000\137\000f\000u\000n\000c\000t\000i\000o\000n\000s\000\040\000N\000a\000m\000e\000s\000p\000a\000c\000e\000\040\000R\000e\000f\000e\000r\000e\000n\000c\000e}{chapter.5}% 14
\BOOKMARK [2][-]{subsection.5.3.1}{\376\377\0005\000.\0003\000.\0001\000\040\000D\000e\000t\000a\000i\000l\000e\000d\000\040\000D\000e\000s\000c\000r\000i\000p\000t\000i\000o\000n}{section.5.3}% 15
\BOOKMARK [2][-]{subsection.5.3.2}{\376\377\0005\000.\0003\000.\0002\000\040\000F\000u\000n\000c\000t\000i\000o\000n\000\040\000D\000o\000c\000u\000m\000e\000n\000t\000a\000t\000i\000o\000n}{section.5.3}% 16
\BOOKMARK [3][-]{subsubsection.5.3.2.1}{\376\377\0005\000.\0003\000.\0002\000.\0001\000\040\000c\000o\000n\000v\000o\000l\000v\000e\000\137\000w\000a\000k\000e\000f\000u\000n\000\050\000\051}{subsection.5.3.2}% 17
\BOOKMARK [3][-]{subsubsection.5.3.2.2}{\376\377\0005\000.\0003\000.\0002\000.\0002\000\040\000l\000o\000n\000g\000\137\000r\000e\000s\000o\000n\000a\000t\000o\000r\000\137\000w\000f\000\050\000\051}{subsection.5.3.2}% 18
\BOOKMARK [3][-]{subsubsection.5.3.2.3}{\376\377\0005\000.\0003\000.\0002\000.\0003\000\040\000t\000r\000a\000n\000s\000v\000e\000r\000s\000e\000\137\000r\000e\000s\000o\000n\000a\000t\000o\000r\000\137\000w\000f\000\050\000\051}{subsection.5.3.2}% 19
\BOOKMARK [3][-]{subsubsection.5.3.2.4}{\376\377\0005\000.\0003\000.\0002\000.\0004\000\040\000t\000r\000a\000n\000s\000v\000e\000r\000s\000e\000\137\000r\000e\000s\000w\000a\000l\000l\000\137\000w\000f\000\050\000\051}{subsection.5.3.2}% 20
\BOOKMARK [1][-]{section.5.4}{\376\377\0005\000.\0004\000\040\000a\000t\000.\000c\000o\000l\000l\000e\000c\000t\000i\000v\000e\000.\000w\000a\000k\000e\000\137\000o\000b\000j\000e\000c\000t\000\040\000N\000a\000m\000e\000s\000p\000a\000c\000e\000\040\000R\000e\000f\000e\000r\000e\000n\000c\000e}{chapter.5}% 21
\BOOKMARK [2][-]{subsection.5.4.1}{\376\377\0005\000.\0004\000.\0001\000\040\000D\000e\000t\000a\000i\000l\000e\000d\000\040\000D\000e\000s\000c\000r\000i\000p\000t\000i\000o\000n}{section.5.4}% 22
\BOOKMARK [1][-]{section.5.5}{\376\377\0005\000.\0005\000\040\000a\000t\000.\000i\000n\000t\000e\000g\000r\000a\000t\000o\000r\000s\000\040\000N\000a\000m\000e\000s\000p\000a\000c\000e\000\040\000R\000e\000f\000e\000r\000e\000n\000c\000e}{chapter.5}% 23
\BOOKMARK [2][-]{subsection.5.5.1}{\376\377\0005\000.\0005\000.\0001\000\040\000D\000e\000t\000a\000i\000l\000e\000d\000\040\000D\000e\000s\000c\000r\000i\000p\000t\000i\000o\000n}{section.5.5}% 24
\BOOKMARK [1][-]{section.5.6}{\376\377\0005\000.\0006\000\040\000a\000t\000.\000l\000a\000t\000t\000i\000c\000e\000\040\000N\000a\000m\000e\000s\000p\000a\000c\000e\000\040\000R\000e\000f\000e\000r\000e\000n\000c\000e}{chapter.5}% 25
\BOOKMARK [2][-]{subsection.5.6.1}{\376\377\0005\000.\0006\000.\0001\000\040\000D\000e\000t\000a\000i\000l\000e\000d\000\040\000D\000e\000s\000c\000r\000i\000p\000t\000i\000o\000n}{section.5.6}% 26
\BOOKMARK [1][-]{section.5.7}{\376\377\0005\000.\0007\000\040\000a\000t\000.\000l\000a\000t\000t\000i\000c\000e\000.\000e\000l\000e\000m\000e\000n\000t\000s\000\040\000N\000a\000m\000e\000s\000p\000a\000c\000e\000\040\000R\000e\000f\000e\000r\000e\000n\000c\000e}{chapter.5}% 27
\BOOKMARK [2][-]{subsection.5.7.1}{\376\377\0005\000.\0007\000.\0001\000\040\000D\000e\000t\000a\000i\000l\000e\000d\000\040\000D\000e\000s\000c\000r\000i\000p\000t\000i\000o\000n}{section.5.7}% 28
\BOOKMARK [2][-]{subsection.5.7.2}{\376\377\0005\000.\0007\000.\0002\000\040\000V\000a\000r\000i\000a\000b\000l\000e\000\040\000D\000o\000c\000u\000m\000e\000n\000t\000a\000t\000i\000o\000n}{section.5.7}% 29
\BOOKMARK [3][-]{subsubsection.5.7.2.1}{\376\377\0005\000.\0007\000.\0002\000.\0001\000\040\000C\000L\000A\000S\000S\000\137\000M\000A\000P}{subsection.5.7.2}% 30
\BOOKMARK [1][-]{section.5.8}{\376\377\0005\000.\0008\000\040\000a\000t\000.\000l\000a\000t\000t\000i\000c\000e\000.\000l\000a\000t\000t\000i\000c\000e\000\137\000o\000b\000j\000e\000c\000t\000\040\000N\000a\000m\000e\000s\000p\000a\000c\000e\000\040\000R\000e\000f\000e\000r\000e\000n\000c\000e}{chapter.5}% 31
\BOOKMARK [2][-]{subsection.5.8.1}{\376\377\0005\000.\0008\000.\0001\000\040\000D\000e\000t\000a\000i\000l\000e\000d\000\040\000D\000e\000s\000c\000r\000i\000p\000t\000i\000o\000n}{section.5.8}% 32
\BOOKMARK [2][-]{subsection.5.8.2}{\376\377\0005\000.\0008\000.\0002\000\040\000F\000u\000n\000c\000t\000i\000o\000n\000\040\000D\000o\000c\000u\000m\000e\000n\000t\000a\000t\000i\000o\000n}{section.5.8}% 33
\BOOKMARK [3][-]{subsubsection.5.8.2.1}{\376\377\0005\000.\0008\000.\0002\000.\0001\000\040\000l\000a\000t\000t\000i\000c\000e\000\137\000f\000i\000l\000t\000e\000r\000\050\000\051}{subsection.5.8.2}% 34
\BOOKMARK [3][-]{subsubsection.5.8.2.2}{\376\377\0005\000.\0008\000.\0002\000.\0002\000\040\000n\000o\000\137\000f\000i\000l\000t\000e\000r\000\050\000\051}{subsection.5.8.2}% 35
\BOOKMARK [3][-]{subsubsection.5.8.2.3}{\376\377\0005\000.\0008\000.\0002\000.\0003\000\040\000p\000a\000r\000a\000m\000s\000\137\000f\000i\000l\000t\000e\000r\000\050\000\051}{subsection.5.8.2}% 36
\BOOKMARK [3][-]{subsubsection.5.8.2.4}{\376\377\0005\000.\0008\000.\0002\000.\0004\000\040\000t\000y\000p\000e\000\137\000f\000i\000l\000t\000e\000r\000\050\000\051}{subsection.5.8.2}% 37
\BOOKMARK [1][-]{section.5.9}{\376\377\0005\000.\0009\000\040\000a\000t\000.\000l\000a\000t\000t\000i\000c\000e\000.\000o\000p\000t\000i\000o\000n\000s\000\040\000N\000a\000m\000e\000s\000p\000a\000c\000e\000\040\000R\000e\000f\000e\000r\000e\000n\000c\000e}{chapter.5}% 38
\BOOKMARK [2][-]{subsection.5.9.1}{\376\377\0005\000.\0009\000.\0001\000\040\000D\000e\000t\000a\000i\000l\000e\000d\000\040\000D\000e\000s\000c\000r\000i\000p\000t\000i\000o\000n}{section.5.9}% 39
\BOOKMARK [1][-]{section.5.10}{\376\377\0005\000.\0001\0000\000\040\000a\000t\000.\000l\000a\000t\000t\000i\000c\000e\000.\000u\000t\000i\000l\000s\000\040\000N\000a\000m\000e\000s\000p\000a\000c\000e\000\040\000R\000e\000f\000e\000r\000e\000n\000c\000e}{chapter.5}% 40
\BOOKMARK [2][-]{subsection.5.10.1}{\376\377\0005\000.\0001\0000\000.\0001\000\040\000D\000e\000t\000a\000i\000l\000e\000d\000\040\000D\000e\000s\000c\000r\000i\000p\000t\000i\000o\000n}{section.5.10}% 41
\BOOKMARK [2][-]{subsection.5.10.2}{\376\377\0005\000.\0001\0000\000.\0002\000\040\000F\000u\000n\000c\000t\000i\000o\000n\000\040\000D\000o\000c\000u\000m\000e\000n\000t\000a\000t\000i\000o\000n}{section.5.10}% 42
\BOOKMARK [3][-]{subsubsection.5.10.2.1}{\376\377\0005\000.\0001\0000\000.\0002\000.\0001\000\040\000b\000o\000o\000l\000\137\000r\000e\000f\000p\000t\000s\000\050\000\051}{subsection.5.10.2}% 43
\BOOKMARK [3][-]{subsubsection.5.10.2.2}{\376\377\0005\000.\0001\0000\000.\0002\000.\0002\000\040\000c\000h\000e\000c\000k\000\137\000r\000a\000d\000i\000a\000t\000i\000o\000n\000\050\000\051}{subsection.5.10.2}% 44
\BOOKMARK [3][-]{subsubsection.5.10.2.3}{\376\377\0005\000.\0001\0000\000.\0002\000.\0003\000\040\000c\000h\000e\000c\000k\000a\000t\000t\000r\000\050\000\051}{subsection.5.10.2}% 45
\BOOKMARK [3][-]{subsubsection.5.10.2.4}{\376\377\0005\000.\0001\0000\000.\0002\000.\0004\000\040\000c\000h\000e\000c\000k\000n\000a\000m\000e\000\050\000\051}{subsection.5.10.2}% 46
\BOOKMARK [3][-]{subsubsection.5.10.2.5}{\376\377\0005\000.\0001\0000\000.\0002\000.\0005\000\040\000c\000h\000e\000c\000k\000t\000y\000p\000e\000\050\000\051}{subsection.5.10.2}% 47
\BOOKMARK [3][-]{subsubsection.5.10.2.6}{\376\377\0005\000.\0001\0000\000.\0002\000.\0006\000\040\000g\000e\000t\000\137\000c\000e\000l\000l\000s\000\050\000\051}{subsection.5.10.2}% 48
\BOOKMARK [3][-]{subsubsection.5.10.2.7}{\376\377\0005\000.\0001\0000\000.\0002\000.\0007\000\040\000g\000e\000t\000\137\000e\000l\000e\000m\000e\000n\000t\000s\000\050\000\051}{subsection.5.10.2}% 49
\BOOKMARK [3][-]{subsubsection.5.10.2.8}{\376\377\0005\000.\0001\0000\000.\0002\000.\0008\000\040\000g\000e\000t\000\137\000r\000e\000f\000p\000t\000s\000\050\000\051}{subsection.5.10.2}% 50
\BOOKMARK [3][-]{subsubsection.5.10.2.9}{\376\377\0005\000.\0001\0000\000.\0002\000.\0009\000\040\000g\000e\000t\000\137\000s\000\137\000p\000o\000s\000\050\000\051}{subsection.5.10.2}% 51
\BOOKMARK [3][-]{subsubsection.5.10.2.10}{\376\377\0005\000.\0001\0000\000.\0002\000.\0001\0000\000\040\000g\000e\000t\000\137\000v\000a\000l\000u\000e\000\137\000r\000e\000f\000p\000t\000s\000\050\000\051}{subsection.5.10.2}% 52
\BOOKMARK [3][-]{subsubsection.5.10.2.11}{\376\377\0005\000.\0001\0000\000.\0002\000.\0001\0001\000\040\000m\000a\000k\000e\000\137\000c\000o\000p\000y\000\050\000\051}{subsection.5.10.2}% 53
\BOOKMARK [3][-]{subsubsection.5.10.2.12}{\376\377\0005\000.\0001\0000\000.\0002\000.\0001\0002\000\040\000r\000e\000f\000p\000t\000s\000\137\000c\000o\000u\000n\000t\000\050\000\051}{subsection.5.10.2}% 54
\BOOKMARK [3][-]{subsubsection.5.10.2.13}{\376\377\0005\000.\0001\0000\000.\0002\000.\0001\0003\000\040\000r\000e\000f\000p\000t\000s\000\137\000i\000t\000e\000r\000a\000t\000o\000r\000\050\000\051}{subsection.5.10.2}% 55
\BOOKMARK [3][-]{subsubsection.5.10.2.14}{\376\377\0005\000.\0001\0000\000.\0002\000.\0001\0004\000\040\000r\000e\000f\000p\000t\000s\000\137\000l\000e\000n\000\050\000\051}{subsection.5.10.2}% 56
\BOOKMARK [3][-]{subsubsection.5.10.2.15}{\376\377\0005\000.\0001\0000\000.\0002\000.\0001\0005\000\040\000s\000e\000t\000\137\000r\000a\000d\000i\000a\000t\000i\000o\000n\000\050\000\051}{subsection.5.10.2}% 57
\BOOKMARK [3][-]{subsubsection.5.10.2.16}{\376\377\0005\000.\0001\0000\000.\0002\000.\0001\0006\000\040\000s\000e\000t\000\137\000s\000h\000i\000f\000t\000\050\000\051}{subsection.5.10.2}% 58
\BOOKMARK [3][-]{subsubsection.5.10.2.17}{\376\377\0005\000.\0001\0000\000.\0002\000.\0001\0007\000\040\000s\000e\000t\000\137\000t\000i\000l\000t\000\050\000\051}{subsection.5.10.2}% 59
\BOOKMARK [3][-]{subsubsection.5.10.2.18}{\376\377\0005\000.\0001\0000\000.\0002\000.\0001\0008\000\040\000s\000e\000t\000\137\000v\000a\000l\000u\000e\000\137\000r\000e\000f\000p\000t\000s\000\050\000\051}{subsection.5.10.2}% 60
\BOOKMARK [3][-]{subsubsection.5.10.2.19}{\376\377\0005\000.\0001\0000\000.\0002\000.\0001\0009\000\040\000s\000h\000i\000f\000t\000\137\000e\000l\000e\000m\000\050\000\051}{subsection.5.10.2}% 61
\BOOKMARK [3][-]{subsubsection.5.10.2.20}{\376\377\0005\000.\0001\0000\000.\0002\000.\0002\0000\000\040\000t\000i\000l\000t\000\137\000e\000l\000e\000m\000\050\000\051}{subsection.5.10.2}% 62
\BOOKMARK [3][-]{subsubsection.5.10.2.21}{\376\377\0005\000.\0001\0000\000.\0002\000.\0002\0001\000\040\000u\000i\000n\000t\0003\0002\000\137\000r\000e\000f\000p\000t\000s\000\050\000\051}{subsection.5.10.2}% 63
\BOOKMARK [1][-]{section.5.11}{\376\377\0005\000.\0001\0001\000\040\000a\000t\000.\000l\000o\000a\000d\000\040\000N\000a\000m\000e\000s\000p\000a\000c\000e\000\040\000R\000e\000f\000e\000r\000e\000n\000c\000e}{chapter.5}% 64
\BOOKMARK [2][-]{subsection.5.11.1}{\376\377\0005\000.\0001\0001\000.\0001\000\040\000D\000e\000t\000a\000i\000l\000e\000d\000\040\000D\000e\000s\000c\000r\000i\000p\000t\000i\000o\000n}{section.5.11}% 65
\BOOKMARK [1][-]{section.5.12}{\376\377\0005\000.\0001\0002\000\040\000a\000t\000.\000l\000o\000a\000d\000.\000a\000l\000l\000f\000i\000l\000e\000s\000\040\000N\000a\000m\000e\000s\000p\000a\000c\000e\000\040\000R\000e\000f\000e\000r\000e\000n\000c\000e}{chapter.5}% 66
\BOOKMARK [2][-]{subsection.5.12.1}{\376\377\0005\000.\0001\0002\000.\0001\000\040\000D\000e\000t\000a\000i\000l\000e\000d\000\040\000D\000e\000s\000c\000r\000i\000p\000t\000i\000o\000n}{section.5.12}% 67
\BOOKMARK [2][-]{subsection.5.12.2}{\376\377\0005\000.\0001\0002\000.\0002\000\040\000F\000u\000n\000c\000t\000i\000o\000n\000\040\000D\000o\000c\000u\000m\000e\000n\000t\000a\000t\000i\000o\000n}{section.5.12}% 68
\BOOKMARK [3][-]{subsubsection.5.12.2.1}{\376\377\0005\000.\0001\0002\000.\0002\000.\0001\000\040\000l\000o\000a\000d\000\137\000l\000a\000t\000t\000i\000c\000e\000\050\000\051}{subsection.5.12.2}% 69
\BOOKMARK [3][-]{subsubsection.5.12.2.2}{\376\377\0005\000.\0001\0002\000.\0002\000.\0002\000\040\000r\000e\000g\000i\000s\000t\000e\000r\000\137\000f\000o\000r\000m\000a\000t\000\050\000\051}{subsection.5.12.2}% 70
\BOOKMARK [3][-]{subsubsection.5.12.2.3}{\376\377\0005\000.\0001\0002\000.\0002\000.\0003\000\040\000s\000a\000v\000e\000\137\000l\000a\000t\000t\000i\000c\000e\000\050\000\051}{subsection.5.12.2}% 71
\BOOKMARK [1][-]{section.5.13}{\376\377\0005\000.\0001\0003\000\040\000a\000t\000.\000l\000o\000a\000d\000.\000e\000l\000e\000g\000a\000n\000t\000\040\000N\000a\000m\000e\000s\000p\000a\000c\000e\000\040\000R\000e\000f\000e\000r\000e\000n\000c\000e}{chapter.5}% 72
\BOOKMARK [2][-]{subsection.5.13.1}{\376\377\0005\000.\0001\0003\000.\0001\000\040\000D\000e\000t\000a\000i\000l\000e\000d\000\040\000D\000e\000s\000c\000r\000i\000p\000t\000i\000o\000n}{section.5.13}% 73
\BOOKMARK [2][-]{subsection.5.13.2}{\376\377\0005\000.\0001\0003\000.\0002\000\040\000F\000u\000n\000c\000t\000i\000o\000n\000\040\000D\000o\000c\000u\000m\000e\000n\000t\000a\000t\000i\000o\000n}{section.5.13}% 74
\BOOKMARK [3][-]{subsubsection.5.13.2.1}{\376\377\0005\000.\0001\0003\000.\0002\000.\0001\000\040\000e\000l\000e\000g\000a\000n\000t\000\137\000e\000l\000e\000m\000e\000n\000t\000\137\000f\000r\000o\000m\000\137\000s\000t\000r\000i\000n\000g\000\050\000\051}{subsection.5.13.2}% 75
\BOOKMARK [3][-]{subsubsection.5.13.2.2}{\376\377\0005\000.\0001\0003\000.\0002\000.\0002\000\040\000p\000a\000r\000s\000e\000\137\000c\000h\000u\000n\000k\000\050\000\051}{subsection.5.13.2}% 76
\BOOKMARK [3][-]{subsubsection.5.13.2.3}{\376\377\0005\000.\0001\0003\000.\0002\000.\0003\000\040\000p\000a\000r\000s\000e\000\137\000l\000i\000n\000e\000s\000\050\000\051}{subsection.5.13.2}% 77
\BOOKMARK [1][-]{section.5.14}{\376\377\0005\000.\0001\0004\000\040\000a\000t\000.\000l\000o\000a\000d\000.\000m\000a\000t\000f\000i\000l\000e\000\040\000N\000a\000m\000e\000s\000p\000a\000c\000e\000\040\000R\000e\000f\000e\000r\000e\000n\000c\000e}{chapter.5}% 78
\BOOKMARK [2][-]{subsection.5.14.1}{\376\377\0005\000.\0001\0004\000.\0001\000\040\000D\000e\000t\000a\000i\000l\000e\000d\000\040\000D\000e\000s\000c\000r\000i\000p\000t\000i\000o\000n}{section.5.14}% 79
\BOOKMARK [2][-]{subsection.5.14.2}{\376\377\0005\000.\0001\0004\000.\0002\000\040\000F\000u\000n\000c\000t\000i\000o\000n\000\040\000D\000o\000c\000u\000m\000e\000n\000t\000a\000t\000i\000o\000n}{section.5.14}% 80
\BOOKMARK [3][-]{subsubsection.5.14.2.1}{\376\377\0005\000.\0001\0004\000.\0002\000.\0001\000\040\000l\000o\000a\000d\000\137\000m\000\050\000\051}{subsection.5.14.2}% 81
\BOOKMARK [3][-]{subsubsection.5.14.2.2}{\376\377\0005\000.\0001\0004\000.\0002\000.\0002\000\040\000l\000o\000a\000d\000\137\000m\000a\000t\000\050\000\051}{subsection.5.14.2}% 82
\BOOKMARK [3][-]{subsubsection.5.14.2.3}{\376\377\0005\000.\0001\0004\000.\0002\000.\0003\000\040\000l\000o\000a\000d\000\137\000v\000a\000r\000\050\000\051}{subsection.5.14.2}% 83
\BOOKMARK [3][-]{subsubsection.5.14.2.4}{\376\377\0005\000.\0001\0004\000.\0002\000.\0004\000\040\000m\000a\000t\000f\000i\000l\000e\000\137\000g\000e\000n\000e\000r\000a\000t\000o\000r\000\050\000\051}{subsection.5.14.2}% 84
\BOOKMARK [3][-]{subsubsection.5.14.2.5}{\376\377\0005\000.\0001\0004\000.\0002\000.\0005\000\040\000m\000a\000t\000l\000a\000b\000\137\000r\000i\000n\000g\000\050\000\051}{subsection.5.14.2}% 85
\BOOKMARK [3][-]{subsubsection.5.14.2.6}{\376\377\0005\000.\0001\0004\000.\0002\000.\0006\000\040\000m\000f\000i\000l\000e\000\137\000g\000e\000n\000e\000r\000a\000t\000o\000r\000\050\000\051}{subsection.5.14.2}% 86
\BOOKMARK [3][-]{subsubsection.5.14.2.7}{\376\377\0005\000.\0001\0004\000.\0002\000.\0007\000\040\000r\000i\000n\000g\000p\000a\000r\000a\000m\000\137\000f\000i\000l\000t\000e\000r\000\050\000\051}{subsection.5.14.2}% 87
\BOOKMARK [3][-]{subsubsection.5.14.2.8}{\376\377\0005\000.\0001\0004\000.\0002\000.\0008\000\040\000s\000a\000v\000e\000\137\000m\000\050\000\051}{subsection.5.14.2}% 88
\BOOKMARK [3][-]{subsubsection.5.14.2.9}{\376\377\0005\000.\0001\0004\000.\0002\000.\0009\000\040\000s\000a\000v\000e\000\137\000m\000a\000t\000\050\000\051}{subsection.5.14.2}% 89
\BOOKMARK [1][-]{section.5.15}{\376\377\0005\000.\0001\0005\000\040\000a\000t\000.\000l\000o\000a\000d\000.\000r\000e\000p\000r\000f\000i\000l\000e\000\040\000N\000a\000m\000e\000s\000p\000a\000c\000e\000\040\000R\000e\000f\000e\000r\000e\000n\000c\000e}{chapter.5}% 90
\BOOKMARK [2][-]{subsection.5.15.1}{\376\377\0005\000.\0001\0005\000.\0001\000\040\000D\000e\000t\000a\000i\000l\000e\000d\000\040\000D\000e\000s\000c\000r\000i\000p\000t\000i\000o\000n}{section.5.15}% 91
\BOOKMARK [2][-]{subsection.5.15.2}{\376\377\0005\000.\0001\0005\000.\0002\000\040\000F\000u\000n\000c\000t\000i\000o\000n\000\040\000D\000o\000c\000u\000m\000e\000n\000t\000a\000t\000i\000o\000n}{section.5.15}% 92
\BOOKMARK [3][-]{subsubsection.5.15.2.1}{\376\377\0005\000.\0001\0005\000.\0002\000.\0001\000\040\000l\000o\000a\000d\000\137\000r\000e\000p\000r\000\050\000\051}{subsection.5.15.2}% 93
\BOOKMARK [3][-]{subsubsection.5.15.2.2}{\376\377\0005\000.\0001\0005\000.\0002\000.\0002\000\040\000s\000a\000v\000e\000\137\000r\000e\000p\000r\000\050\000\051}{subsection.5.15.2}% 94
\BOOKMARK [1][-]{section.5.16}{\376\377\0005\000.\0001\0006\000\040\000a\000t\000.\000l\000o\000a\000d\000.\000t\000r\000a\000c\000y\000\040\000N\000a\000m\000e\000s\000p\000a\000c\000e\000\040\000R\000e\000f\000e\000r\000e\000n\000c\000e}{chapter.5}% 95
\BOOKMARK [2][-]{subsection.5.16.1}{\376\377\0005\000.\0001\0006\000.\0001\000\040\000D\000e\000t\000a\000i\000l\000e\000d\000\040\000D\000e\000s\000c\000r\000i\000p\000t\000i\000o\000n}{section.5.16}% 96
\BOOKMARK [2][-]{subsection.5.16.2}{\376\377\0005\000.\0001\0006\000.\0002\000\040\000F\000u\000n\000c\000t\000i\000o\000n\000\040\000D\000o\000c\000u\000m\000e\000n\000t\000a\000t\000i\000o\000n}{section.5.16}% 97
\BOOKMARK [3][-]{subsubsection.5.16.2.1}{\376\377\0005\000.\0001\0006\000.\0002\000.\0001\000\040\000p\000a\000r\000s\000e\000\137\000f\000l\000o\000a\000t\000\050\000\051}{subsection.5.16.2}% 98
\BOOKMARK [3][-]{subsubsection.5.16.2.2}{\376\377\0005\000.\0001\0006\000.\0002\000.\0002\000\040\000p\000a\000r\000s\000e\000\137\000h\000o\000m\000\050\000\051}{subsection.5.16.2}% 99
\BOOKMARK [3][-]{subsubsection.5.16.2.3}{\376\377\0005\000.\0001\0006\000.\0002\000.\0003\000\040\000p\000a\000r\000s\000e\000\137\000l\000i\000n\000e\000s\000\050\000\051}{subsection.5.16.2}% 100
\BOOKMARK [2][-]{subsection.5.16.3}{\376\377\0005\000.\0001\0006\000.\0003\000\040\000V\000a\000r\000i\000a\000b\000l\000e\000\040\000D\000o\000c\000u\000m\000e\000n\000t\000a\000t\000i\000o\000n}{section.5.16}% 101
\BOOKMARK [3][-]{subsubsection.5.16.3.1}{\376\377\0005\000.\0001\0006\000.\0003\000.\0001\000\040\000E\000L\000E\000M\000E\000N\000T\000\137\000M\000A\000P}{subsection.5.16.3}% 102
\BOOKMARK [1][-]{section.5.17}{\376\377\0005\000.\0001\0007\000\040\000a\000t\000.\000l\000o\000a\000d\000.\000u\000t\000i\000l\000s\000\040\000N\000a\000m\000e\000s\000p\000a\000c\000e\000\040\000R\000e\000f\000e\000r\000e\000n\000c\000e}{chapter.5}% 103
\BOOKMARK [2][-]{subsection.5.17.1}{\376\377\0005\000.\0001\0007\000.\0001\000\040\000D\000e\000t\000a\000i\000l\000e\000d\000\040\000D\000e\000s\000c\000r\000i\000p\000t\000i\000o\000n}{section.5.17}% 104
\BOOKMARK [2][-]{subsection.5.17.2}{\376\377\0005\000.\0001\0007\000.\0002\000\040\000F\000u\000n\000c\000t\000i\000o\000n\000\040\000D\000o\000c\000u\000m\000e\000n\000t\000a\000t\000i\000o\000n}{section.5.17}% 105
\BOOKMARK [3][-]{subsubsection.5.17.2.1}{\376\377\0005\000.\0001\0007\000.\0002\000.\0001\000\040\000e\000l\000e\000m\000e\000n\000t\000\137\000f\000r\000o\000m\000\137\000d\000i\000c\000t\000\050\000\051}{subsection.5.17.2}% 106
\BOOKMARK [3][-]{subsubsection.5.17.2.2}{\376\377\0005\000.\0001\0007\000.\0002\000.\0002\000\040\000e\000l\000e\000m\000e\000n\000t\000\137\000f\000r\000o\000m\000\137\000m\000\050\000\051}{subsection.5.17.2}% 107
\BOOKMARK [3][-]{subsubsection.5.17.2.3}{\376\377\0005\000.\0001\0007\000.\0002\000.\0003\000\040\000e\000l\000e\000m\000e\000n\000t\000\137\000f\000r\000o\000m\000\137\000s\000t\000r\000i\000n\000g\000\050\000\051}{subsection.5.17.2}% 108
\BOOKMARK [3][-]{subsubsection.5.17.2.4}{\376\377\0005\000.\0001\0007\000.\0002\000.\0004\000\040\000e\000l\000e\000m\000e\000n\000t\000\137\000t\000o\000\137\000d\000i\000c\000t\000\050\000\051}{subsection.5.17.2}% 109
\BOOKMARK [3][-]{subsubsection.5.17.2.5}{\376\377\0005\000.\0001\0007\000.\0002\000.\0005\000\040\000e\000l\000e\000m\000e\000n\000t\000\137\000t\000o\000\137\000m\000\050\000\051}{subsection.5.17.2}% 110
\BOOKMARK [3][-]{subsubsection.5.17.2.6}{\376\377\0005\000.\0001\0007\000.\0002\000.\0006\000\040\000f\000i\000n\000d\000\137\000c\000l\000a\000s\000s\000\050\000\051}{subsection.5.17.2}% 111
\BOOKMARK [3][-]{subsubsection.5.17.2.7}{\376\377\0005\000.\0001\0007\000.\0002\000.\0007\000\040\000h\000a\000s\000a\000t\000t\000r\000s\000\050\000\051}{subsection.5.17.2}% 112
\BOOKMARK [1][-]{section.5.18}{\376\377\0005\000.\0001\0008\000\040\000a\000t\000.\000m\000a\000t\000c\000h\000i\000n\000g\000\040\000N\000a\000m\000e\000s\000p\000a\000c\000e\000\040\000R\000e\000f\000e\000r\000e\000n\000c\000e}{chapter.5}% 113
\BOOKMARK [2][-]{subsection.5.18.1}{\376\377\0005\000.\0001\0008\000.\0001\000\040\000D\000e\000t\000a\000i\000l\000e\000d\000\040\000D\000e\000s\000c\000r\000i\000p\000t\000i\000o\000n}{section.5.18}% 114
\BOOKMARK [1][-]{section.5.19}{\376\377\0005\000.\0001\0009\000\040\000a\000t\000.\000m\000a\000t\000c\000h\000i\000n\000g\000.\000g\000l\000o\000b\000a\000l\000f\000i\000t\000\040\000N\000a\000m\000e\000s\000p\000a\000c\000e\000\040\000R\000e\000f\000e\000r\000e\000n\000c\000e}{chapter.5}% 115
\BOOKMARK [2][-]{subsection.5.19.1}{\376\377\0005\000.\0001\0009\000.\0001\000\040\000D\000e\000t\000a\000i\000l\000e\000d\000\040\000D\000e\000s\000c\000r\000i\000p\000t\000i\000o\000n}{section.5.19}% 116
\BOOKMARK [2][-]{subsection.5.19.2}{\376\377\0005\000.\0001\0009\000.\0002\000\040\000F\000u\000n\000c\000t\000i\000o\000n\000\040\000D\000o\000c\000u\000m\000e\000n\000t\000a\000t\000i\000o\000n}{section.5.19}% 117
\BOOKMARK [3][-]{subsubsection.5.19.2.1}{\376\377\0005\000.\0001\0009\000.\0002\000.\0001\000\040\000f\000i\000t\000\137\000c\000h\000r\000o\000m\000\050\000\051}{subsection.5.19.2}% 118
\BOOKMARK [3][-]{subsubsection.5.19.2.2}{\376\377\0005\000.\0001\0009\000.\0002\000.\0002\000\040\000f\000i\000t\000\137\000t\000u\000n\000e\000\050\000\051}{subsection.5.19.2}% 119
\BOOKMARK [1][-]{section.5.20}{\376\377\0005\000.\0002\0000\000\040\000a\000t\000.\000p\000h\000y\000s\000i\000c\000s\000\040\000N\000a\000m\000e\000s\000p\000a\000c\000e\000\040\000R\000e\000f\000e\000r\000e\000n\000c\000e}{chapter.5}% 120
\BOOKMARK [2][-]{subsection.5.20.1}{\376\377\0005\000.\0002\0000\000.\0001\000\040\000D\000e\000t\000a\000i\000l\000e\000d\000\040\000D\000e\000s\000c\000r\000i\000p\000t\000i\000o\000n}{section.5.20}% 121
\BOOKMARK [1][-]{section.5.21}{\376\377\0005\000.\0002\0001\000\040\000a\000t\000.\000p\000h\000y\000s\000i\000c\000s\000.\000a\000m\000a\000t\000\040\000N\000a\000m\000e\000s\000p\000a\000c\000e\000\040\000R\000e\000f\000e\000r\000e\000n\000c\000e}{chapter.5}% 122
\BOOKMARK [2][-]{subsection.5.21.1}{\376\377\0005\000.\0002\0001\000.\0001\000\040\000D\000e\000t\000a\000i\000l\000e\000d\000\040\000D\000e\000s\000c\000r\000i\000p\000t\000i\000o\000n}{section.5.21}% 123
\BOOKMARK [2][-]{subsection.5.21.2}{\376\377\0005\000.\0002\0001\000.\0002\000\040\000F\000u\000n\000c\000t\000i\000o\000n\000\040\000D\000o\000c\000u\000m\000e\000n\000t\000a\000t\000i\000o\000n}{section.5.21}% 124
\BOOKMARK [3][-]{subsubsection.5.21.2.1}{\376\377\0005\000.\0002\0001\000.\0002\000.\0001\000\040\000a\000\137\000m\000a\000t\000r\000i\000x\000\050\000\051}{subsection.5.21.2}% 125
\BOOKMARK [3][-]{subsubsection.5.21.2.2}{\376\377\0005\000.\0002\0001\000.\0002\000.\0002\000\040\000a\000m\000a\000t\000\050\000\051}{subsection.5.21.2}% 126
\BOOKMARK [3][-]{subsubsection.5.21.2.3}{\376\377\0005\000.\0002\0001\000.\0002\000.\0003\000\040\000g\000e\000t\000\137\000m\000o\000d\000e\000\137\000m\000a\000t\000r\000i\000c\000e\000s\000\050\000\051}{subsection.5.21.2}% 127
\BOOKMARK [3][-]{subsubsection.5.21.2.4}{\376\377\0005\000.\0002\0001\000.\0002\000.\0004\000\040\000g\000e\000t\000\137\000t\000u\000n\000e\000s\000\137\000d\000a\000m\000p\000\050\000\051}{subsection.5.21.2}% 128
\BOOKMARK [3][-]{subsubsection.5.21.2.5}{\376\377\0005\000.\0002\0001\000.\0002\000.\0005\000\040\000j\000m\000a\000t\000\050\000\051}{subsection.5.21.2}% 129
\BOOKMARK [3][-]{subsubsection.5.21.2.6}{\376\377\0005\000.\0002\0001\000.\0002\000.\0006\000\040\000j\000m\000a\000t\000s\000w\000a\000p\000\050\000\051}{subsection.5.21.2}% 130
\BOOKMARK [3][-]{subsubsection.5.21.2.7}{\376\377\0005\000.\0002\0001\000.\0002\000.\0007\000\040\000s\000y\000m\000p\000l\000e\000c\000t\000i\000f\000y\000\050\000\051}{subsection.5.21.2}% 131
\BOOKMARK [1][-]{section.5.22}{\376\377\0005\000.\0002\0002\000\040\000a\000t\000.\000p\000h\000y\000s\000i\000c\000s\000.\000f\000a\000s\000t\000r\000i\000n\000g\000\040\000N\000a\000m\000e\000s\000p\000a\000c\000e\000\040\000R\000e\000f\000e\000r\000e\000n\000c\000e}{chapter.5}% 132
\BOOKMARK [2][-]{subsection.5.22.1}{\376\377\0005\000.\0002\0002\000.\0001\000\040\000D\000e\000t\000a\000i\000l\000e\000d\000\040\000D\000e\000s\000c\000r\000i\000p\000t\000i\000o\000n}{section.5.22}% 133
\BOOKMARK [2][-]{subsection.5.22.2}{\376\377\0005\000.\0002\0002\000.\0002\000\040\000F\000u\000n\000c\000t\000i\000o\000n\000\040\000D\000o\000c\000u\000m\000e\000n\000t\000a\000t\000i\000o\000n}{section.5.22}% 134
\BOOKMARK [3][-]{subsubsection.5.22.2.1}{\376\377\0005\000.\0002\0002\000.\0002\000.\0001\000\040\000f\000a\000s\000t\000\137\000r\000i\000n\000g\000\050\000\051}{subsection.5.22.2}% 135
\BOOKMARK [1][-]{section.5.23}{\376\377\0005\000.\0002\0003\000\040\000a\000t\000.\000p\000h\000y\000s\000i\000c\000s\000.\000h\000a\000r\000m\000o\000n\000i\000c\000\137\000a\000n\000a\000l\000y\000s\000i\000s\000\040\000N\000a\000m\000e\000s\000p\000a\000c\000e\000\040\000R\000e\000f\000e\000r\000e\000n\000c\000e}{chapter.5}% 136
\BOOKMARK [2][-]{subsection.5.23.1}{\376\377\0005\000.\0002\0003\000.\0001\000\040\000D\000e\000t\000a\000i\000l\000e\000d\000\040\000D\000e\000s\000c\000r\000i\000p\000t\000i\000o\000n}{section.5.23}% 137
\BOOKMARK [2][-]{subsection.5.23.2}{\376\377\0005\000.\0002\0003\000.\0002\000\040\000F\000u\000n\000c\000t\000i\000o\000n\000\040\000D\000o\000c\000u\000m\000e\000n\000t\000a\000t\000i\000o\000n}{section.5.23}% 138
\BOOKMARK [3][-]{subsubsection.5.23.2.1}{\376\377\0005\000.\0002\0003\000.\0002\000.\0001\000\040\000g\000e\000t\000\137\000s\000p\000e\000c\000t\000r\000u\000m\000\137\000h\000a\000r\000m\000o\000n\000i\000c\000\050\000\051}{subsection.5.23.2}% 139
\BOOKMARK [3][-]{subsubsection.5.23.2.2}{\376\377\0005\000.\0002\0003\000.\0002\000.\0002\000\040\000g\000e\000t\000\137\000t\000u\000n\000e\000s\000\137\000h\000a\000r\000m\000o\000n\000i\000c\000\050\000\051}{subsection.5.23.2}% 140
\BOOKMARK [1][-]{section.5.24}{\376\377\0005\000.\0002\0004\000\040\000a\000t\000.\000p\000h\000y\000s\000i\000c\000s\000.\000l\000i\000n\000e\000a\000r\000\040\000N\000a\000m\000e\000s\000p\000a\000c\000e\000\040\000R\000e\000f\000e\000r\000e\000n\000c\000e}{chapter.5}% 141
\BOOKMARK [2][-]{subsection.5.24.1}{\376\377\0005\000.\0002\0004\000.\0001\000\040\000D\000e\000t\000a\000i\000l\000e\000d\000\040\000D\000e\000s\000c\000r\000i\000p\000t\000i\000o\000n}{section.5.24}% 142
\BOOKMARK [2][-]{subsection.5.24.2}{\376\377\0005\000.\0002\0004\000.\0002\000\040\000F\000u\000n\000c\000t\000i\000o\000n\000\040\000D\000o\000c\000u\000m\000e\000n\000t\000a\000t\000i\000o\000n}{section.5.24}% 143
\BOOKMARK [3][-]{subsubsection.5.24.2.1}{\376\377\0005\000.\0002\0004\000.\0002\000.\0001\000\040\000a\000v\000l\000i\000n\000o\000p\000t\000\050\000\051}{subsection.5.24.2}% 144
\BOOKMARK [3][-]{subsubsection.5.24.2.2}{\376\377\0005\000.\0002\0004\000.\0002\000.\0002\000\040\000g\000e\000t\000\137\000c\000h\000r\000o\000m\000\050\000\051}{subsection.5.24.2}% 145
\BOOKMARK [3][-]{subsubsection.5.24.2.3}{\376\377\0005\000.\0002\0004\000.\0002\000.\0003\000\040\000g\000e\000t\000\137\000o\000p\000t\000i\000c\000s\000\050\000\051}{subsection.5.24.2}% 146
\BOOKMARK [3][-]{subsubsection.5.24.2.4}{\376\377\0005\000.\0002\0004\000.\0002\000.\0004\000\040\000g\000e\000t\000\137\000t\000u\000n\000e\000\050\000\051}{subsection.5.24.2}% 147
\BOOKMARK [3][-]{subsubsection.5.24.2.5}{\376\377\0005\000.\0002\0004\000.\0002\000.\0005\000\040\000l\000i\000n\000o\000p\000t\000\050\000\051}{subsection.5.24.2}% 148
\BOOKMARK [3][-]{subsubsection.5.24.2.6}{\376\377\0005\000.\0002\0004\000.\0002\000.\0006\000\040\000l\000i\000n\000o\000p\000t\0002\000\050\000\051}{subsection.5.24.2}% 149
\BOOKMARK [3][-]{subsubsection.5.24.2.7}{\376\377\0005\000.\0002\0004\000.\0002\000.\0007\000\040\000l\000i\000n\000o\000p\000t\0004\000\050\000\051}{subsection.5.24.2}% 150
\BOOKMARK [3][-]{subsubsection.5.24.2.8}{\376\377\0005\000.\0002\0004\000.\0002\000.\0008\000\040\000l\000i\000n\000o\000p\000t\0006\000\050\000\051}{subsection.5.24.2}% 151
\BOOKMARK [3][-]{subsubsection.5.24.2.9}{\376\377\0005\000.\0002\0004\000.\0002\000.\0009\000\040\000l\000i\000n\000o\000p\000t\000\137\000a\000u\000t\000o\000\050\000\051}{subsection.5.24.2}% 152
\BOOKMARK [1][-]{section.5.25}{\376\377\0005\000.\0002\0005\000\040\000a\000t\000.\000p\000h\000y\000s\000i\000c\000s\000.\000m\000a\000t\000r\000i\000x\000\040\000N\000a\000m\000e\000s\000p\000a\000c\000e\000\040\000R\000e\000f\000e\000r\000e\000n\000c\000e}{chapter.5}% 153
\BOOKMARK [2][-]{subsection.5.25.1}{\376\377\0005\000.\0002\0005\000.\0001\000\040\000D\000e\000t\000a\000i\000l\000e\000d\000\040\000D\000e\000s\000c\000r\000i\000p\000t\000i\000o\000n}{section.5.25}% 154
\BOOKMARK [2][-]{subsection.5.25.2}{\376\377\0005\000.\0002\0005\000.\0002\000\040\000F\000u\000n\000c\000t\000i\000o\000n\000\040\000D\000o\000c\000u\000m\000e\000n\000t\000a\000t\000i\000o\000n}{section.5.25}% 155
\BOOKMARK [3][-]{subsubsection.5.25.2.1}{\376\377\0005\000.\0002\0005\000.\0002\000.\0001\000\040\000f\000i\000n\000d\000\137\000e\000l\000e\000m\000\137\000m\0006\0006\000\050\000\051}{subsection.5.25.2}% 156
\BOOKMARK [3][-]{subsubsection.5.25.2.2}{\376\377\0005\000.\0002\0005\000.\0002\000.\0002\000\040\000f\000i\000n\000d\000\137\000m\0004\0004\000\050\000\051}{subsection.5.25.2}% 157
\BOOKMARK [3][-]{subsubsection.5.25.2.3}{\376\377\0005\000.\0002\0005\000.\0002\000.\0003\000\040\000f\000i\000n\000d\000\137\000m\0006\0006\000\050\000\051}{subsection.5.25.2}% 158
\BOOKMARK [3][-]{subsubsection.5.25.2.4}{\376\377\0005\000.\0002\0005\000.\0002\000.\0004\000\040\000g\000e\000n\000\137\000m\0006\0006\000\137\000e\000l\000e\000m\000\050\000\051}{subsection.5.25.2}% 159
\BOOKMARK [1][-]{section.5.26}{\376\377\0005\000.\0002\0006\000\040\000a\000t\000.\000p\000h\000y\000s\000i\000c\000s\000.\000n\000o\000n\000l\000i\000n\000e\000a\000r\000\040\000N\000a\000m\000e\000s\000p\000a\000c\000e\000\040\000R\000e\000f\000e\000r\000e\000n\000c\000e}{chapter.5}% 160
\BOOKMARK [2][-]{subsection.5.26.1}{\376\377\0005\000.\0002\0006\000.\0001\000\040\000D\000e\000t\000a\000i\000l\000e\000d\000\040\000D\000e\000s\000c\000r\000i\000p\000t\000i\000o\000n}{section.5.26}% 161
\BOOKMARK [2][-]{subsection.5.26.2}{\376\377\0005\000.\0002\0006\000.\0002\000\040\000F\000u\000n\000c\000t\000i\000o\000n\000\040\000D\000o\000c\000u\000m\000e\000n\000t\000a\000t\000i\000o\000n}{section.5.26}% 162
\BOOKMARK [3][-]{subsubsection.5.26.2.1}{\376\377\0005\000.\0002\0006\000.\0002\000.\0001\000\040\000c\000h\000r\000o\000m\000a\000t\000i\000c\000i\000t\000y\000\050\000\051}{subsection.5.26.2}% 163
\BOOKMARK [3][-]{subsubsection.5.26.2.2}{\376\377\0005\000.\0002\0006\000.\0002\000.\0002\000\040\000d\000e\000t\000u\000n\000i\000n\000g\000\050\000\051}{subsection.5.26.2}% 164
\BOOKMARK [3][-]{subsubsection.5.26.2.3}{\376\377\0005\000.\0002\0006\000.\0002\000.\0003\000\040\000g\000e\000n\000\137\000d\000e\000t\000u\000n\000i\000n\000g\000\137\000e\000l\000e\000m\000\050\000\051}{subsection.5.26.2}% 165
\BOOKMARK [3][-]{subsubsection.5.26.2.4}{\376\377\0005\000.\0002\0006\000.\0002\000.\0004\000\040\000t\000u\000n\000e\000s\000\137\000v\000s\000\137\000a\000m\000p\000\050\000\051}{subsection.5.26.2}% 166
\BOOKMARK [1][-]{section.5.27}{\376\377\0005\000.\0002\0007\000\040\000a\000t\000.\000p\000h\000y\000s\000i\000c\000s\000.\000o\000r\000b\000i\000t\000\040\000N\000a\000m\000e\000s\000p\000a\000c\000e\000\040\000R\000e\000f\000e\000r\000e\000n\000c\000e}{chapter.5}% 167
\BOOKMARK [2][-]{subsection.5.27.1}{\376\377\0005\000.\0002\0007\000.\0001\000\040\000D\000e\000t\000a\000i\000l\000e\000d\000\040\000D\000e\000s\000c\000r\000i\000p\000t\000i\000o\000n}{section.5.27}% 168
\BOOKMARK [2][-]{subsection.5.27.2}{\376\377\0005\000.\0002\0007\000.\0002\000\040\000F\000u\000n\000c\000t\000i\000o\000n\000\040\000D\000o\000c\000u\000m\000e\000n\000t\000a\000t\000i\000o\000n}{section.5.27}% 169
\BOOKMARK [3][-]{subsubsection.5.27.2.1}{\376\377\0005\000.\0002\0007\000.\0002\000.\0001\000\040\000f\000i\000n\000d\000\137\000o\000r\000b\000i\000t\000\050\000\051}{subsection.5.27.2}% 170
\BOOKMARK [3][-]{subsubsection.5.27.2.2}{\376\377\0005\000.\0002\0007\000.\0002\000.\0002\000\040\000f\000i\000n\000d\000\137\000o\000r\000b\000i\000t\0004\000\050\000\051}{subsection.5.27.2}% 171
\BOOKMARK [3][-]{subsubsection.5.27.2.3}{\376\377\0005\000.\0002\0007\000.\0002\000.\0003\000\040\000f\000i\000n\000d\000\137\000o\000r\000b\000i\000t\0006\000\050\000\051}{subsection.5.27.2}% 172
\BOOKMARK [3][-]{subsubsection.5.27.2.4}{\376\377\0005\000.\0002\0007\000.\0002\000.\0004\000\040\000f\000i\000n\000d\000\137\000s\000y\000n\000c\000\137\000o\000r\000b\000i\000t\000\050\000\051}{subsection.5.27.2}% 173
\BOOKMARK [1][-]{section.5.28}{\376\377\0005\000.\0002\0008\000\040\000a\000t\000.\000p\000h\000y\000s\000i\000c\000s\000.\000r\000a\000d\000i\000a\000t\000i\000o\000n\000\040\000N\000a\000m\000e\000s\000p\000a\000c\000e\000\040\000R\000e\000f\000e\000r\000e\000n\000c\000e}{chapter.5}% 174
\BOOKMARK [2][-]{subsection.5.28.1}{\376\377\0005\000.\0002\0008\000.\0001\000\040\000D\000e\000t\000a\000i\000l\000e\000d\000\040\000D\000e\000s\000c\000r\000i\000p\000t\000i\000o\000n}{section.5.28}% 175
\BOOKMARK [2][-]{subsection.5.28.2}{\376\377\0005\000.\0002\0008\000.\0002\000\040\000F\000u\000n\000c\000t\000i\000o\000n\000\040\000D\000o\000c\000u\000m\000e\000n\000t\000a\000t\000i\000o\000n}{section.5.28}% 176
\BOOKMARK [3][-]{subsubsection.5.28.2.1}{\376\377\0005\000.\0002\0008\000.\0002\000.\0001\000\040\000g\000e\000n\000\137\000q\000u\000a\000n\000t\000d\000i\000f\000f\000\137\000e\000l\000e\000m\000\050\000\051}{subsection.5.28.2}% 177
\BOOKMARK [3][-]{subsubsection.5.28.2.2}{\376\377\0005\000.\0002\0008\000.\0002\000.\0002\000\040\000g\000e\000t\000\137\000r\000a\000d\000i\000a\000t\000i\000o\000n\000\137\000i\000n\000t\000e\000g\000r\000a\000l\000s\000\050\000\051}{subsection.5.28.2}% 178
\BOOKMARK [3][-]{subsubsection.5.28.2.3}{\376\377\0005\000.\0002\0008\000.\0002\000.\0003\000\040\000o\000h\000m\000i\000\137\000e\000n\000v\000e\000l\000o\000p\000e\000\050\000\051}{subsection.5.28.2}% 179
\BOOKMARK [3][-]{subsubsection.5.28.2.4}{\376\377\0005\000.\0002\0008\000.\0002\000.\0004\000\040\000q\000u\000a\000n\000t\000d\000i\000f\000f\000m\000a\000t\000\050\000\051}{subsection.5.28.2}% 180
\BOOKMARK [3][-]{subsubsection.5.28.2.5}{\376\377\0005\000.\0002\0008\000.\0002\000.\0005\000\040\000t\000a\000p\000e\000r\000i\000n\000g\000\050\000\051}{subsection.5.28.2}% 181
\BOOKMARK [2][-]{subsection.5.28.3}{\376\377\0005\000.\0002\0008\000.\0003\000\040\000V\000a\000r\000i\000a\000b\000l\000e\000\040\000D\000o\000c\000u\000m\000e\000n\000t\000a\000t\000i\000o\000n}{section.5.28}% 182
\BOOKMARK [3][-]{subsubsection.5.28.3.1}{\376\377\0005\000.\0002\0008\000.\0003\000.\0001\000\040\000E\000N\000V\000E\000L\000O\000P\000E\000\137\000D\000T\000Y\000P\000E}{subsection.5.28.3}% 183
\BOOKMARK [1][-]{section.5.29}{\376\377\0005\000.\0002\0009\000\040\000a\000t\000.\000p\000l\000o\000t\000\040\000N\000a\000m\000e\000s\000p\000a\000c\000e\000\040\000R\000e\000f\000e\000r\000e\000n\000c\000e}{chapter.5}% 184
\BOOKMARK [2][-]{subsection.5.29.1}{\376\377\0005\000.\0002\0009\000.\0001\000\040\000D\000e\000t\000a\000i\000l\000e\000d\000\040\000D\000e\000s\000c\000r\000i\000p\000t\000i\000o\000n}{section.5.29}% 185
\BOOKMARK [1][-]{section.5.30}{\376\377\0005\000.\0003\0000\000\040\000a\000t\000.\000p\000l\000o\000t\000.\000g\000e\000n\000e\000r\000i\000c\000\040\000N\000a\000m\000e\000s\000p\000a\000c\000e\000\040\000R\000e\000f\000e\000r\000e\000n\000c\000e}{chapter.5}% 186
\BOOKMARK [2][-]{subsection.5.30.1}{\376\377\0005\000.\0003\0000\000.\0001\000\040\000D\000e\000t\000a\000i\000l\000e\000d\000\040\000D\000e\000s\000c\000r\000i\000p\000t\000i\000o\000n}{section.5.30}% 187
\BOOKMARK [2][-]{subsection.5.30.2}{\376\377\0005\000.\0003\0000\000.\0002\000\040\000F\000u\000n\000c\000t\000i\000o\000n\000\040\000D\000o\000c\000u\000m\000e\000n\000t\000a\000t\000i\000o\000n}{section.5.30}% 188
\BOOKMARK [3][-]{subsubsection.5.30.2.1}{\376\377\0005\000.\0003\0000\000.\0002\000.\0001\000\040\000b\000a\000s\000e\000p\000l\000o\000t\000\050\000\051}{subsection.5.30.2}% 189
\BOOKMARK [1][-]{section.5.31}{\376\377\0005\000.\0003\0001\000\040\000a\000t\000.\000p\000l\000o\000t\000.\000s\000p\000e\000c\000i\000f\000i\000c\000\040\000N\000a\000m\000e\000s\000p\000a\000c\000e\000\040\000R\000e\000f\000e\000r\000e\000n\000c\000e}{chapter.5}% 190
\BOOKMARK [2][-]{subsection.5.31.1}{\376\377\0005\000.\0003\0001\000.\0001\000\040\000D\000e\000t\000a\000i\000l\000e\000d\000\040\000D\000e\000s\000c\000r\000i\000p\000t\000i\000o\000n}{section.5.31}% 191
\BOOKMARK [2][-]{subsection.5.31.2}{\376\377\0005\000.\0003\0001\000.\0002\000\040\000F\000u\000n\000c\000t\000i\000o\000n\000\040\000D\000o\000c\000u\000m\000e\000n\000t\000a\000t\000i\000o\000n}{section.5.31}% 192
\BOOKMARK [3][-]{subsubsection.5.31.2.1}{\376\377\0005\000.\0003\0001\000.\0002\000.\0001\000\040\000p\000l\000d\000a\000t\000a\000\137\000b\000e\000t\000a\000\137\000d\000i\000s\000p\000\050\000\051}{subsection.5.31.2}% 193
\BOOKMARK [3][-]{subsubsection.5.31.2.2}{\376\377\0005\000.\0003\0001\000.\0002\000.\0002\000\040\000p\000l\000d\000a\000t\000a\000\137\000l\000i\000n\000e\000a\000r\000\050\000\051}{subsection.5.31.2}% 194
\BOOKMARK [3][-]{subsubsection.5.31.2.3}{\376\377\0005\000.\0003\0001\000.\0002\000.\0003\000\040\000p\000l\000o\000t\000\137\000b\000e\000t\000a\000\050\000\051}{subsection.5.31.2}% 195
\BOOKMARK [3][-]{subsubsection.5.31.2.4}{\376\377\0005\000.\0003\0001\000.\0002\000.\0004\000\040\000p\000l\000o\000t\000\137\000l\000i\000n\000e\000a\000r\000\050\000\051}{subsection.5.31.2}% 196
\BOOKMARK [3][-]{subsubsection.5.31.2.5}{\376\377\0005\000.\0003\0001\000.\0002\000.\0005\000\040\000p\000l\000o\000t\000\137\000t\000r\000a\000j\000e\000c\000t\000o\000r\000y\000\050\000\051}{subsection.5.31.2}% 197
\BOOKMARK [1][-]{section.5.32}{\376\377\0005\000.\0003\0002\000\040\000a\000t\000.\000p\000l\000o\000t\000.\000s\000t\000a\000n\000d\000a\000l\000o\000n\000e\000\040\000N\000a\000m\000e\000s\000p\000a\000c\000e\000\040\000R\000e\000f\000e\000r\000e\000n\000c\000e}{chapter.5}% 198
\BOOKMARK [2][-]{subsection.5.32.1}{\376\377\0005\000.\0003\0002\000.\0001\000\040\000D\000e\000t\000a\000i\000l\000e\000d\000\040\000D\000e\000s\000c\000r\000i\000p\000t\000i\000o\000n}{section.5.32}% 199
\BOOKMARK [2][-]{subsection.5.32.2}{\376\377\0005\000.\0003\0002\000.\0002\000\040\000F\000u\000n\000c\000t\000i\000o\000n\000\040\000D\000o\000c\000u\000m\000e\000n\000t\000a\000t\000i\000o\000n}{section.5.32}% 200
\BOOKMARK [3][-]{subsubsection.5.32.2.1}{\376\377\0005\000.\0003\0002\000.\0002\000.\0001\000\040\000p\000l\000o\000t\000\137\000a\000c\000c\000e\000p\000t\000a\000n\000c\000e\000\050\000\051}{subsection.5.32.2}% 201
\BOOKMARK [1][-]{section.5.33}{\376\377\0005\000.\0003\0003\000\040\000a\000t\000.\000p\000l\000o\000t\000.\000s\000y\000n\000o\000p\000t\000\040\000N\000a\000m\000e\000s\000p\000a\000c\000e\000\040\000R\000e\000f\000e\000r\000e\000n\000c\000e}{chapter.5}% 202
\BOOKMARK [2][-]{subsection.5.33.1}{\376\377\0005\000.\0003\0003\000.\0001\000\040\000D\000e\000t\000a\000i\000l\000e\000d\000\040\000D\000e\000s\000c\000r\000i\000p\000t\000i\000o\000n}{section.5.33}% 203
\BOOKMARK [2][-]{subsection.5.33.2}{\376\377\0005\000.\0003\0003\000.\0002\000\040\000F\000u\000n\000c\000t\000i\000o\000n\000\040\000D\000o\000c\000u\000m\000e\000n\000t\000a\000t\000i\000o\000n}{section.5.33}% 204
\BOOKMARK [3][-]{subsubsection.5.33.2.1}{\376\377\0005\000.\0003\0003\000.\0002\000.\0001\000\040\000p\000l\000o\000t\000\137\000s\000y\000n\000o\000p\000t\000\050\000\051}{subsection.5.33.2}% 205
\BOOKMARK [1][-]{section.5.34}{\376\377\0005\000.\0003\0004\000\040\000a\000t\000.\000t\000r\000a\000c\000k\000i\000n\000g\000\040\000N\000a\000m\000e\000s\000p\000a\000c\000e\000\040\000R\000e\000f\000e\000r\000e\000n\000c\000e}{chapter.5}% 206
\BOOKMARK [2][-]{subsection.5.34.1}{\376\377\0005\000.\0003\0004\000.\0001\000\040\000D\000e\000t\000a\000i\000l\000e\000d\000\040\000D\000e\000s\000c\000r\000i\000p\000t\000i\000o\000n}{section.5.34}% 207
\BOOKMARK [1][-]{section.5.35}{\376\377\0005\000.\0003\0005\000\040\000a\000t\000.\000t\000r\000a\000c\000k\000i\000n\000g\000.\000p\000a\000r\000t\000i\000c\000l\000e\000s\000\040\000N\000a\000m\000e\000s\000p\000a\000c\000e\000\040\000R\000e\000f\000e\000r\000e\000n\000c\000e}{chapter.5}% 208
\BOOKMARK [2][-]{subsection.5.35.1}{\376\377\0005\000.\0003\0005\000.\0001\000\040\000D\000e\000t\000a\000i\000l\000e\000d\000\040\000D\000e\000s\000c\000r\000i\000p\000t\000i\000o\000n}{section.5.35}% 209
\BOOKMARK [2][-]{subsection.5.35.2}{\376\377\0005\000.\0003\0005\000.\0002\000\040\000F\000u\000n\000c\000t\000i\000o\000n\000\040\000D\000o\000c\000u\000m\000e\000n\000t\000a\000t\000i\000o\000n}{section.5.35}% 210
\BOOKMARK [3][-]{subsubsection.5.35.2.1}{\376\377\0005\000.\0003\0005\000.\0002\000.\0001\000\040\000b\000e\000a\000m\000\050\000\051}{subsection.5.35.2}% 211
\BOOKMARK [3][-]{subsubsection.5.35.2.2}{\376\377\0005\000.\0003\0005\000.\0002\000.\0002\000\040\000s\000i\000g\000m\000a\000\137\000m\000a\000t\000r\000i\000x\000\050\000\051}{subsection.5.35.2}% 212
\BOOKMARK [1][-]{section.5.36}{\376\377\0005\000.\0003\0006\000\040\000a\000t\000.\000t\000r\000a\000c\000k\000i\000n\000g\000.\000p\000a\000t\000p\000a\000s\000s\000\040\000N\000a\000m\000e\000s\000p\000a\000c\000e\000\040\000R\000e\000f\000e\000r\000e\000n\000c\000e}{chapter.5}% 213
\BOOKMARK [2][-]{subsection.5.36.1}{\376\377\0005\000.\0003\0006\000.\0001\000\040\000D\000e\000t\000a\000i\000l\000e\000d\000\040\000D\000e\000s\000c\000r\000i\000p\000t\000i\000o\000n}{section.5.36}% 214
\BOOKMARK [2][-]{subsection.5.36.2}{\376\377\0005\000.\0003\0006\000.\0002\000\040\000F\000u\000n\000c\000t\000i\000o\000n\000\040\000D\000o\000c\000u\000m\000e\000n\000t\000a\000t\000i\000o\000n}{section.5.36}% 215
\BOOKMARK [3][-]{subsubsection.5.36.2.1}{\376\377\0005\000.\0003\0006\000.\0002\000.\0001\000\040\000p\000a\000t\000p\000a\000s\000s\000\050\000\051}{subsection.5.36.2}% 216
\BOOKMARK [0][-]{chapter.6}{\376\377\0006\000\040\000C\000l\000a\000s\000s\000\040\000D\000o\000c\000u\000m\000e\000n\000t\000a\000t\000i\000o\000n}{}% 217
\BOOKMARK [1][-]{section.6.1}{\376\377\0006\000.\0001\000\040\000a\000t\000.\000l\000a\000t\000t\000i\000c\000e\000.\000o\000p\000t\000i\000o\000n\000s\000.\000\137\000D\000s\000t\000\040\000C\000l\000a\000s\000s\000\040\000R\000e\000f\000e\000r\000e\000n\000c\000e}{chapter.6}% 218
\BOOKMARK [2][-]{subsection.6.1.1}{\376\377\0006\000.\0001\000.\0001\000\040\000D\000e\000t\000a\000i\000l\000e\000d\000\040\000D\000e\000s\000c\000r\000i\000p\000t\000i\000o\000n}{section.6.1}% 219
\BOOKMARK [1][-]{section.6.2}{\376\377\0006\000.\0002\000\040\000a\000t\000.\000l\000a\000t\000t\000i\000c\000e\000.\000e\000l\000e\000m\000e\000n\000t\000s\000.\000A\000p\000e\000r\000t\000u\000r\000e\000\040\000C\000l\000a\000s\000s\000\040\000R\000e\000f\000e\000r\000e\000n\000c\000e}{chapter.6}% 220
\BOOKMARK [2][-]{subsection.6.2.1}{\376\377\0006\000.\0002\000.\0001\000\040\000D\000e\000t\000a\000i\000l\000e\000d\000\040\000D\000e\000s\000c\000r\000i\000p\000t\000i\000o\000n}{section.6.2}% 221
\BOOKMARK [1][-]{section.6.3}{\376\377\0006\000.\0003\000\040\000a\000t\000.\000l\000a\000t\000t\000i\000c\000e\000.\000u\000t\000i\000l\000s\000.\000A\000t\000E\000r\000r\000o\000r\000\040\000C\000l\000a\000s\000s\000\040\000R\000e\000f\000e\000r\000e\000n\000c\000e}{chapter.6}% 222
\BOOKMARK [1][-]{section.6.4}{\376\377\0006\000.\0004\000\040\000a\000t\000.\000l\000a\000t\000t\000i\000c\000e\000.\000u\000t\000i\000l\000s\000.\000A\000t\000W\000a\000r\000n\000i\000n\000g\000\040\000C\000l\000a\000s\000s\000\040\000R\000e\000f\000e\000r\000e\000n\000c\000e}{chapter.6}% 223
\BOOKMARK [1][-]{section.6.5}{\376\377\0006\000.\0005\000\040\000a\000t\000.\000l\000a\000t\000t\000i\000c\000e\000.\000e\000l\000e\000m\000e\000n\000t\000s\000.\000C\000o\000l\000l\000i\000m\000a\000t\000o\000r\000\040\000C\000l\000a\000s\000s\000\040\000R\000e\000f\000e\000r\000e\000n\000c\000e}{chapter.6}% 224
\BOOKMARK [2][-]{subsection.6.5.1}{\376\377\0006\000.\0005\000.\0001\000\040\000D\000e\000t\000a\000i\000l\000e\000d\000\040\000D\000e\000s\000c\000r\000i\000p\000t\000i\000o\000n}{section.6.5}% 225
\BOOKMARK [2][-]{subsection.6.5.2}{\376\377\0006\000.\0005\000.\0002\000\040\000C\000o\000n\000s\000t\000r\000u\000c\000t\000o\000r\000\040\000\046\000\040\000D\000e\000s\000t\000r\000u\000c\000t\000o\000r\000\040\000D\000o\000c\000u\000m\000e\000n\000t\000a\000t\000i\000o\000n}{section.6.5}% 226
\BOOKMARK [3][-]{subsubsection.6.5.2.1}{\376\377\0006\000.\0005\000.\0002\000.\0001\000\040\000\137\000\137\000i\000n\000i\000t\000\137\000\137\000\050\000\051}{subsection.6.5.2}% 227
\BOOKMARK [1][-]{section.6.6}{\376\377\0006\000.\0006\000\040\000a\000t\000.\000m\000a\000t\000c\000h\000i\000n\000g\000.\000m\000a\000t\000c\000h\000i\000n\000g\000.\000C\000o\000n\000s\000t\000r\000a\000i\000n\000t\000s\000\040\000C\000l\000a\000s\000s\000\040\000R\000e\000f\000e\000r\000e\000n\000c\000e}{chapter.6}% 228
\BOOKMARK [2][-]{subsection.6.6.1}{\376\377\0006\000.\0006\000.\0001\000\040\000D\000e\000t\000a\000i\000l\000e\000d\000\040\000D\000e\000s\000c\000r\000i\000p\000t\000i\000o\000n}{section.6.6}% 229
\BOOKMARK [2][-]{subsection.6.6.2}{\376\377\0006\000.\0006\000.\0002\000\040\000C\000o\000n\000s\000t\000r\000u\000c\000t\000o\000r\000\040\000\046\000\040\000D\000e\000s\000t\000r\000u\000c\000t\000o\000r\000\040\000D\000o\000c\000u\000m\000e\000n\000t\000a\000t\000i\000o\000n}{section.6.6}% 230
\BOOKMARK [3][-]{subsubsection.6.6.2.1}{\376\377\0006\000.\0006\000.\0002\000.\0001\000\040\000\137\000\137\000i\000n\000i\000t\000\137\000\137\000\050\000\051}{subsection.6.6.2}% 231
\BOOKMARK [2][-]{subsection.6.6.3}{\376\377\0006\000.\0006\000.\0003\000\040\000M\000e\000m\000b\000e\000r\000\040\000F\000u\000n\000c\000t\000i\000o\000n\000\040\000D\000o\000c\000u\000m\000e\000n\000t\000a\000t\000i\000o\000n}{section.6.6}% 232
\BOOKMARK [3][-]{subsubsection.6.6.3.1}{\376\377\0006\000.\0006\000.\0003\000.\0001\000\040\000a\000d\000d\000\050\000\051}{subsection.6.6.3}% 233
\BOOKMARK [3][-]{subsubsection.6.6.3.2}{\376\377\0006\000.\0006\000.\0003\000.\0002\000\040\000e\000v\000a\000l\000u\000a\000t\000e\000\050\000\051}{subsection.6.6.3}% 234
\BOOKMARK [3][-]{subsubsection.6.6.3.3}{\376\377\0006\000.\0006\000.\0003\000.\0003\000\040\000h\000e\000a\000d\000e\000r\000\050\000\051}{subsection.6.6.3}% 235
\BOOKMARK [3][-]{subsubsection.6.6.3.4}{\376\377\0006\000.\0006\000.\0003\000.\0004\000\040\000s\000t\000a\000t\000u\000s\000\050\000\051}{subsection.6.6.3}% 236
\BOOKMARK [3][-]{subsubsection.6.6.3.5}{\376\377\0006\000.\0006\000.\0003\000.\0005\000\040\000v\000a\000l\000u\000e\000s\000\050\000\051}{subsection.6.6.3}% 237
\BOOKMARK [1][-]{section.6.7}{\376\377\0006\000.\0007\000\040\000a\000t\000.\000l\000a\000t\000t\000i\000c\000e\000.\000e\000l\000e\000m\000e\000n\000t\000s\000.\000C\000o\000r\000r\000e\000c\000t\000o\000r\000\040\000C\000l\000a\000s\000s\000\040\000R\000e\000f\000e\000r\000e\000n\000c\000e}{chapter.6}% 238
\BOOKMARK [2][-]{subsection.6.7.1}{\376\377\0006\000.\0007\000.\0001\000\040\000D\000e\000t\000a\000i\000l\000e\000d\000\040\000D\000e\000s\000c\000r\000i\000p\000t\000i\000o\000n}{section.6.7}% 239
\BOOKMARK [1][-]{section.6.8}{\376\377\0006\000.\0008\000\040\000a\000t\000.\000l\000a\000t\000t\000i\000c\000e\000.\000e\000l\000e\000m\000e\000n\000t\000s\000.\000D\000i\000p\000o\000l\000e\000\040\000C\000l\000a\000s\000s\000\040\000R\000e\000f\000e\000r\000e\000n\000c\000e}{chapter.6}% 240
\BOOKMARK [2][-]{subsection.6.8.1}{\376\377\0006\000.\0008\000.\0001\000\040\000D\000e\000t\000a\000i\000l\000e\000d\000\040\000D\000e\000s\000c\000r\000i\000p\000t\000i\000o\000n}{section.6.8}% 241
\BOOKMARK [2][-]{subsection.6.8.2}{\376\377\0006\000.\0008\000.\0002\000\040\000C\000o\000n\000s\000t\000r\000u\000c\000t\000o\000r\000\040\000\046\000\040\000D\000e\000s\000t\000r\000u\000c\000t\000o\000r\000\040\000D\000o\000c\000u\000m\000e\000n\000t\000a\000t\000i\000o\000n}{section.6.8}% 242
\BOOKMARK [3][-]{subsubsection.6.8.2.1}{\376\377\0006\000.\0008\000.\0002\000.\0001\000\040\000\137\000\137\000i\000n\000i\000t\000\137\000\137\000\050\000\051}{subsection.6.8.2}% 243
\BOOKMARK [2][-]{subsection.6.8.3}{\376\377\0006\000.\0008\000.\0003\000\040\000M\000e\000m\000b\000e\000r\000\040\000D\000a\000t\000a\000\040\000D\000o\000c\000u\000m\000e\000n\000t\000a\000t\000i\000o\000n}{section.6.8}% 244
\BOOKMARK [3][-]{subsubsection.6.8.3.1}{\376\377\0006\000.\0008\000.\0003\000.\0001\000\040\000R\000E\000Q\000U\000I\000R\000E\000D\000\137\000A\000T\000T\000R\000I\000B\000U\000T\000E\000S}{subsection.6.8.3}% 245
\BOOKMARK [1][-]{section.6.9}{\376\377\0006\000.\0009\000\040\000a\000t\000.\000l\000a\000t\000t\000i\000c\000e\000.\000e\000l\000e\000m\000e\000n\000t\000s\000.\000D\000r\000i\000f\000t\000\040\000C\000l\000a\000s\000s\000\040\000R\000e\000f\000e\000r\000e\000n\000c\000e}{chapter.6}% 246
\BOOKMARK [2][-]{subsection.6.9.1}{\376\377\0006\000.\0009\000.\0001\000\040\000D\000e\000t\000a\000i\000l\000e\000d\000\040\000D\000e\000s\000c\000r\000i\000p\000t\000i\000o\000n}{section.6.9}% 247
\BOOKMARK [2][-]{subsection.6.9.2}{\376\377\0006\000.\0009\000.\0002\000\040\000C\000o\000n\000s\000t\000r\000u\000c\000t\000o\000r\000\040\000\046\000\040\000D\000e\000s\000t\000r\000u\000c\000t\000o\000r\000\040\000D\000o\000c\000u\000m\000e\000n\000t\000a\000t\000i\000o\000n}{section.6.9}% 248
\BOOKMARK [3][-]{subsubsection.6.9.2.1}{\376\377\0006\000.\0009\000.\0002\000.\0001\000\040\000\137\000\137\000i\000n\000i\000t\000\137\000\137\000\050\000\051}{subsection.6.9.2}% 249
\BOOKMARK [2][-]{subsection.6.9.3}{\376\377\0006\000.\0009\000.\0003\000\040\000M\000e\000m\000b\000e\000r\000\040\000F\000u\000n\000c\000t\000i\000o\000n\000\040\000D\000o\000c\000u\000m\000e\000n\000t\000a\000t\000i\000o\000n}{section.6.9}% 250
\BOOKMARK [3][-]{subsubsection.6.9.3.1}{\376\377\0006\000.\0009\000.\0003\000.\0001\000\040\000i\000n\000s\000e\000r\000t\000\050\000\051}{subsection.6.9.3}% 251
\BOOKMARK [1][-]{section.6.10}{\376\377\0006\000.\0001\0000\000\040\000a\000t\000.\000l\000a\000t\000t\000i\000c\000e\000.\000e\000l\000e\000m\000e\000n\000t\000s\000.\000E\000l\000e\000m\000e\000n\000t\000\040\000C\000l\000a\000s\000s\000\040\000R\000e\000f\000e\000r\000e\000n\000c\000e}{chapter.6}% 252
\BOOKMARK [2][-]{subsection.6.10.1}{\376\377\0006\000.\0001\0000\000.\0001\000\040\000D\000e\000t\000a\000i\000l\000e\000d\000\040\000D\000e\000s\000c\000r\000i\000p\000t\000i\000o\000n}{section.6.10}% 253
\BOOKMARK [2][-]{subsection.6.10.2}{\376\377\0006\000.\0001\0000\000.\0002\000\040\000M\000e\000m\000b\000e\000r\000\040\000F\000u\000n\000c\000t\000i\000o\000n\000\040\000D\000o\000c\000u\000m\000e\000n\000t\000a\000t\000i\000o\000n}{section.6.10}% 254
\BOOKMARK [3][-]{subsubsection.6.10.2.1}{\376\377\0006\000.\0001\0000\000.\0002\000.\0001\000\040\000c\000o\000p\000y\000\050\000\051}{subsection.6.10.2}% 255
\BOOKMARK [3][-]{subsubsection.6.10.2.2}{\376\377\0006\000.\0001\0000\000.\0002\000.\0002\000\040\000d\000e\000e\000p\000c\000o\000p\000y\000\050\000\051}{subsection.6.10.2}% 256
\BOOKMARK [3][-]{subsubsection.6.10.2.3}{\376\377\0006\000.\0001\0000\000.\0002\000.\0003\000\040\000d\000i\000v\000i\000d\000e\000\050\000\051}{subsection.6.10.2}% 257
\BOOKMARK [3][-]{subsubsection.6.10.2.4}{\376\377\0006\000.\0001\0000\000.\0002\000.\0004\000\040\000e\000q\000u\000a\000l\000s\000\050\000\051}{subsection.6.10.2}% 258
\BOOKMARK [3][-]{subsubsection.6.10.2.5}{\376\377\0006\000.\0001\0000\000.\0002\000.\0005\000\040\000i\000t\000e\000m\000s\000\050\000\051}{subsection.6.10.2}% 259
\BOOKMARK [3][-]{subsubsection.6.10.2.6}{\376\377\0006\000.\0001\0000\000.\0002\000.\0006\000\040\000u\000p\000d\000a\000t\000e\000\050\000\051}{subsection.6.10.2}% 260
\BOOKMARK [1][-]{section.6.11}{\376\377\0006\000.\0001\0001\000\040\000a\000t\000.\000m\000a\000t\000c\000h\000i\000n\000g\000.\000m\000a\000t\000c\000h\000i\000n\000g\000.\000E\000l\000e\000m\000e\000n\000t\000C\000o\000n\000s\000t\000r\000a\000i\000n\000t\000s\000\040\000C\000l\000a\000s\000s\000\040\000R\000e\000f\000e\000r\000e\000n\000c\000e}{chapter.6}% 261
\BOOKMARK [2][-]{subsection.6.11.1}{\376\377\0006\000.\0001\0001\000.\0001\000\040\000D\000e\000t\000a\000i\000l\000e\000d\000\040\000D\000e\000s\000c\000r\000i\000p\000t\000i\000o\000n}{section.6.11}% 262
\BOOKMARK [2][-]{subsection.6.11.2}{\376\377\0006\000.\0001\0001\000.\0002\000\040\000M\000e\000m\000b\000e\000r\000\040\000F\000u\000n\000c\000t\000i\000o\000n\000\040\000D\000o\000c\000u\000m\000e\000n\000t\000a\000t\000i\000o\000n}{section.6.11}% 263
\BOOKMARK [3][-]{subsubsection.6.11.2.1}{\376\377\0006\000.\0001\0001\000.\0002\000.\0001\000\040\000c\000o\000m\000p\000u\000t\000e\000\050\000\051}{subsection.6.11.2}% 264
\BOOKMARK [3][-]{subsubsection.6.11.2.2}{\376\377\0006\000.\0001\0001\000.\0002\000.\0002\000\040\000v\000a\000l\000u\000e\000s\000\050\000\051}{subsection.6.11.2}% 265
\BOOKMARK [1][-]{section.6.12}{\376\377\0006\000.\0001\0002\000\040\000a\000t\000.\000m\000a\000t\000c\000h\000i\000n\000g\000.\000m\000a\000t\000c\000h\000i\000n\000g\000.\000E\000l\000e\000m\000e\000n\000t\000V\000a\000r\000i\000a\000b\000l\000e\000\040\000C\000l\000a\000s\000s\000\040\000R\000e\000f\000e\000r\000e\000n\000c\000e}{chapter.6}% 266
\BOOKMARK [2][-]{subsection.6.12.1}{\376\377\0006\000.\0001\0002\000.\0001\000\040\000D\000e\000t\000a\000i\000l\000e\000d\000\040\000D\000e\000s\000c\000r\000i\000p\000t\000i\000o\000n}{section.6.12}% 267
\BOOKMARK [1][-]{section.6.13}{\376\377\0006\000.\0001\0003\000\040\000a\000t\000.\000p\000h\000y\000s\000i\000c\000s\000.\000e\000n\000e\000r\000g\000y\000\137\000l\000o\000s\000s\000.\000E\000L\000o\000s\000s\000M\000e\000t\000h\000o\000d\000\040\000C\000l\000a\000s\000s\000\040\000R\000e\000f\000e\000r\000e\000n\000c\000e}{chapter.6}% 268
\BOOKMARK [2][-]{subsection.6.13.1}{\376\377\0006\000.\0001\0003\000.\0001\000\040\000D\000e\000t\000a\000i\000l\000e\000d\000\040\000D\000e\000s\000c\000r\000i\000p\000t\000i\000o\000n}{section.6.13}% 269
\BOOKMARK [1][-]{section.6.14}{\376\377\0006\000.\0001\0004\000\040\000a\000t\000.\000m\000a\000t\000c\000h\000i\000n\000g\000.\000m\000a\000t\000c\000h\000i\000n\000g\000.\000E\000n\000v\000e\000l\000o\000p\000e\000C\000o\000n\000s\000t\000r\000a\000i\000n\000t\000s\000\040\000C\000l\000a\000s\000s\000\040\000R\000e\000f\000e\000r\000e\000n\000c\000e}{chapter.6}% 270
\BOOKMARK [2][-]{subsection.6.14.1}{\376\377\0006\000.\0001\0004\000.\0001\000\040\000D\000e\000t\000a\000i\000l\000e\000d\000\040\000D\000e\000s\000c\000r\000i\000p\000t\000i\000o\000n}{section.6.14}% 271
\BOOKMARK [2][-]{subsection.6.14.2}{\376\377\0006\000.\0001\0004\000.\0002\000\040\000C\000o\000n\000s\000t\000r\000u\000c\000t\000o\000r\000\040\000\046\000\040\000D\000e\000s\000t\000r\000u\000c\000t\000o\000r\000\040\000D\000o\000c\000u\000m\000e\000n\000t\000a\000t\000i\000o\000n}{section.6.14}% 272
\BOOKMARK [3][-]{subsubsection.6.14.2.1}{\376\377\0006\000.\0001\0004\000.\0002\000.\0001\000\040\000\137\000\137\000i\000n\000i\000t\000\137\000\137\000\050\000\051}{subsection.6.14.2}% 273
\BOOKMARK [2][-]{subsection.6.14.3}{\376\377\0006\000.\0001\0004\000.\0003\000\040\000M\000e\000m\000b\000e\000r\000\040\000F\000u\000n\000c\000t\000i\000o\000n\000\040\000D\000o\000c\000u\000m\000e\000n\000t\000a\000t\000i\000o\000n}{section.6.14}% 274
\BOOKMARK [3][-]{subsubsection.6.14.3.1}{\376\377\0006\000.\0001\0004\000.\0003\000.\0001\000\040\000a\000d\000d\000\050\000\051}{subsection.6.14.3}% 275
\BOOKMARK [3][-]{subsubsection.6.14.3.2}{\376\377\0006\000.\0001\0004\000.\0003\000.\0002\000\040\000c\000o\000m\000p\000u\000t\000e\000\050\000\051}{subsection.6.14.3}% 276
\BOOKMARK [1][-]{section.6.15}{\376\377\0006\000.\0001\0005\000\040\000a\000t\000.\000l\000a\000t\000t\000i\000c\000e\000.\000c\000a\000v\000i\000t\000y\000\137\000a\000c\000c\000e\000s\000s\000.\000F\000r\000f\000\040\000C\000l\000a\000s\000s\000\040\000R\000e\000f\000e\000r\000e\000n\000c\000e}{chapter.6}% 277
\BOOKMARK [2][-]{subsection.6.15.1}{\376\377\0006\000.\0001\0005\000.\0001\000\040\000D\000e\000t\000a\000i\000l\000e\000d\000\040\000D\000e\000s\000c\000r\000i\000p\000t\000i\000o\000n}{section.6.15}% 278
\BOOKMARK [1][-]{section.6.16}{\376\377\0006\000.\0001\0006\000\040\000a\000t\000.\000a\000c\000c\000e\000p\000t\000a\000n\000c\000e\000.\000b\000o\000u\000n\000d\000a\000r\000y\000.\000G\000r\000i\000d\000M\000o\000d\000e\000\040\000C\000l\000a\000s\000s\000\040\000R\000e\000f\000e\000r\000e\000n\000c\000e}{chapter.6}% 279
\BOOKMARK [2][-]{subsection.6.16.1}{\376\377\0006\000.\0001\0006\000.\0001\000\040\000D\000e\000t\000a\000i\000l\000e\000d\000\040\000D\000e\000s\000c\000r\000i\000p\000t\000i\000o\000n}{section.6.16}% 280
\BOOKMARK [1][-]{section.6.17}{\376\377\0006\000.\0001\0007\000\040\000a\000t\000.\000c\000o\000l\000l\000e\000c\000t\000i\000v\000e\000.\000h\000a\000i\000s\000s\000i\000n\000s\000k\000i\000.\000H\000a\000i\000s\000s\000i\000n\000s\000k\000i\000\040\000C\000l\000a\000s\000s\000\040\000R\000e\000f\000e\000r\000e\000n\000c\000e}{chapter.6}% 281
\BOOKMARK [2][-]{subsection.6.17.1}{\376\377\0006\000.\0001\0007\000.\0001\000\040\000D\000e\000t\000a\000i\000l\000e\000d\000\040\000D\000e\000s\000c\000r\000i\000p\000t\000i\000o\000n}{section.6.17}% 282
\BOOKMARK [2][-]{subsection.6.17.2}{\376\377\0006\000.\0001\0007\000.\0002\000\040\000M\000e\000m\000b\000e\000r\000\040\000F\000u\000n\000c\000t\000i\000o\000n\000\040\000D\000o\000c\000u\000m\000e\000n\000t\000a\000t\000i\000o\000n}{section.6.17}% 283
\BOOKMARK [3][-]{subsubsection.6.17.2.1}{\376\377\0006\000.\0001\0007\000.\0002\000.\0001\000\040\000c\000o\000m\000p\000u\000t\000e\000\137\000S\000m\000a\000t\000\050\000\051}{subsection.6.17.2}% 284
\BOOKMARK [3][-]{subsubsection.6.17.2.2}{\376\377\0006\000.\0001\0007\000.\0002\000.\0002\000\040\000c\000o\000n\000v\000e\000r\000g\000e\000n\000c\000e\000\050\000\051}{subsection.6.17.2}% 285
\BOOKMARK [3][-]{subsubsection.6.17.2.3}{\376\377\0006\000.\0001\0007\000.\0002\000.\0003\000\040\000d\000F\000i\000\137\000d\000p\000h\000i\000j\000\050\000\051}{subsection.6.17.2}% 286
\BOOKMARK [3][-]{subsubsection.6.17.2.4}{\376\377\0006\000.\0001\0007\000.\0002\000.\0004\000\040\000F\000i\000\050\000\051}{subsection.6.17.2}% 287
\BOOKMARK [3][-]{subsubsection.6.17.2.5}{\376\377\0006\000.\0001\0007\000.\0002\000.\0005\000\040\000i\000n\000i\000t\000i\000a\000l\000\137\000p\000h\000i\000\050\000\051}{subsection.6.17.2}% 288
\BOOKMARK [3][-]{subsubsection.6.17.2.6}{\376\377\0006\000.\0001\0007\000.\0002\000.\0006\000\040\000p\000r\000e\000c\000o\000m\000p\000u\000t\000e\000\137\000S\000\050\000\051}{subsection.6.17.2}% 289
\BOOKMARK [3][-]{subsubsection.6.17.2.7}{\376\377\0006\000.\0001\0007\000.\0002\000.\0007\000\040\000s\000e\000t\000\137\000I\000\050\000\051}{subsection.6.17.2}% 290
\BOOKMARK [3][-]{subsubsection.6.17.2.8}{\376\377\0006\000.\0001\0007\000.\0002\000.\0008\000\040\000s\000e\000t\000\137\000w\000e\000i\000g\000h\000t\000s\000\050\000\051}{subsection.6.17.2}% 291
\BOOKMARK [3][-]{subsubsection.6.17.2.9}{\376\377\0006\000.\0001\0007\000.\0002\000.\0009\000\040\000s\000o\000l\000v\000e\000\137\000s\000t\000e\000p\000s\000\050\000\051}{subsection.6.17.2}% 292
\BOOKMARK [1][-]{section.6.18}{\376\377\0006\000.\0001\0008\000\040\000a\000t\000.\000p\000h\000y\000s\000i\000c\000s\000.\000h\000a\000r\000m\000o\000n\000i\000c\000\137\000a\000n\000a\000l\000y\000s\000i\000s\000.\000H\000a\000r\000m\000o\000n\000i\000c\000A\000n\000a\000l\000y\000s\000i\000s\000\040\000C\000l\000a\000s\000s\000\040\000R\000e\000f\000e\000r\000e\000n\000c\000e}{chapter.6}% 293
\BOOKMARK [1][-]{section.6.19}{\376\377\0006\000.\0001\0009\000\040\000a\000t\000.\000l\000a\000t\000t\000i\000c\000e\000.\000l\000a\000t\000t\000i\000c\000e\000\137\000o\000b\000j\000e\000c\000t\000.\000L\000a\000t\000t\000i\000c\000e\000\040\000C\000l\000a\000s\000s\000\040\000R\000e\000f\000e\000r\000e\000n\000c\000e}{chapter.6}% 294
\BOOKMARK [2][-]{subsection.6.19.1}{\376\377\0006\000.\0001\0009\000.\0001\000\040\000D\000e\000t\000a\000i\000l\000e\000d\000\040\000D\000e\000s\000c\000r\000i\000p\000t\000i\000o\000n}{section.6.19}% 295
\BOOKMARK [2][-]{subsection.6.19.2}{\376\377\0006\000.\0001\0009\000.\0002\000\040\000C\000o\000n\000s\000t\000r\000u\000c\000t\000o\000r\000\040\000\046\000\040\000D\000e\000s\000t\000r\000u\000c\000t\000o\000r\000\040\000D\000o\000c\000u\000m\000e\000n\000t\000a\000t\000i\000o\000n}{section.6.19}% 296
\BOOKMARK [3][-]{subsubsection.6.19.2.1}{\376\377\0006\000.\0001\0009\000.\0002\000.\0001\000\040\000\137\000\137\000i\000n\000i\000t\000\137\000\137\000\050\000\051}{subsection.6.19.2}% 297
\BOOKMARK [2][-]{subsection.6.19.3}{\376\377\0006\000.\0001\0009\000.\0003\000\040\000M\000e\000m\000b\000e\000r\000\040\000F\000u\000n\000c\000t\000i\000o\000n\000\040\000D\000o\000c\000u\000m\000e\000n\000t\000a\000t\000i\000o\000n}{section.6.19}% 298
\BOOKMARK [3][-]{subsubsection.6.19.3.1}{\376\377\0006\000.\0001\0009\000.\0003\000.\0001\000\040\000\137\000\137\000a\000d\000d\000\137\000\137\000\050\000\051}{subsection.6.19.3}% 299
\BOOKMARK [3][-]{subsubsection.6.19.3.2}{\376\377\0006\000.\0001\0009\000.\0003\000.\0002\000\040\000\137\000\137\000m\000u\000l\000\137\000\137\000\050\000\051}{subsection.6.19.3}% 300
\BOOKMARK [3][-]{subsubsection.6.19.3.3}{\376\377\0006\000.\0001\0009\000.\0003\000.\0003\000\040\000a\000t\000t\000r\000s\000\050\000\051}{subsection.6.19.3}% 301
\BOOKMARK [3][-]{subsubsection.6.19.3.4}{\376\377\0006\000.\0001\0009\000.\0003\000.\0004\000\040\000a\000t\000t\000r\000s\000\137\000f\000i\000l\000t\000e\000r\000\050\000\051}{subsection.6.19.3}% 302
\BOOKMARK [3][-]{subsubsection.6.19.3.5}{\376\377\0006\000.\0001\0009\000.\0003\000.\0005\000\040\000b\000o\000o\000l\000\137\000r\000e\000f\000p\000t\000s\000\050\000\051}{subsection.6.19.3}% 303
\BOOKMARK [3][-]{subsubsection.6.19.3.6}{\376\377\0006\000.\0001\0009\000.\0003\000.\0006\000\040\000c\000i\000r\000c\000u\000m\000f\000e\000r\000e\000n\000c\000e\000\050\000\051}{subsection.6.19.3}% 304
\BOOKMARK [3][-]{subsubsection.6.19.3.7}{\376\377\0006\000.\0001\0009\000.\0003\000.\0007\000\040\000c\000o\000p\000y\000\050\000\051}{subsection.6.19.3}% 305
\BOOKMARK [3][-]{subsubsection.6.19.3.8}{\376\377\0006\000.\0001\0009\000.\0003\000.\0008\000\040\000d\000e\000e\000p\000c\000o\000p\000y\000\050\000\051}{subsection.6.19.3}% 306
\BOOKMARK [3][-]{subsubsection.6.19.3.9}{\376\377\0006\000.\0001\0009\000.\0003\000.\0009\000\040\000e\000n\000e\000r\000g\000y\000\050\000\051}{subsection.6.19.3}% 307
\BOOKMARK [3][-]{subsubsection.6.19.3.10}{\376\377\0006\000.\0001\0009\000.\0003\000.\0001\0000\000\040\000i\000\137\000r\000a\000n\000g\000e\000\050\000\051}{subsection.6.19.3}% 308
\BOOKMARK [3][-]{subsubsection.6.19.3.11}{\376\377\0006\000.\0001\0009\000.\0003\000.\0001\0001\000\040\000m\000o\000d\000i\000f\000y\000\137\000e\000l\000e\000m\000e\000n\000t\000s\000\050\000\051}{subsection.6.19.3}% 309
\BOOKMARK [3][-]{subsubsection.6.19.3.12}{\376\377\0006\000.\0001\0009\000.\0003\000.\0001\0002\000\040\000p\000a\000r\000t\000i\000c\000l\000e\000\050\000\051}{subsection.6.19.3}% 310
\BOOKMARK [3][-]{subsubsection.6.19.3.13}{\376\377\0006\000.\0001\0009\000.\0003\000.\0001\0003\000\040\000r\000a\000d\000i\000a\000t\000i\000o\000n\000\050\000\051}{subsection.6.19.3}% 311
\BOOKMARK [3][-]{subsubsection.6.19.3.14}{\376\377\0006\000.\0001\0009\000.\0003\000.\0001\0004\000\040\000r\000a\000d\000i\000a\000t\000i\000o\000n\000\137\000o\000f\000f\000\050\000\051}{subsection.6.19.3}% 312
\BOOKMARK [3][-]{subsubsection.6.19.3.15}{\376\377\0006\000.\0001\0009\000.\0003\000.\0001\0005\000\040\000r\000a\000d\000i\000a\000t\000i\000o\000n\000\137\000o\000n\000\050\000\051}{subsection.6.19.3}% 313
\BOOKMARK [3][-]{subsubsection.6.19.3.16}{\376\377\0006\000.\0001\0009\000.\0003\000.\0001\0006\000\040\000r\000e\000p\000l\000a\000c\000e\000\050\000\051}{subsection.6.19.3}% 314
\BOOKMARK [3][-]{subsubsection.6.19.3.17}{\376\377\0006\000.\0001\0009\000.\0003\000.\0001\0007\000\040\000r\000e\000v\000o\000l\000u\000t\000i\000o\000n\000\137\000f\000r\000e\000q\000u\000e\000n\000c\000y\000\050\000\051}{subsection.6.19.3}% 315
\BOOKMARK [3][-]{subsubsection.6.19.3.18}{\376\377\0006\000.\0001\0009\000.\0003\000.\0001\0008\000\040\000r\000o\000t\000a\000t\000e\000\050\000\051}{subsection.6.19.3}% 316
\BOOKMARK [3][-]{subsubsection.6.19.3.19}{\376\377\0006\000.\0001\0009\000.\0003\000.\0001\0009\000\040\000s\000\137\000r\000a\000n\000g\000e\000\050\000\051}{subsection.6.19.3}% 317
\BOOKMARK [3][-]{subsubsection.6.19.3.20}{\376\377\0006\000.\0001\0009\000.\0003\000.\0002\0000\000\040\000s\000b\000r\000e\000a\000k\000\050\000\051}{subsection.6.19.3}% 318
\BOOKMARK [3][-]{subsubsection.6.19.3.21}{\376\377\0006\000.\0001\0009\000.\0003\000.\0002\0001\000\040\000s\000l\000i\000c\000e\000\050\000\051}{subsection.6.19.3}% 319
\BOOKMARK [3][-]{subsubsection.6.19.3.22}{\376\377\0006\000.\0001\0009\000.\0003\000.\0002\0002\000\040\000u\000i\000n\000t\0003\0002\000\137\000r\000e\000f\000p\000t\000s\000\050\000\051}{subsection.6.19.3}% 320
\BOOKMARK [3][-]{subsubsection.6.19.3.23}{\376\377\0006\000.\0001\0009\000.\0003\000.\0002\0003\000\040\000u\000p\000d\000a\000t\000e\000\050\000\051}{subsection.6.19.3}% 321
\BOOKMARK [1][-]{section.6.20}{\376\377\0006\000.\0002\0000\000\040\000a\000t\000.\000m\000a\000t\000c\000h\000i\000n\000g\000.\000m\000a\000t\000c\000h\000i\000n\000g\000.\000L\000i\000n\000o\000p\000t\000C\000o\000n\000s\000t\000r\000a\000i\000n\000t\000s\000\040\000C\000l\000a\000s\000s\000\040\000R\000e\000f\000e\000r\000e\000n\000c\000e}{chapter.6}% 322
\BOOKMARK [2][-]{subsection.6.20.1}{\376\377\0006\000.\0002\0000\000.\0001\000\040\000D\000e\000t\000a\000i\000l\000e\000d\000\040\000D\000e\000s\000c\000r\000i\000p\000t\000i\000o\000n}{section.6.20}% 323
\BOOKMARK [2][-]{subsection.6.20.2}{\376\377\0006\000.\0002\0000\000.\0002\000\040\000C\000o\000n\000s\000t\000r\000u\000c\000t\000o\000r\000\040\000\046\000\040\000D\000e\000s\000t\000r\000u\000c\000t\000o\000r\000\040\000D\000o\000c\000u\000m\000e\000n\000t\000a\000t\000i\000o\000n}{section.6.20}% 324
\BOOKMARK [3][-]{subsubsection.6.20.2.1}{\376\377\0006\000.\0002\0000\000.\0002\000.\0001\000\040\000\137\000\137\000i\000n\000i\000t\000\137\000\137\000\050\000\051}{subsection.6.20.2}% 325
\BOOKMARK [2][-]{subsection.6.20.3}{\376\377\0006\000.\0002\0000\000.\0003\000\040\000M\000e\000m\000b\000e\000r\000\040\000F\000u\000n\000c\000t\000i\000o\000n\000\040\000D\000o\000c\000u\000m\000e\000n\000t\000a\000t\000i\000o\000n}{section.6.20}% 326
\BOOKMARK [3][-]{subsubsection.6.20.3.1}{\376\377\0006\000.\0002\0000\000.\0003\000.\0001\000\040\000a\000d\000d\000\050\000\051}{subsection.6.20.3}% 327
\BOOKMARK [3][-]{subsubsection.6.20.3.2}{\376\377\0006\000.\0002\0000\000.\0003\000.\0002\000\040\000c\000o\000m\000p\000u\000t\000e\000\050\000\051}{subsection.6.20.3}% 328
\BOOKMARK [1][-]{section.6.21}{\376\377\0006\000.\0002\0001\000\040\000a\000t\000.\000l\000a\000t\000t\000i\000c\000e\000.\000e\000l\000e\000m\000e\000n\000t\000s\000.\000L\000o\000n\000g\000E\000l\000e\000m\000e\000n\000t\000\040\000C\000l\000a\000s\000s\000\040\000R\000e\000f\000e\000r\000e\000n\000c\000e}{chapter.6}% 329
\BOOKMARK [2][-]{subsection.6.21.1}{\376\377\0006\000.\0002\0001\000.\0001\000\040\000D\000e\000t\000a\000i\000l\000e\000d\000\040\000D\000e\000s\000c\000r\000i\000p\000t\000i\000o\000n}{section.6.21}% 330
\BOOKMARK [2][-]{subsection.6.21.2}{\376\377\0006\000.\0002\0001\000.\0002\000\040\000M\000e\000m\000b\000e\000r\000\040\000F\000u\000n\000c\000t\000i\000o\000n\000\040\000D\000o\000c\000u\000m\000e\000n\000t\000a\000t\000i\000o\000n}{section.6.21}% 331
\BOOKMARK [3][-]{subsubsection.6.21.2.1}{\376\377\0006\000.\0002\0001\000.\0002\000.\0001\000\040\000d\000i\000v\000i\000d\000e\000\050\000\051}{subsection.6.21.2}% 332
\BOOKMARK [1][-]{section.6.22}{\376\377\0006\000.\0002\0002\000\040\000a\000t\000.\000c\000o\000l\000l\000e\000c\000t\000i\000v\000e\000.\000w\000a\000k\000e\000\137\000e\000l\000e\000m\000e\000n\000t\000s\000.\000L\000o\000n\000g\000R\000e\000s\000o\000n\000a\000t\000o\000r\000E\000l\000e\000m\000e\000n\000t\000\040\000C\000l\000a\000s\000s\000\040\000R\000e\000f\000e\000r\000e\000n\000c\000e}{chapter.6}% 333
\BOOKMARK [2][-]{subsection.6.22.1}{\376\377\0006\000.\0002\0002\000.\0001\000\040\000D\000e\000t\000a\000i\000l\000e\000d\000\040\000D\000e\000s\000c\000r\000i\000p\000t\000i\000o\000n}{section.6.22}% 334
\BOOKMARK [1][-]{section.6.23}{\376\377\0006\000.\0002\0003\000\040\000a\000t\000.\000l\000a\000t\000t\000i\000c\000e\000.\000e\000l\000e\000m\000e\000n\000t\000s\000.\000M\0006\0006\000\040\000C\000l\000a\000s\000s\000\040\000R\000e\000f\000e\000r\000e\000n\000c\000e}{chapter.6}% 335
\BOOKMARK [2][-]{subsection.6.23.1}{\376\377\0006\000.\0002\0003\000.\0001\000\040\000D\000e\000t\000a\000i\000l\000e\000d\000\040\000D\000e\000s\000c\000r\000i\000p\000t\000i\000o\000n}{section.6.23}% 336
\BOOKMARK [1][-]{section.6.24}{\376\377\0006\000.\0002\0004\000\040\000a\000t\000.\000l\000a\000t\000t\000i\000c\000e\000.\000e\000l\000e\000m\000e\000n\000t\000s\000.\000M\000a\000r\000k\000e\000r\000\040\000C\000l\000a\000s\000s\000\040\000R\000e\000f\000e\000r\000e\000n\000c\000e}{chapter.6}% 337
\BOOKMARK [2][-]{subsection.6.24.1}{\376\377\0006\000.\0002\0004\000.\0001\000\040\000D\000e\000t\000a\000i\000l\000e\000d\000\040\000D\000e\000s\000c\000r\000i\000p\000t\000i\000o\000n}{section.6.24}% 338
\BOOKMARK [1][-]{section.6.25}{\376\377\0006\000.\0002\0005\000\040\000a\000t\000.\000l\000a\000t\000t\000i\000c\000e\000.\000e\000l\000e\000m\000e\000n\000t\000s\000.\000M\000o\000n\000i\000t\000o\000r\000\040\000C\000l\000a\000s\000s\000\040\000R\000e\000f\000e\000r\000e\000n\000c\000e}{chapter.6}% 339
\BOOKMARK [2][-]{subsection.6.25.1}{\376\377\0006\000.\0002\0005\000.\0001\000\040\000D\000e\000t\000a\000i\000l\000e\000d\000\040\000D\000e\000s\000c\000r\000i\000p\000t\000i\000o\000n}{section.6.25}% 340
\BOOKMARK [1][-]{section.6.26}{\376\377\0006\000.\0002\0006\000\040\000a\000t\000.\000l\000a\000t\000t\000i\000c\000e\000.\000e\000l\000e\000m\000e\000n\000t\000s\000.\000M\000u\000l\000t\000i\000p\000o\000l\000e\000\040\000C\000l\000a\000s\000s\000\040\000R\000e\000f\000e\000r\000e\000n\000c\000e}{chapter.6}% 341
\BOOKMARK [2][-]{subsection.6.26.1}{\376\377\0006\000.\0002\0006\000.\0001\000\040\000D\000e\000t\000a\000i\000l\000e\000d\000\040\000D\000e\000s\000c\000r\000i\000p\000t\000i\000o\000n}{section.6.26}% 342
\BOOKMARK [2][-]{subsection.6.26.2}{\376\377\0006\000.\0002\0006\000.\0002\000\040\000C\000o\000n\000s\000t\000r\000u\000c\000t\000o\000r\000\040\000\046\000\040\000D\000e\000s\000t\000r\000u\000c\000t\000o\000r\000\040\000D\000o\000c\000u\000m\000e\000n\000t\000a\000t\000i\000o\000n}{section.6.26}% 343
\BOOKMARK [3][-]{subsubsection.6.26.2.1}{\376\377\0006\000.\0002\0006\000.\0002\000.\0001\000\040\000\137\000\137\000i\000n\000i\000t\000\137\000\137\000\050\000\051}{subsection.6.26.2}% 344
\BOOKMARK [2][-]{subsection.6.26.3}{\376\377\0006\000.\0002\0006\000.\0003\000\040\000M\000e\000m\000b\000e\000r\000\040\000D\000a\000t\000a\000\040\000D\000o\000c\000u\000m\000e\000n\000t\000a\000t\000i\000o\000n}{section.6.26}% 345
\BOOKMARK [3][-]{subsubsection.6.26.3.1}{\376\377\0006\000.\0002\0006\000.\0003\000.\0001\000\040\000R\000E\000Q\000U\000I\000R\000E\000D\000\137\000A\000T\000T\000R\000I\000B\000U\000T\000E\000S}{subsection.6.26.3}% 346
\BOOKMARK [1][-]{section.6.27}{\376\377\0006\000.\0002\0007\000\040\000a\000t\000.\000l\000a\000t\000t\000i\000c\000e\000.\000e\000l\000e\000m\000e\000n\000t\000s\000.\000O\000c\000t\000u\000p\000o\000l\000e\000\040\000C\000l\000a\000s\000s\000\040\000R\000e\000f\000e\000r\000e\000n\000c\000e}{chapter.6}% 347
\BOOKMARK [2][-]{subsection.6.27.1}{\376\377\0006\000.\0002\0007\000.\0001\000\040\000D\000e\000t\000a\000i\000l\000e\000d\000\040\000D\000e\000s\000c\000r\000i\000p\000t\000i\000o\000n}{section.6.27}% 348
\BOOKMARK [1][-]{section.6.28}{\376\377\0006\000.\0002\0008\000\040\000a\000t\000.\000m\000a\000t\000c\000h\000i\000n\000g\000.\000m\000a\000t\000c\000h\000i\000n\000g\000.\000O\000r\000b\000i\000t\000C\000o\000n\000s\000t\000r\000a\000i\000n\000t\000s\000\040\000C\000l\000a\000s\000s\000\040\000R\000e\000f\000e\000r\000e\000n\000c\000e}{chapter.6}% 349
\BOOKMARK [2][-]{subsection.6.28.1}{\376\377\0006\000.\0002\0008\000.\0001\000\040\000D\000e\000t\000a\000i\000l\000e\000d\000\040\000D\000e\000s\000c\000r\000i\000p\000t\000i\000o\000n}{section.6.28}% 350
\BOOKMARK [2][-]{subsection.6.28.2}{\376\377\0006\000.\0002\0008\000.\0002\000\040\000C\000o\000n\000s\000t\000r\000u\000c\000t\000o\000r\000\040\000\046\000\040\000D\000e\000s\000t\000r\000u\000c\000t\000o\000r\000\040\000D\000o\000c\000u\000m\000e\000n\000t\000a\000t\000i\000o\000n}{section.6.28}% 351
\BOOKMARK [3][-]{subsubsection.6.28.2.1}{\376\377\0006\000.\0002\0008\000.\0002\000.\0001\000\040\000\137\000\137\000i\000n\000i\000t\000\137\000\137\000\050\000\051}{subsection.6.28.2}% 352
\BOOKMARK [2][-]{subsection.6.28.3}{\376\377\0006\000.\0002\0008\000.\0003\000\040\000M\000e\000m\000b\000e\000r\000\040\000F\000u\000n\000c\000t\000i\000o\000n\000\040\000D\000o\000c\000u\000m\000e\000n\000t\000a\000t\000i\000o\000n}{section.6.28}% 353
\BOOKMARK [3][-]{subsubsection.6.28.3.1}{\376\377\0006\000.\0002\0008\000.\0003\000.\0001\000\040\000a\000d\000d\000\050\000\051}{subsection.6.28.3}% 354
\BOOKMARK [3][-]{subsubsection.6.28.3.2}{\376\377\0006\000.\0002\0008\000.\0003\000.\0002\000\040\000c\000o\000m\000p\000u\000t\000e\000\050\000\051}{subsection.6.28.3}% 355
\BOOKMARK [1][-]{section.6.29}{\376\377\0006\000.\0002\0009\000\040\000a\000t\000.\000l\000a\000t\000t\000i\000c\000e\000.\000p\000a\000r\000t\000i\000c\000l\000e\000\137\000o\000b\000j\000e\000c\000t\000.\000P\000a\000r\000t\000i\000c\000l\000e\000\040\000C\000l\000a\000s\000s\000\040\000R\000e\000f\000e\000r\000e\000n\000c\000e}{chapter.6}% 356
\BOOKMARK [2][-]{subsection.6.29.1}{\376\377\0006\000.\0002\0009\000.\0001\000\040\000D\000e\000t\000a\000i\000l\000e\000d\000\040\000D\000e\000s\000c\000r\000i\000p\000t\000i\000o\000n}{section.6.29}% 357
\BOOKMARK [1][-]{section.6.30}{\376\377\0006\000.\0003\0000\000\040\000a\000t\000.\000l\000a\000t\000t\000i\000c\000e\000.\000e\000l\000e\000m\000e\000n\000t\000s\000.\000Q\000u\000a\000d\000r\000u\000p\000o\000l\000e\000\040\000C\000l\000a\000s\000s\000\040\000R\000e\000f\000e\000r\000e\000n\000c\000e}{chapter.6}% 358
\BOOKMARK [2][-]{subsection.6.30.1}{\376\377\0006\000.\0003\0000\000.\0001\000\040\000D\000e\000t\000a\000i\000l\000e\000d\000\040\000D\000e\000s\000c\000r\000i\000p\000t\000i\000o\000n}{section.6.30}% 359
\BOOKMARK [2][-]{subsection.6.30.2}{\376\377\0006\000.\0003\0000\000.\0002\000\040\000C\000o\000n\000s\000t\000r\000u\000c\000t\000o\000r\000\040\000\046\000\040\000D\000e\000s\000t\000r\000u\000c\000t\000o\000r\000\040\000D\000o\000c\000u\000m\000e\000n\000t\000a\000t\000i\000o\000n}{section.6.30}% 360
\BOOKMARK [3][-]{subsubsection.6.30.2.1}{\376\377\0006\000.\0003\0000\000.\0002\000.\0001\000\040\000\137\000\137\000i\000n\000i\000t\000\137\000\137\000\050\000\051}{subsection.6.30.2}% 361
\BOOKMARK [1][-]{section.6.31}{\376\377\0006\000.\0003\0001\000\040\000a\000t\000.\000c\000o\000l\000l\000e\000c\000t\000i\000v\000e\000.\000w\000a\000k\000e\000\137\000e\000l\000e\000m\000e\000n\000t\000s\000.\000R\000e\000s\000o\000n\000a\000t\000o\000r\000E\000l\000e\000m\000e\000n\000t\000\040\000C\000l\000a\000s\000s\000\040\000R\000e\000f\000e\000r\000e\000n\000c\000e}{chapter.6}% 362
\BOOKMARK [2][-]{subsection.6.31.1}{\376\377\0006\000.\0003\0001\000.\0001\000\040\000D\000e\000t\000a\000i\000l\000e\000d\000\040\000D\000e\000s\000c\000r\000i\000p\000t\000i\000o\000n}{section.6.31}% 363
\BOOKMARK [1][-]{section.6.32}{\376\377\0006\000.\0003\0002\000\040\000a\000t\000.\000c\000o\000l\000l\000e\000c\000t\000i\000v\000e\000.\000w\000a\000k\000e\000\137\000e\000l\000e\000m\000e\000n\000t\000s\000.\000R\000e\000s\000W\000a\000l\000l\000E\000l\000e\000m\000e\000n\000t\000\040\000C\000l\000a\000s\000s\000\040\000R\000e\000f\000e\000r\000e\000n\000c\000e}{chapter.6}% 364
\BOOKMARK [2][-]{subsection.6.32.1}{\376\377\0006\000.\0003\0002\000.\0001\000\040\000D\000e\000t\000a\000i\000l\000e\000d\000\040\000D\000e\000s\000c\000r\000i\000p\000t\000i\000o\000n}{section.6.32}% 365
\BOOKMARK [1][-]{section.6.33}{\376\377\0006\000.\0003\0003\000\040\000a\000t\000.\000l\000a\000t\000t\000i\000c\000e\000.\000e\000l\000e\000m\000e\000n\000t\000s\000.\000R\000F\000C\000a\000v\000i\000t\000y\000\040\000C\000l\000a\000s\000s\000\040\000R\000e\000f\000e\000r\000e\000n\000c\000e}{chapter.6}% 366
\BOOKMARK [2][-]{subsection.6.33.1}{\376\377\0006\000.\0003\0003\000.\0001\000\040\000D\000e\000t\000a\000i\000l\000e\000d\000\040\000D\000e\000s\000c\000r\000i\000p\000t\000i\000o\000n}{section.6.33}% 367
\BOOKMARK [2][-]{subsection.6.33.2}{\376\377\0006\000.\0003\0003\000.\0002\000\040\000C\000o\000n\000s\000t\000r\000u\000c\000t\000o\000r\000\040\000\046\000\040\000D\000e\000s\000t\000r\000u\000c\000t\000o\000r\000\040\000D\000o\000c\000u\000m\000e\000n\000t\000a\000t\000i\000o\000n}{section.6.33}% 368
\BOOKMARK [3][-]{subsubsection.6.33.2.1}{\376\377\0006\000.\0003\0003\000.\0002\000.\0001\000\040\000\137\000\137\000i\000n\000i\000t\000\137\000\137\000\050\000\051}{subsection.6.33.2}% 369
\BOOKMARK [2][-]{subsection.6.33.3}{\376\377\0006\000.\0003\0003\000.\0003\000\040\000M\000e\000m\000b\000e\000r\000\040\000D\000a\000t\000a\000\040\000D\000o\000c\000u\000m\000e\000n\000t\000a\000t\000i\000o\000n}{section.6.33}% 370
\BOOKMARK [3][-]{subsubsection.6.33.3.1}{\376\377\0006\000.\0003\0003\000.\0003\000.\0001\000\040\000R\000E\000Q\000U\000I\000R\000E\000D\000\137\000A\000T\000T\000R\000I\000B\000U\000T\000E\000S}{subsection.6.33.3}% 371
\BOOKMARK [1][-]{section.6.34}{\376\377\0006\000.\0003\0004\000\040\000a\000t\000.\000l\000o\000a\000d\000.\000u\000t\000i\000l\000s\000.\000R\000i\000n\000g\000P\000a\000r\000a\000m\000\040\000C\000l\000a\000s\000s\000\040\000R\000e\000f\000e\000r\000e\000n\000c\000e}{chapter.6}% 372
\BOOKMARK [2][-]{subsection.6.34.1}{\376\377\0006\000.\0003\0004\000.\0001\000\040\000D\000e\000t\000a\000i\000l\000e\000d\000\040\000D\000e\000s\000c\000r\000i\000p\000t\000i\000o\000n}{section.6.34}% 373
\BOOKMARK [2][-]{subsection.6.34.2}{\376\377\0006\000.\0003\0004\000.\0002\000\040\000M\000e\000m\000b\000e\000r\000\040\000D\000a\000t\000a\000\040\000D\000o\000c\000u\000m\000e\000n\000t\000a\000t\000i\000o\000n}{section.6.34}% 374
\BOOKMARK [3][-]{subsubsection.6.34.2.1}{\376\377\0006\000.\0003\0004\000.\0002\000.\0001\000\040\000R\000E\000Q\000U\000I\000R\000E\000D\000\137\000A\000T\000T\000R\000I\000B\000U\000T\000E\000S}{subsection.6.34.2}% 375
\BOOKMARK [1][-]{section.6.35}{\376\377\0006\000.\0003\0005\000\040\000a\000t\000.\000p\000h\000y\000s\000i\000c\000s\000.\000r\000i\000n\000g\000\137\000p\000a\000r\000a\000m\000e\000t\000e\000r\000s\000.\000R\000i\000n\000g\000P\000a\000r\000a\000m\000e\000t\000e\000r\000s\000\040\000C\000l\000a\000s\000s\000\040\000R\000e\000f\000e\000r\000e\000n\000c\000e}{chapter.6}% 376
\BOOKMARK [2][-]{subsection.6.35.1}{\376\377\0006\000.\0003\0005\000.\0001\000\040\000D\000e\000t\000a\000i\000l\000e\000d\000\040\000D\000e\000s\000c\000r\000i\000p\000t\000i\000o\000n}{section.6.35}% 377
\BOOKMARK [2][-]{subsection.6.35.2}{\376\377\0006\000.\0003\0005\000.\0002\000\040\000C\000o\000n\000s\000t\000r\000u\000c\000t\000o\000r\000\040\000\046\000\040\000D\000e\000s\000t\000r\000u\000c\000t\000o\000r\000\040\000D\000o\000c\000u\000m\000e\000n\000t\000a\000t\000i\000o\000n}{section.6.35}% 378
\BOOKMARK [3][-]{subsubsection.6.35.2.1}{\376\377\0006\000.\0003\0005\000.\0002\000.\0001\000\040\000\137\000\137\000i\000n\000i\000t\000\137\000\137\000\050\000\051}{subsection.6.35.2}% 379
\BOOKMARK [2][-]{subsection.6.35.3}{\376\377\0006\000.\0003\0005\000.\0003\000\040\000M\000e\000m\000b\000e\000r\000\040\000D\000a\000t\000a\000\040\000D\000o\000c\000u\000m\000e\000n\000t\000a\000t\000i\000o\000n}{section.6.35}% 380
\BOOKMARK [3][-]{subsubsection.6.35.3.1}{\376\377\0006\000.\0003\0005\000.\0003\000.\0001\000\040\000p\000r\000o\000p\000s}{subsection.6.35.3}% 381
\BOOKMARK [1][-]{section.6.36}{\376\377\0006\000.\0003\0006\000\040\000a\000t\000.\000l\000a\000t\000t\000i\000c\000e\000.\000e\000l\000e\000m\000e\000n\000t\000s\000.\000S\000e\000x\000t\000u\000p\000o\000l\000e\000\040\000C\000l\000a\000s\000s\000\040\000R\000e\000f\000e\000r\000e\000n\000c\000e}{chapter.6}% 382
\BOOKMARK [2][-]{subsection.6.36.1}{\376\377\0006\000.\0003\0006\000.\0001\000\040\000D\000e\000t\000a\000i\000l\000e\000d\000\040\000D\000e\000s\000c\000r\000i\000p\000t\000i\000o\000n}{section.6.36}% 383
\BOOKMARK [2][-]{subsection.6.36.2}{\376\377\0006\000.\0003\0006\000.\0002\000\040\000C\000o\000n\000s\000t\000r\000u\000c\000t\000o\000r\000\040\000\046\000\040\000D\000e\000s\000t\000r\000u\000c\000t\000o\000r\000\040\000D\000o\000c\000u\000m\000e\000n\000t\000a\000t\000i\000o\000n}{section.6.36}% 384
\BOOKMARK [3][-]{subsubsection.6.36.2.1}{\376\377\0006\000.\0003\0006\000.\0002\000.\0001\000\040\000\137\000\137\000i\000n\000i\000t\000\137\000\137\000\050\000\051}{subsection.6.36.2}% 385
\BOOKMARK [1][-]{section.6.37}{\376\377\0006\000.\0003\0007\000\040\000a\000t\000.\000l\000a\000t\000t\000i\000c\000e\000.\000e\000l\000e\000m\000e\000n\000t\000s\000.\000T\000h\000i\000n\000M\000u\000l\000t\000i\000p\000o\000l\000e\000\040\000C\000l\000a\000s\000s\000\040\000R\000e\000f\000e\000r\000e\000n\000c\000e}{chapter.6}% 386
\BOOKMARK [2][-]{subsection.6.37.1}{\376\377\0006\000.\0003\0007\000.\0001\000\040\000D\000e\000t\000a\000i\000l\000e\000d\000\040\000D\000e\000s\000c\000r\000i\000p\000t\000i\000o\000n}{section.6.37}% 387
\BOOKMARK [2][-]{subsection.6.37.2}{\376\377\0006\000.\0003\0007\000.\0002\000\040\000C\000o\000n\000s\000t\000r\000u\000c\000t\000o\000r\000\040\000\046\000\040\000D\000e\000s\000t\000r\000u\000c\000t\000o\000r\000\040\000D\000o\000c\000u\000m\000e\000n\000t\000a\000t\000i\000o\000n}{section.6.37}% 388
\BOOKMARK [3][-]{subsubsection.6.37.2.1}{\376\377\0006\000.\0003\0007\000.\0002\000.\0001\000\040\000\137\000\137\000i\000n\000i\000t\000\137\000\137\000\050\000\051}{subsection.6.37.2}% 389
\BOOKMARK [2][-]{subsection.6.37.3}{\376\377\0006\000.\0003\0007\000.\0003\000\040\000M\000e\000m\000b\000e\000r\000\040\000F\000u\000n\000c\000t\000i\000o\000n\000\040\000D\000o\000c\000u\000m\000e\000n\000t\000a\000t\000i\000o\000n}{section.6.37}% 390
\BOOKMARK [3][-]{subsubsection.6.37.3.1}{\376\377\0006\000.\0003\0007\000.\0003\000.\0001\000\040\000\137\000\137\000s\000e\000t\000a\000t\000t\000r\000\137\000\137\000\050\000\051}{subsection.6.37.3}% 391
\BOOKMARK [2][-]{subsection.6.37.4}{\376\377\0006\000.\0003\0007\000.\0004\000\040\000M\000e\000m\000b\000e\000r\000\040\000D\000a\000t\000a\000\040\000D\000o\000c\000u\000m\000e\000n\000t\000a\000t\000i\000o\000n}{section.6.37}% 392
\BOOKMARK [3][-]{subsubsection.6.37.4.1}{\376\377\0006\000.\0003\0007\000.\0004\000.\0001\000\040\000R\000E\000Q\000U\000I\000R\000E\000D\000\137\000A\000T\000T\000R\000I\000B\000U\000T\000E\000S}{subsection.6.37.4}% 393
\BOOKMARK [1][-]{section.6.38}{\376\377\0006\000.\0003\0008\000\040\000a\000t\000.\000m\000a\000t\000c\000h\000i\000n\000g\000.\000m\000a\000t\000c\000h\000i\000n\000g\000.\000V\000a\000r\000i\000a\000b\000l\000e\000\040\000C\000l\000a\000s\000s\000\040\000R\000e\000f\000e\000r\000e\000n\000c\000e}{chapter.6}% 394
\BOOKMARK [2][-]{subsection.6.38.1}{\376\377\0006\000.\0003\0008\000.\0001\000\040\000D\000e\000t\000a\000i\000l\000e\000d\000\040\000D\000e\000s\000c\000r\000i\000p\000t\000i\000o\000n}{section.6.38}% 395
\BOOKMARK [1][-]{section.6.39}{\376\377\0006\000.\0003\0009\000\040\000a\000t\000.\000c\000o\000l\000l\000e\000c\000t\000i\000v\000e\000.\000w\000a\000k\000e\000\137\000o\000b\000j\000e\000c\000t\000.\000W\000a\000k\000e\000\040\000C\000l\000a\000s\000s\000\040\000R\000e\000f\000e\000r\000e\000n\000c\000e}{chapter.6}% 396
\BOOKMARK [2][-]{subsection.6.39.1}{\376\377\0006\000.\0003\0009\000.\0001\000\040\000D\000e\000t\000a\000i\000l\000e\000d\000\040\000D\000e\000s\000c\000r\000i\000p\000t\000i\000o\000n}{section.6.39}% 397
\BOOKMARK [2][-]{subsection.6.39.2}{\376\377\0006\000.\0003\0009\000.\0002\000\040\000M\000e\000m\000b\000e\000r\000\040\000F\000u\000n\000c\000t\000i\000o\000n\000\040\000D\000o\000c\000u\000m\000e\000n\000t\000a\000t\000i\000o\000n}{section.6.39}% 398
\BOOKMARK [3][-]{subsubsection.6.39.2.1}{\376\377\0006\000.\0003\0009\000.\0002\000.\0001\000\040\000b\000u\000i\000l\000d\000\137\000s\000r\000a\000n\000g\000e\000\050\000\051}{subsection.6.39.2}% 399
\BOOKMARK [3][-]{subsubsection.6.39.2.2}{\376\377\0006\000.\0003\0009\000.\0002\000.\0002\000\040\000l\000o\000n\000g\000\137\000r\000e\000s\000o\000n\000a\000t\000o\000r\000\050\000\051}{subsection.6.39.2}% 400
\BOOKMARK [3][-]{subsubsection.6.39.2.3}{\376\377\0006\000.\0003\0009\000.\0002\000.\0003\000\040\000r\000e\000s\000i\000s\000t\000i\000v\000e\000\137\000w\000a\000l\000l\000\050\000\051}{subsection.6.39.2}% 401
\BOOKMARK [3][-]{subsubsection.6.39.2.4}{\376\377\0006\000.\0003\0009\000.\0002\000.\0004\000\040\000r\000e\000s\000o\000n\000a\000t\000o\000r\000\050\000\051}{subsection.6.39.2}% 402
\BOOKMARK [1][-]{section.6.40}{\376\377\0006\000.\0004\0000\000\040\000a\000t\000.\000c\000o\000l\000l\000e\000c\000t\000i\000v\000e\000.\000w\000a\000k\000e\000\137\000o\000b\000j\000e\000c\000t\000.\000W\000a\000k\000e\000C\000o\000m\000p\000o\000n\000e\000n\000t\000\040\000C\000l\000a\000s\000s\000\040\000R\000e\000f\000e\000r\000e\000n\000c\000e}{chapter.6}% 403
\BOOKMARK [2][-]{subsection.6.40.1}{\376\377\0006\000.\0004\0000\000.\0001\000\040\000D\000e\000t\000a\000i\000l\000e\000d\000\040\000D\000e\000s\000c\000r\000i\000p\000t\000i\000o\000n}{section.6.40}% 404
\BOOKMARK [1][-]{section.6.41}{\376\377\0006\000.\0004\0001\000\040\000a\000t\000.\000c\000o\000l\000l\000e\000c\000t\000i\000v\000e\000.\000w\000a\000k\000e\000\137\000e\000l\000e\000m\000e\000n\000t\000s\000.\000W\000a\000k\000e\000E\000l\000e\000m\000e\000n\000t\000\040\000C\000l\000a\000s\000s\000\040\000R\000e\000f\000e\000r\000e\000n\000c\000e}{chapter.6}% 405
\BOOKMARK [2][-]{subsection.6.41.1}{\376\377\0006\000.\0004\0001\000.\0001\000\040\000D\000e\000t\000a\000i\000l\000e\000d\000\040\000D\000e\000s\000c\000r\000i\000p\000t\000i\000o\000n}{section.6.41}% 406
\BOOKMARK [2][-]{subsection.6.41.2}{\376\377\0006\000.\0004\0001\000.\0002\000\040\000M\000e\000m\000b\000e\000r\000\040\000F\000u\000n\000c\000t\000i\000o\000n\000\040\000D\000o\000c\000u\000m\000e\000n\000t\000a\000t\000i\000o\000n}{section.6.41}% 407
\BOOKMARK [3][-]{subsubsection.6.41.2.1}{\376\377\0006\000.\0004\0001\000.\0002\000.\0001\000\040\000\137\000\137\000r\000e\000p\000r\000\137\000\137\000\050\000\051}{subsection.6.41.2}% 408
\BOOKMARK [1][-]{section.6.42}{\376\377\0006\000.\0004\0002\000\040\000a\000t\000.\000c\000o\000l\000l\000e\000c\000t\000i\000v\000e\000.\000w\000a\000k\000e\000\137\000o\000b\000j\000e\000c\000t\000.\000W\000a\000k\000e\000T\000y\000p\000e\000\040\000C\000l\000a\000s\000s\000\040\000R\000e\000f\000e\000r\000e\000n\000c\000e}{chapter.6}% 409
\BOOKMARK [2][-]{subsection.6.42.1}{\376\377\0006\000.\0004\0002\000.\0001\000\040\000D\000e\000t\000a\000i\000l\000e\000d\000\040\000D\000e\000s\000c\000r\000i\000p\000t\000i\000o\000n}{section.6.42}% 410
\BOOKMARK [1][-]{section.6.43}{\376\377\0006\000.\0004\0003\000\040\000a\000t\000.\000l\000a\000t\000t\000i\000c\000e\000.\000e\000l\000e\000m\000e\000n\000t\000s\000.\000W\000i\000g\000g\000l\000e\000r\000\040\000C\000l\000a\000s\000s\000\040\000R\000e\000f\000e\000r\000e\000n\000c\000e}{chapter.6}% 411
\BOOKMARK [2][-]{subsection.6.43.1}{\376\377\0006\000.\0004\0003\000.\0001\000\040\000D\000e\000t\000a\000i\000l\000e\000d\000\040\000D\000e\000s\000c\000r\000i\000p\000t\000i\000o\000n}{section.6.43}% 412
\BOOKMARK [2][-]{subsection.6.43.2}{\376\377\0006\000.\0004\0003\000.\0002\000\040\000C\000o\000n\000s\000t\000r\000u\000c\000t\000o\000r\000\040\000\046\000\040\000D\000e\000s\000t\000r\000u\000c\000t\000o\000r\000\040\000D\000o\000c\000u\000m\000e\000n\000t\000a\000t\000i\000o\000n}{section.6.43}% 413
\BOOKMARK [3][-]{subsubsection.6.43.2.1}{\376\377\0006\000.\0004\0003\000.\0002\000.\0001\000\040\000\137\000\137\000i\000n\000i\000t\000\137\000\137\000\050\000\051}{subsection.6.43.2}% 414
\BOOKMARK [2][-]{subsection.6.43.3}{\376\377\0006\000.\0004\0003\000.\0003\000\040\000M\000e\000m\000b\000e\000r\000\040\000D\000a\000t\000a\000\040\000D\000o\000c\000u\000m\000e\000n\000t\000a\000t\000i\000o\000n}{section.6.43}% 415
\BOOKMARK [3][-]{subsubsection.6.43.3.1}{\376\377\0006\000.\0004\0003\000.\0003\000.\0001\000\040\000R\000E\000Q\000U\000I\000R\000E\000D\000\137\000A\000T\000T\000R\000I\000B\000U\000T\000E\000S}{subsection.6.43.3}% 416
\BOOKMARK [0][-]{section*.233}{\376\377\000I\000n\000d\000e\000x}{}% 417
