This is pdfTeX, Version 3.14159265-2.6-1.40.20 (TeX Live 2019/Debian) (preloaded format=pdflatex 2022.5.6)  6 MAY 2022 13:32
entering extended mode
 restricted \write18 enabled.
 %&-line parsing enabled.
**refman
(./refman.tex
LaTeX2e <2020-02-02> patch level 2
L3 programming layer <2020-02-14>
(/usr/share/texlive/texmf-dist/tex/latex/base/book.cls
Document Class: book 2019/12/20 v1.4l Standard LaTeX document class
(/usr/share/texlive/texmf-dist/tex/latex/base/bk10.clo
File: bk10.clo 2019/12/20 v1.4l Standard LaTeX file (size option)
)
\c@part=\count167
\c@chapter=\count168
\c@section=\count169
\c@subsection=\count170
\c@subsubsection=\count171
\c@paragraph=\count172
\c@subparagraph=\count173
\c@figure=\count174
\c@table=\count175
\abovecaptionskip=\skip47
\belowcaptionskip=\skip48
\bibindent=\dimen134
)
(/usr/share/texlive/texmf-dist/tex/latex/base/ifthen.sty
Package: ifthen 2014/09/29 v1.1c Standard LaTeX ifthen package (DPC)
)
(/usr/share/texlive/texmf-dist/tex/latex/tools/array.sty
Rollback for package 'array' requested -> date 2016-10-06.
         Best approximation is the release introduced on 2016-10-06.

(/usr/share/texlive/texmf-dist/tex/latex/tools/array-2016-10-06.sty
Package: array 2016/10/06 v2.4d Tabular extension package (FMi)
\col@sep=\dimen135
\extrarowheight=\dimen136
\NC@list=\toks14
\extratabsurround=\skip49
\backup@length=\skip50
))
(/usr/share/texlive/texmf-dist/tex/latex/base/fixltx2e.sty
Package: fixltx2e 2016/12/29 v2.1a fixes to LaTeX (obsolete)
Applying: [2015/01/01] Old fixltx2e package on input line 46.


Package fixltx2e Warning: fixltx2e is not required with releases after 2015
(fixltx2e)                All fixes are now in the LaTeX kernel.
(fixltx2e)                See the latexrelease package for details.

Already applied: [0000/00/00] Old fixltx2e package on input line 53.
) (/usr/share/texlive/texmf-dist/tex/latex/tools/calc.sty
Package: calc 2017/05/25 v4.3 Infix arithmetic (KKT,FJ)
\calc@Acount=\count176
\calc@Bcount=\count177
\calc@Adimen=\dimen137
\calc@Bdimen=\dimen138
\calc@Askip=\skip51
\calc@Bskip=\skip52
LaTeX Info: Redefining \setlength on input line 80.
LaTeX Info: Redefining \addtolength on input line 81.
\calc@Ccount=\count178
\calc@Cskip=\skip53
) (./doxygen.sty
Package: doxygen 

(/usr/share/texlive/texmf-dist/tex/latex/base/alltt.sty
Package: alltt 1997/06/16 v2.0g defines alltt environment
)
(/usr/share/texlive/texmf-dist/tex/latex/float/float.sty
Package: float 2001/11/08 v1.3d Float enhancements (AL)
\c@float@type=\count179
\float@exts=\toks15
\float@box=\box45
\@float@everytoks=\toks16
\@floatcapt=\box46
)
(/usr/share/texlive/texmf-dist/tex/latex/tools/verbatim.sty
Package: verbatim 2019/11/10 v1.5r LaTeX2e package for verbatim enhancements
\every@verbatim=\toks17
\verbatim@line=\toks18
\verbatim@in@stream=\read2
)
(/usr/share/texlive/texmf-dist/tex/latex/xcolor/xcolor.sty
Package: xcolor 2016/05/11 v2.12 LaTeX color extensions (UK)

(/usr/share/texlive/texmf-dist/tex/latex/graphics-cfg/color.cfg
File: color.cfg 2016/01/02 v1.6 sample color configuration
)
Package xcolor Info: Driver file: pdftex.def on input line 225.

(/usr/share/texlive/texmf-dist/tex/latex/graphics-def/pdftex.def
File: pdftex.def 2018/01/08 v1.0l Graphics/color driver for pdftex
)
(/usr/share/texlive/texmf-dist/tex/latex/colortbl/colortbl.sty
Package: colortbl 2020/01/04 v1.0e Color table columns (DPC)
\everycr=\toks19
\minrowclearance=\skip54
)
\rownum=\count180
Package xcolor Info: Model `cmy' substituted by `cmy0' on input line 1348.
Package xcolor Info: Model `hsb' substituted by `rgb' on input line 1352.
Package xcolor Info: Model `RGB' extended on input line 1364.
Package xcolor Info: Model `HTML' substituted by `rgb' on input line 1366.
Package xcolor Info: Model `Hsb' substituted by `hsb' on input line 1367.
Package xcolor Info: Model `tHsb' substituted by `hsb' on input line 1368.
Package xcolor Info: Model `HSB' substituted by `hsb' on input line 1369.
Package xcolor Info: Model `Gray' substituted by `gray' on input line 1370.
Package xcolor Info: Model `wave' substituted by `hsb' on input line 1371.
)
(./longtable_doxygen.sty
Package: longtable_doxygen 2014/10/28 v4.11 Multi-page Table package (DPC) - fr
ozen version for doxygen
\LTleft=\skip55
\LTright=\skip56
\LTpre=\skip57
\LTpost=\skip58
\LTchunksize=\count181
\LTcapwidth=\dimen139
\LT@head=\box47
\LT@firsthead=\box48
\LT@foot=\box49
\LT@lastfoot=\box50
\LT@cols=\count182
\LT@rows=\count183
\c@LT@tables=\count184
\c@LT@chunks=\count185
\LT@p@ftn=\toks20
) (./tabu_doxygen.sty
Package: tabu_doxygen 2011/02/26 v2.8 - flexible LaTeX tabulars (FC), frozen ve
rsion for doxygen

(/usr/share/texlive/texmf-dist/tex/latex/varwidth/varwidth.sty
Package: varwidth 2009/03/30 ver 0.92;  Variable-width minipages
\@vwid@box=\box51
\sift@deathcycles=\count186
\@vwid@loff=\dimen140
\@vwid@roff=\dimen141
)
\c@taburow=\count187
\tabu@nbcols=\count188
\tabu@cnt=\count189
\tabu@Xcol=\count190
\tabu@alloc=\count191
\tabu@nested=\count192
\tabu@target=\dimen142
\tabu@spreadtarget=\dimen143
\tabu@naturalX=\dimen144
\tabucolX=\dimen145
\tabu@Xsum=\dimen146
\extrarowdepth=\dimen147
\abovetabulinesep=\dimen148
\belowtabulinesep=\dimen149
\tabustrutrule=\dimen150
\tabu@thebody=\toks21
\tabu@footnotes=\toks22
\tabu@box=\box52
\tabu@arstrutbox=\box53
\tabu@hleads=\box54
\tabu@vleads=\box55
\tabu@cellskip=\skip59
)
(/usr/share/texlive/texmf-dist/tex/latex/fancyvrb/fancyvrb.sty
Package: fancyvrb 2020/01/13 v3.5 verbatim text (tvz,hv)

(/usr/share/texlive/texmf-dist/tex/latex/graphics/keyval.sty
Package: keyval 2014/10/28 v1.15 key=value parser (DPC)
\KV@toks@=\toks23
)
\FV@CodeLineNo=\count193
\FV@InFile=\read3
\FV@TabBox=\box56
\c@FancyVerbLine=\count194
\FV@StepNumber=\count195
\FV@OutFile=\write3
)
(/usr/share/texlive/texmf-dist/tex/latex/tools/tabularx.sty
Package: tabularx 2020/01/15 v2.11c `tabularx' package (DPC)
\TX@col@width=\dimen151
\TX@old@table=\dimen152
\TX@old@col=\dimen153
\TX@target=\dimen154
\TX@delta=\dimen155
\TX@cols=\count196
\TX@ftn=\toks24
)
(/usr/share/texlive/texmf-dist/tex/latex/multirow/multirow.sty
Package: multirow 2019/05/31 v2.5 Span multiple rows of a table
\multirow@colwidth=\skip60
\multirow@cntb=\count197
\multirow@dima=\skip61
\bigstrutjot=\dimen156
)
(/usr/share/texlive/texmf-dist/tex/latex/hanging/hanging.sty
Package: hanging 2009/09/02 v1.2b hanging paragraphs and punctuation
\h@ngcommawd=\skip62
\h@ngfstopwd=\skip63
\h@ngquotewd=\skip64
\h@ngdquotewd=\skip65
\h@ngquerywd=\skip66
\h@ngexclwd=\skip67
\h@ngcolonwd=\skip68
\h@ngscolonwd=\skip69
)
(/usr/share/texlive/texmf-dist/tex/generic/iftex/ifpdf.sty
Package: ifpdf 2019/10/25 v3.4 ifpdf legacy package. Use iftex instead.

(/usr/share/texlive/texmf-dist/tex/generic/iftex/iftex.sty
Package: iftex 2019/11/07 v1.0c TeX engine tests
))
(/usr/share/texlive/texmf-dist/tex/latex/adjustbox/adjustbox.sty
Package: adjustbox 2019/01/04 v1.2 Adjusting TeX boxes (trim, clip, ...)

(/usr/share/texlive/texmf-dist/tex/latex/xkeyval/xkeyval.sty
Package: xkeyval 2014/12/03 v2.7a package option processing (HA)

(/usr/share/texlive/texmf-dist/tex/generic/xkeyval/xkeyval.tex
(/usr/share/texlive/texmf-dist/tex/generic/xkeyval/xkvutils.tex
\XKV@toks=\toks25
\XKV@tempa@toks=\toks26
)
\XKV@depth=\count198
File: xkeyval.tex 2014/12/03 v2.7a key=value parser (HA)
))
(/usr/share/texlive/texmf-dist/tex/latex/adjustbox/adjcalc.sty
Package: adjcalc 2012/05/16 v1.1 Provides advanced setlength with multiple back
-ends (calc, etex, pgfmath)
)
(/usr/share/texlive/texmf-dist/tex/latex/adjustbox/trimclip.sty
Package: trimclip 2018/04/08 v1.1 Trim and clip general TeX material

(/usr/share/texlive/texmf-dist/tex/latex/graphics/graphicx.sty
Package: graphicx 2019/11/30 v1.2a Enhanced LaTeX Graphics (DPC,SPQR)

(/usr/share/texlive/texmf-dist/tex/latex/graphics/graphics.sty
Package: graphics 2019/11/30 v1.4a Standard LaTeX Graphics (DPC,SPQR)

(/usr/share/texlive/texmf-dist/tex/latex/graphics/trig.sty
Package: trig 2016/01/03 v1.10 sin cos tan (DPC)
)
(/usr/share/texlive/texmf-dist/tex/latex/graphics-cfg/graphics.cfg
File: graphics.cfg 2016/06/04 v1.11 sample graphics configuration
)
Package graphics Info: Driver file: pdftex.def on input line 105.
)
\Gin@req@height=\dimen157
\Gin@req@width=\dimen158
)
(/usr/share/texlive/texmf-dist/tex/latex/collectbox/collectbox.sty
Package: collectbox 2012/05/17 v0.4b Collect macro arguments as boxes
\collectedbox=\box57
)
\tc@llx=\dimen159
\tc@lly=\dimen160
\tc@urx=\dimen161
\tc@ury=\dimen162
Package trimclip Info: Using driver 'tc-pdftex.def'.

(/usr/share/texlive/texmf-dist/tex/latex/adjustbox/tc-pdftex.def
File: tc-pdftex.def 2019/01/04 v2.2 Clipping driver for pdftex
))
\adjbox@Width=\dimen163
\adjbox@Height=\dimen164
\adjbox@Depth=\dimen165
\adjbox@Totalheight=\dimen166
\adjbox@pwidth=\dimen167
\adjbox@pheight=\dimen168
\adjbox@pdepth=\dimen169
\adjbox@ptotalheight=\dimen170

(/usr/share/texlive/texmf-dist/tex/latex/ifoddpage/ifoddpage.sty
Package: ifoddpage 2016/04/23 v1.1 Conditionals for odd/even page detection
\c@checkoddpage=\count199
))
(/usr/share/texlive/texmf-dist/tex/latex/amsfonts/amssymb.sty
Package: amssymb 2013/01/14 v3.01 AMS font symbols

(/usr/share/texlive/texmf-dist/tex/latex/amsfonts/amsfonts.sty
Package: amsfonts 2013/01/14 v3.01 Basic AMSFonts support
\@emptytoks=\toks27
\symAMSa=\mathgroup4
\symAMSb=\mathgroup5
LaTeX Font Info:    Redeclaring math symbol \hbar on input line 98.
LaTeX Font Info:    Overwriting math alphabet `\mathfrak' in version `bold'
(Font)                  U/euf/m/n --> U/euf/b/n on input line 106.
))
(/usr/share/texlive/texmf-dist/tex/latex/stackengine/stackengine.sty
Package: stackengine 2017/02/13 v4.01\ Stacking text and objects in convenient 
ways

(/usr/share/texlive/texmf-dist/tex/latex/etoolbox/etoolbox.sty
Package: etoolbox 2019/09/21 v2.5h e-TeX tools for LaTeX (JAW)
\etb@tempcnta=\count266
)
(/usr/share/texlive/texmf-dist/tex/generic/listofitems/listofitems.sty
(/usr/share/texlive/texmf-dist/tex/generic/listofitems/listofitems.tex
\loi_cnt_foreach_nest=\count267
\loi_nestcnt=\count268
)
Package: listofitems 2019/08/21 v1.63 Grab items in lists using user-specified 
sep char (CT)
)
\c@@stackindex=\count269
\@boxshift=\skip70
\stack@tmplength=\skip71
\temp@stkl=\skip72
\@stackedboxwidth=\skip73
\@addedbox=\box58
\@anchorbox=\box59
\stackedbox=\box60
\@centerbox=\box61
\c@ROWcellindex@=\count270
)
(/usr/share/texlive/texmf-dist/tex/generic/ulem/ulem.sty
\UL@box=\box62
\UL@hyphenbox=\box63
\UL@skip=\skip74
\UL@hook=\toks28
\UL@height=\dimen171
\UL@pe=\count271
\UL@pixel=\dimen172
\ULC@box=\box64
Package: ulem 2019/11/18
\ULdepth=\dimen173
)
\xrefbox=\box65
\xreflength=\skip75
\CodeWidthChar=\skip76
\CodeHeightChar=\skip77
\DoxyCodeWidth=\skip78
)
(/usr/share/texlive/texmf-dist/tex/latex/base/inputenc.sty
Package: inputenc 2018/08/11 v1.3c Input encoding file
\inpenc@prehook=\toks29
\inpenc@posthook=\toks30
)
(/usr/share/texlive/texmf-dist/tex/latex/base/makeidx.sty
Package: makeidx 2014/09/29 v1.0m Standard LaTeX package
)
(/usr/share/texlive/texmf-dist/tex/latex/tools/multicol.sty
Package: multicol 2019/12/09 v1.8y multicolumn formatting (FMi)
\c@tracingmulticols=\count272
\mult@box=\box66
\multicol@leftmargin=\dimen174
\c@unbalance=\count273
\c@collectmore=\count274
\doublecol@number=\count275
\multicoltolerance=\count276
\multicolpretolerance=\count277
\full@width=\dimen175
\page@free=\dimen176
\premulticols=\dimen177
\postmulticols=\dimen178
\multicolsep=\skip79
\multicolbaselineskip=\skip80
\partial@page=\box67
\last@line=\box68
\maxbalancingoverflow=\dimen179
\mult@rightbox=\box69
\mult@grightbox=\box70
\mult@gfirstbox=\box71
\mult@firstbox=\box72
\@tempa=\box73
\@tempa=\box74
\@tempa=\box75
\@tempa=\box76
\@tempa=\box77
\@tempa=\box78
\@tempa=\box79
\@tempa=\box80
\@tempa=\box81
\@tempa=\box82
\@tempa=\box83
\@tempa=\box84
\@tempa=\box85
\@tempa=\box86
\@tempa=\box87
\@tempa=\box88
\@tempa=\box89
\@tempa=\box90
\@tempa=\box91
\@tempa=\box92
\@tempa=\box93
\@tempa=\box94
\@tempa=\box95
\@tempa=\box96
\@tempa=\box97
\@tempa=\box98
\@tempa=\box99
\@tempa=\box100
\@tempa=\box101
\@tempa=\box102
\@tempa=\box103
\@tempa=\box104
\@tempa=\box105
\@tempa=\box106
\@tempa=\box107
\@tempa=\box108
\@tempa=\box109
\c@minrows=\count278
\c@columnbadness=\count279
\c@finalcolumnbadness=\count280
\last@try=\dimen180
\multicolovershoot=\dimen181
\multicolundershoot=\dimen182
\mult@nat@firstbox=\box110
\colbreak@box=\box111
\mc@col@check@num=\count281
)
(/usr/share/texlive/texmf-dist/tex/latex/base/textcomp.sty
Package: textcomp 2020/02/02 v2.0n Standard LaTeX package
)
(/usr/share/texlive/texmf-dist/tex/latex/wasysym/wasysym.sty
Package: wasysym 2020/01/19 v2.4 Wasy-2 symbol support package
\symwasy=\mathgroup6
LaTeX Font Info:    Overwriting symbol font `wasy' in version `bold'
(Font)                  U/wasy/m/n --> U/wasy/b/n on input line 93.
)
(/usr/share/texlive/texmf-dist/tex/generic/iftex/ifxetex.sty
Package: ifxetex 2019/10/25 v0.7 ifxetex legacy package. Use iftex instead.
)
(/usr/share/texlive/texmf-dist/tex/latex/base/fontenc.sty
Package: fontenc 2020/02/11 v2.0o Standard LaTeX package
)
(/usr/share/texlive/texmf-dist/tex/latex/psnfss/helvet.sty
Package: helvet 2005/04/12 PSNFSS-v9.2a (WaS) 
)
(/usr/share/texlive/texmf-dist/tex/latex/psnfss/courier.sty
Package: courier 2005/04/12 PSNFSS-v9.2a (WaS) 
)
(/usr/share/texlive/texmf-dist/tex/latex/sectsty/sectsty.sty
Package: sectsty 2002/02/25 v2.0.2 Commands to change all sectional heading sty
les


LaTeX Warning: Command \underbar  has changed.
               Check if current package is valid.


LaTeX Warning: Command \underline  has changed.
               Check if current package is valid.

) (/usr/share/texlive/texmf-dist/tex/latex/geometry/geometry.sty
Package: geometry 2020/01/02 v5.9 Page Geometry

(/usr/share/texlive/texmf-dist/tex/generic/iftex/ifvtex.sty
Package: ifvtex 2019/10/25 v1.7 ifvtex legacy package. Use iftex instead.
)
\Gm@cnth=\count282
\Gm@cntv=\count283
\c@Gm@tempcnt=\count284
\Gm@bindingoffset=\dimen183
\Gm@wd@mp=\dimen184
\Gm@odd@mp=\dimen185
\Gm@even@mp=\dimen186
\Gm@layoutwidth=\dimen187
\Gm@layoutheight=\dimen188
\Gm@layouthoffset=\dimen189
\Gm@layoutvoffset=\dimen190
\Gm@dimlist=\toks31
)
(/usr/share/texlive/texmf-dist/tex/latex/fancyhdr/fancyhdr.sty
Package: fancyhdr 2019/01/31 v3.10 Extensive control of page headers and footer
s
\f@nch@headwidth=\skip81
\f@nch@O@elh=\skip82
\f@nch@O@erh=\skip83
\f@nch@O@olh=\skip84
\f@nch@O@orh=\skip85
\f@nch@O@elf=\skip86
\f@nch@O@erf=\skip87
\f@nch@O@olf=\skip88
\f@nch@O@orf=\skip89
)
(/usr/share/texlive/texmf-dist/tex/latex/natbib/natbib.sty
Package: natbib 2010/09/13 8.31b (PWD, AO)
\bibhang=\skip90
\bibsep=\skip91
LaTeX Info: Redefining \cite on input line 694.
\c@NAT@ctr=\count285
)
(/usr/share/texlive/texmf-dist/tex/latex/tocloft/tocloft.sty
Package: tocloft 2017/08/31 v2.3i parameterised ToC, etc., typesetting
Package tocloft Info: The document has chapter divisions on input line 51.
\cftparskip=\skip92
\cftbeforetoctitleskip=\skip93
\cftaftertoctitleskip=\skip94
\cftbeforepartskip=\skip95
\cftpartnumwidth=\skip96
\cftpartindent=\skip97
\cftbeforechapskip=\skip98
\cftchapindent=\skip99
\cftchapnumwidth=\skip100
\cftbeforesecskip=\skip101
\cftsecindent=\skip102
\cftsecnumwidth=\skip103
\cftbeforesubsecskip=\skip104
\cftsubsecindent=\skip105
\cftsubsecnumwidth=\skip106
\cftbeforesubsubsecskip=\skip107
\cftsubsubsecindent=\skip108
\cftsubsubsecnumwidth=\skip109
\cftbeforeparaskip=\skip110
\cftparaindent=\skip111
\cftparanumwidth=\skip112
\cftbeforesubparaskip=\skip113
\cftsubparaindent=\skip114
\cftsubparanumwidth=\skip115
\cftbeforeloftitleskip=\skip116
\cftafterloftitleskip=\skip117
\cftbeforefigskip=\skip118
\cftfigindent=\skip119
\cftfignumwidth=\skip120
\c@lofdepth=\count286
\c@lotdepth=\count287
\cftbeforelottitleskip=\skip121
\cftafterlottitleskip=\skip122
\cftbeforetabskip=\skip123
\cfttabindent=\skip124
\cfttabnumwidth=\skip125
)
\@indexfile=\write4
\openout4 = `refman.idx'.


Writing index file refman.idx
(/usr/share/texlive/texmf-dist/tex/latex/newunicodechar/newunicodechar.sty
Package: newunicodechar 2018/04/08 v1.2 Defining Unicode characters
)

Package newunicodechar Warning: Redefining Unicode character on input line 116.



Package newunicodechar Warning: Redefining Unicode character on input line 117.


(/usr/share/texlive/texmf-dist/tex/latex/hyperref/hyperref.sty
Package: hyperref 2020/01/14 v7.00d Hypertext links for LaTeX

(/usr/share/texlive/texmf-dist/tex/generic/ltxcmds/ltxcmds.sty
Package: ltxcmds 2019/12/15 v1.24 LaTeX kernel commands for general use (HO)
)
(/usr/share/texlive/texmf-dist/tex/latex/pdftexcmds/pdftexcmds.sty
Package: pdftexcmds 2019/11/24 v0.31 Utility functions of pdfTeX for LuaTeX (HO
)

(/usr/share/texlive/texmf-dist/tex/generic/infwarerr/infwarerr.sty
Package: infwarerr 2019/12/03 v1.5 Providing info/warning/error messages (HO)
)
Package pdftexcmds Info: \pdf@primitive is available.
Package pdftexcmds Info: \pdf@ifprimitive is available.
Package pdftexcmds Info: \pdfdraftmode found.
)
(/usr/share/texlive/texmf-dist/tex/generic/kvsetkeys/kvsetkeys.sty
Package: kvsetkeys 2019/12/15 v1.18 Key value parser (HO)
)
(/usr/share/texlive/texmf-dist/tex/generic/kvdefinekeys/kvdefinekeys.sty
Package: kvdefinekeys 2019-12-19 v1.6 Define keys (HO)
)
(/usr/share/texlive/texmf-dist/tex/generic/pdfescape/pdfescape.sty
Package: pdfescape 2019/12/09 v1.15 Implements pdfTeX's escape features (HO)
)
(/usr/share/texlive/texmf-dist/tex/latex/hycolor/hycolor.sty
Package: hycolor 2020-01-27 v1.10 Color options for hyperref/bookmark (HO)
)
(/usr/share/texlive/texmf-dist/tex/latex/letltxmacro/letltxmacro.sty
Package: letltxmacro 2019/12/03 v1.6 Let assignment for LaTeX macros (HO)
)
(/usr/share/texlive/texmf-dist/tex/latex/auxhook/auxhook.sty
Package: auxhook 2019-12-17 v1.6 Hooks for auxiliary files (HO)
)
(/usr/share/texlive/texmf-dist/tex/latex/kvoptions/kvoptions.sty
Package: kvoptions 2019/11/29 v3.13 Key value format for package options (HO)
)
\@linkdim=\dimen191
\Hy@linkcounter=\count288
\Hy@pagecounter=\count289

(/usr/share/texlive/texmf-dist/tex/latex/hyperref/pd1enc.def
File: pd1enc.def 2020/01/14 v7.00d Hyperref: PDFDocEncoding definition (HO)
Now handling font encoding PD1 ...
... no UTF-8 mapping file for font encoding PD1
)
(/usr/share/texlive/texmf-dist/tex/generic/intcalc/intcalc.sty
Package: intcalc 2019/12/15 v1.3 Expandable calculations with integers (HO)
)
(/usr/share/texlive/texmf-dist/tex/generic/etexcmds/etexcmds.sty
Package: etexcmds 2019/12/15 v1.7 Avoid name clashes with e-TeX commands (HO)
)
\Hy@SavedSpaceFactor=\count290
\pdfmajorversion=\count291
Package hyperref Info: Hyper figures OFF on input line 4547.
Package hyperref Info: Link nesting OFF on input line 4552.
Package hyperref Info: Hyper index ON on input line 4555.
Package hyperref Info: Plain pages OFF on input line 4562.
Package hyperref Info: Backreferencing ON on input line 4565.
Package hyperref Info: Implicit mode ON; LaTeX internals redefined.
Package hyperref Info: Bookmarks ON on input line 4800.

(/usr/share/texlive/texmf-dist/tex/latex/hyperref/backref.sty
Package: backref 2020/01/14 v1.40 Bibliographical back referencing

(/usr/share/texlive/texmf-dist/tex/latex/rerunfilecheck/rerunfilecheck.sty
Package: rerunfilecheck 2019/12/05 v1.9 Rerun checks for auxiliary files (HO)

(/usr/share/texlive/texmf-dist/tex/latex/atveryend/atveryend.sty
Package: atveryend 2019-12-11 v1.11 Hooks at the very end of document (HO)
)
(/usr/share/texlive/texmf-dist/tex/generic/uniquecounter/uniquecounter.sty
Package: uniquecounter 2019/12/15 v1.4 Provide unlimited unique counter (HO)

(/usr/share/texlive/texmf-dist/tex/generic/bigintcalc/bigintcalc.sty
Package: bigintcalc 2019/12/15 v1.5 Expandable calculations on big integers (HO
)
))
Package uniquecounter Info: New unique counter `rerunfilecheck' on input line 2
86.
))
\c@Hy@tempcnt=\count292

(/usr/share/texlive/texmf-dist/tex/latex/url/url.sty
\Urlmuskip=\muskip16
Package: url 2013/09/16  ver 3.4  Verb mode for urls, etc.
)
LaTeX Info: Redefining \url on input line 5159.
\XeTeXLinkMargin=\dimen192

(/usr/share/texlive/texmf-dist/tex/generic/bitset/bitset.sty
Package: bitset 2019/12/09 v1.3 Handle bit-vector datatype (HO)
)
\Fld@menulength=\count293
\Field@Width=\dimen193
\Fld@charsize=\dimen194
Package hyperref Info: Hyper figures OFF on input line 6430.
Package hyperref Info: Link nesting OFF on input line 6435.
Package hyperref Info: Hyper index ON on input line 6438.
Package hyperref Info: backreferencing ON on input line 6443.
Package hyperref Info: Link coloring OFF on input line 6450.
Package hyperref Info: Link coloring with OCG OFF on input line 6455.
Package hyperref Info: PDF/A mode OFF on input line 6460.
LaTeX Info: Redefining \ref on input line 6500.
LaTeX Info: Redefining \pageref on input line 6504.

(/usr/share/texlive/texmf-dist/tex/generic/atbegshi/atbegshi.sty
Package: atbegshi 2019/12/05 v1.19 At begin shipout hook (HO)
)
\Hy@abspage=\count294
\c@Item=\count295
\c@Hfootnote=\count296
)
Package hyperref Info: Driver: hpdftex.

(/usr/share/texlive/texmf-dist/tex/latex/hyperref/hpdftex.def
File: hpdftex.def 2020/01/14 v7.00d Hyperref driver for pdfTeX
\Fld@listcount=\count297
\c@bookmark@seq@number=\count298
\Hy@SectionHShift=\skip126
)
Package hyperref Info: Option `colorlinks' set `true' on input line 135.
Package hyperref Info: Option `unicode' set `true' on input line 135.

(/usr/share/texlive/texmf-dist/tex/latex/hyperref/puenc.def
File: puenc.def 2020/01/14 v7.00d Hyperref: PDF Unicode definition (HO)
Now handling font encoding PU ...
... no UTF-8 mapping file for font encoding PU
)
(/usr/share/texlive/texmf-dist/tex/latex/caption/caption.sty
Package: caption 2020/01/03 v3.4h Customizing captions (AR)

(/usr/share/texlive/texmf-dist/tex/latex/caption/caption3.sty
Package: caption3 2020/01/03 v1.8h caption3 kernel (AR)
Package caption3 Info: TeX engine: e-TeX on input line 61.
\captionmargin=\dimen195
\captionmargin@=\dimen196
\captionwidth=\dimen197
\caption@tempdima=\dimen198
\caption@indent=\dimen199
\caption@parindent=\dimen256
\caption@hangindent=\dimen257
Package caption Info: Standard document class detected.
)
\c@caption@flags=\count299
\c@continuedfloat=\count300
Package caption Info: float package is loaded.
Package caption Info: hyperref package is loaded.
Package caption Info: longtable package is loaded.

(/usr/share/texlive/texmf-dist/tex/latex/caption/ltcaption.sty
Package: ltcaption 2018/08/26 v1.4a longtable captions (AR)
))
(/usr/share/texlive/texmf-dist/tex/latex/etoc/etoc.sty
Package: etoc 2019/11/17 v1.09b Completely customisable TOCs (JFB)
\Etoc@toctoks=\toks32
\c@etoc@tocid=\count301
\c@etoc@tocdepth=\count302
\etoc@framed@titlebox=\box112
\etoc@framed@contentsbox=\box113
)
(/usr/share/texlive/texmf-dist/tex/latex/l3backend/l3backend-pdfmode.def
File: l3backend-pdfmode.def 2020-02-03 L3 backend support: PDF mode
\l__kernel_color_stack_int=\count303
\l__pdf_internal_box=\box114
)
(./refman.aux)
\openout1 = `refman.aux'.

LaTeX Font Info:    Checking defaults for OML/cmm/m/it on input line 150.
LaTeX Font Info:    ... okay on input line 150.
LaTeX Font Info:    Checking defaults for OMS/cmsy/m/n on input line 150.
LaTeX Font Info:    ... okay on input line 150.
LaTeX Font Info:    Checking defaults for OT1/cmr/m/n on input line 150.
LaTeX Font Info:    ... okay on input line 150.
LaTeX Font Info:    Checking defaults for T1/cmr/m/n on input line 150.
LaTeX Font Info:    ... okay on input line 150.
LaTeX Font Info:    Checking defaults for TS1/cmr/m/n on input line 150.
LaTeX Font Info:    ... okay on input line 150.
LaTeX Font Info:    Checking defaults for OMX/cmex/m/n on input line 150.
LaTeX Font Info:    ... okay on input line 150.
LaTeX Font Info:    Checking defaults for U/cmr/m/n on input line 150.
LaTeX Font Info:    ... okay on input line 150.
LaTeX Font Info:    Checking defaults for PD1/pdf/m/n on input line 150.
LaTeX Font Info:    ... okay on input line 150.
LaTeX Font Info:    Checking defaults for PU/pdf/m/n on input line 150.
LaTeX Font Info:    ... okay on input line 150.
LaTeX Font Info:    Trying to load font information for T1+phv on input line 15
0.
 (/usr/share/texlive/texmf-dist/tex/latex/psnfss/t1phv.fd
File: t1phv.fd 2001/06/04 scalable font definitions for T1/phv.
)
LaTeX Font Info:    Font shape `T1/phv/m/n' will be
(Font)              scaled to size 8.99994pt on input line 150.

(/usr/share/texlive/texmf-dist/tex/context/base/mkii/supp-pdf.mkii
[Loading MPS to PDF converter (version 2006.09.02).]
\scratchcounter=\count304
\scratchdimen=\dimen258
\scratchbox=\box115
\nofMPsegments=\count305
\nofMParguments=\count306
\everyMPshowfont=\toks33
\MPscratchCnt=\count307
\MPscratchDim=\dimen259
\MPnumerator=\count308
\makeMPintoPDFobject=\count309
\everyMPtoPDFconversion=\toks34
) (/usr/share/texlive/texmf-dist/tex/latex/epstopdf-pkg/epstopdf-base.sty
Package: epstopdf-base 2020-01-24 v2.11 Base part for package epstopdf
Package epstopdf-base Info: Redefining graphics rule for `.eps' on input line 4
85.

(/usr/share/texlive/texmf-dist/tex/latex/latexconfig/epstopdf-sys.cfg
File: epstopdf-sys.cfg 2010/07/13 v1.3 Configuration of (r)epstopdf for TeX Liv
e
))
*geometry* driver: auto-detecting
*geometry* detected driver: pdftex
*geometry* verbose mode - [ preamble ] result:
* driver: pdftex
* paper: a4paper
* layout: <same size as paper>
* layoutoffset:(h,v)=(0.0pt,0.0pt)
* modes: twoside 
* h-part:(L,W,R)=(71.13188pt, 455.24411pt, 71.13188pt)
* v-part:(T,H,B)=(71.13188pt, 702.78308pt, 71.13188pt)
* \paperwidth=597.50787pt
* \paperheight=845.04684pt
* \textwidth=455.24411pt
* \textheight=702.78308pt
* \oddsidemargin=-1.1381pt
* \evensidemargin=-1.1381pt
* \topmargin=-31.2056pt
* \headheight=12.0pt
* \headsep=18.06749pt
* \topskip=10.0pt
* \footskip=25.29494pt
* \marginparwidth=125.0pt
* \marginparsep=7.0pt
* \columnsep=10.0pt
* \skip\footins=9.0pt plus 4.0pt minus 2.0pt
* \hoffset=0.0pt
* \voffset=0.0pt
* \mag=1000
* \@twocolumnfalse
* \@twosidetrue
* \@mparswitchtrue
* \@reversemarginfalse
* (1in=72.27pt=25.4mm, 1cm=28.453pt)

Package backref Info: ** backref set up for natbib ** on input line 150.
\AtBeginShipoutBox=\box116
Package hyperref Info: Link coloring ON on input line 150.
(/usr/share/texlive/texmf-dist/tex/latex/hyperref/nameref.sty
Package: nameref 2019/09/16 v2.46 Cross-referencing by name of section

(/usr/share/texlive/texmf-dist/tex/latex/refcount/refcount.sty
Package: refcount 2019/12/15 v3.6 Data extraction from label references (HO)
)
(/usr/share/texlive/texmf-dist/tex/generic/gettitlestring/gettitlestring.sty
Package: gettitlestring 2019/12/15 v1.6 Cleanup title references (HO)
)
\c@section@level=\count310
)
LaTeX Info: Redefining \ref on input line 150.
LaTeX Info: Redefining \pageref on input line 150.
LaTeX Info: Redefining \nameref on input line 150.

(./refman.out) (./refman.out)
\@outlinefile=\write5
\openout5 = `refman.out'.

Package caption Info: Begin \AtBeginDocument code.
Package caption Info: End \AtBeginDocument code.
\Etoc@tf=\read4
Package hyperref Info: Option `pageanchor' set `false' on input line 156.
Package hyperref Info: Option `bookmarksnumbered' set `true' on input line 156.

Package hyperref Info: Option `unicode' set `true' on input line 156.
LaTeX Font Info:    Font shape `T1/phv/m/n' will be
(Font)              scaled to size 12.9599pt on input line 161.
LaTeX Font Info:    Font shape `T1/phv/m/n' will be
(Font)              scaled to size 6.29996pt on input line 161.
LaTeX Font Info:    Trying to load font information for U+msa on input line 161
.

(/usr/share/texlive/texmf-dist/tex/latex/amsfonts/umsa.fd
File: umsa.fd 2013/01/14 v3.01 AMS symbols A
)
LaTeX Font Info:    Trying to load font information for U+msb on input line 161
.

(/usr/share/texlive/texmf-dist/tex/latex/amsfonts/umsb.fd
File: umsb.fd 2013/01/14 v3.01 AMS symbols B
)
LaTeX Font Info:    Trying to load font information for U+wasy on input line 16
1.

(/usr/share/texlive/texmf-dist/tex/latex/wasysym/uwasy.fd
File: uwasy.fd 2020/01/19 v2.4 Wasy-2 symbol font definitions
)
LaTeX Font Info:    Font shape `T1/phv/m/n' will be
(Font)              scaled to size 10.79993pt on input line 161.
 [1


{/var/lib/texmf/fonts/map/pdftex/updmap/pdftex.map}] [2

]
\tf@toc=\write6
\openout6 = `refman.toc'.

LaTeX Font Info:    Font shape `T1/phv/b/n' will be
(Font)              scaled to size 8.99994pt on input line 169.
LaTeX Font Info:    Font shape `T1/phv/b/n' will be
(Font)              scaled to size 6.29996pt on input line 169.
 [1] [2] [3] [4] [5] [6] [7] [8] [9]
Underfull \vbox (badness 2865) has occurred while \output is active []

 [10]
[11] [12

]
Package hyperref Info: Option `pageanchor' set `true' on input line 171.

Chapter 1.
LaTeX Font Info:    Font shape `T1/phv/m/n' will be
(Font)              scaled to size 18.66588pt on input line 174.
LaTeX Font Info:    Font shape `T1/phv/b/n' will be
(Font)              scaled to size 18.66588pt on input line 174.
LaTeX Font Info:    Font shape `T1/phv/bc/n' will be
(Font)              scaled to size 18.66588pt on input line 174.
LaTeX Font Info:    Font shape `T1/phv/m/n' will be
(Font)              scaled to size 22.39185pt on input line 174.
LaTeX Font Info:    Font shape `T1/phv/b/n' will be
(Font)              scaled to size 22.39185pt on input line 174.
LaTeX Font Info:    Font shape `T1/phv/bc/n' will be
(Font)              scaled to size 22.39185pt on input line 174.
(./index.tex
LaTeX Font Info:    Trying to load font information for T1+pcr on input line 1.

 (/usr/share/texlive/texmf-dist/tex/latex/psnfss/t1pcr.fd
File: t1pcr.fd 2001/06/04 font definitions for T1/pcr.
)
LaTeX Font Info:    Font shape `T1/phv/b/n' will be
(Font)              scaled to size 12.9599pt on input line 1.
LaTeX Font Info:    Trying to load font information for TS1+phv on input line 4
.

(/usr/share/texlive/texmf-dist/tex/latex/psnfss/ts1phv.fd
File: ts1phv.fd 2001/06/04 scalable font definitions for TS1/phv.
)
LaTeX Font Info:    Font shape `TS1/phv/m/n' will be
(Font)              scaled to size 8.99994pt on input line 4.
) [1

] [2

]
Chapter 2.
(./namespaces.tex) [3] [4

]
Chapter 3.
(./hierarchy.tex [5]) [6]
Chapter 4.
(./annotated.tex [7

]) [8]
Chapter 5.
(./namespaceat.tex
LaTeX Font Info:    Font shape `T1/phv/b/n' will be
(Font)              scaled to size 10.79993pt on input line 3.
LaTeX Font Info:    Font shape `T1/phv/m/n' will be
(Font)              scaled to size 7.19995pt on input line 25.
) (./namespaceat_1_1collective.tex)
(./namespaceat_1_1collective_1_1wake__functions.tex [9

]
LaTeX Font Info:    Font shape `T1/pcr/m/it' in size <8> not available
(Font)              Font shape `T1/pcr/m/sl' tried instead on input line 26.
LaTeX Font Info:    Font shape `T1/pcr/m/it' in size <7> not available
(Font)              Font shape `T1/pcr/m/sl' tried instead on input line 45.
 [10])
(./namespaceat_1_1collective_1_1wake__object.tex)
(./namespaceat_1_1integrators.tex) (./namespaceat_1_1lattice.tex [11])
(./namespaceat_1_1lattice_1_1elements.tex [12])
(./namespaceat_1_1lattice_1_1lattice__object.tex [13])
(./namespaceat_1_1lattice_1_1options.tex [14])
(./namespaceat_1_1lattice_1_1utils.tex [15] [16] [17] [18] [19] [20] [21]
[22]) (./namespaceat_1_1load.tex) (./namespaceat_1_1load_1_1allfiles.tex
[23]
LaTeX Font Info:    Trying to load font information for TS1+pcr on input line 5
7.
 (/usr/share/texlive/texmf-dist/tex/latex/psnfss/ts1pcr.fd
File: ts1pcr.fd 2001/06/04 font definitions for TS1/pcr.
)
LaTeX Font Info:    Font shape `TS1/pcr/m/it' in size <8> not available
(Font)              Font shape `TS1/pcr/m/sl' tried instead on input line 57.
 [24])
(./namespaceat_1_1load_1_1elegant.tex [25] [26])
(./namespaceat_1_1load_1_1matfile.tex [27] [28] [29])
(./namespaceat_1_1load_1_1reprfile.tex [30])
(./namespaceat_1_1load_1_1tracy.tex [31]) (./namespaceat_1_1load_1_1utils.tex
[32] [33] [34]) (./namespaceat_1_1matching.tex)
(./namespaceat_1_1matching_1_1globalfit.tex [35]) (./namespaceat_1_1physics.tex
[36]) (./namespaceat_1_1physics_1_1amat.tex [37] [38])
(./namespaceat_1_1physics_1_1fastring.tex [39])
(./namespaceat_1_1physics_1_1harmonic__analysis.tex [40])
(./namespaceat_1_1physics_1_1linear.tex [41] [42] [43] [44] [45] [46] [47]
[48] [49]) (./namespaceat_1_1physics_1_1matrix.tex [50] [51] [52])
(./namespaceat_1_1physics_1_1nonlinear.tex [53])
(./namespaceat_1_1physics_1_1orbit.tex [54] [55] [56] [57] [58])
(./namespaceat_1_1physics_1_1radiation.tex [59] [60] [61])
(./namespaceat_1_1plot.tex) (./namespaceat_1_1plot_1_1generic.tex [62])
(./namespaceat_1_1plot_1_1specific.tex [63] [64] [65])
(./namespaceat_1_1plot_1_1standalone.tex [66] [67])
(./namespaceat_1_1plot_1_1synopt.tex [68]) (./namespaceat_1_1tracking.tex)
(./namespaceat_1_1tracking_1_1particles.tex [69])
(./namespaceat_1_1tracking_1_1patpass.tex [70] [71]) [72]
Chapter 6.
(./classat_1_1lattice_1_1options_1_1__Dst.tex <./classat_1_1lattice_1_1options_
1_1__Dst__inherit__graph.pdf

pdfTeX warning: pdflatex (file ./classat_1_1lattice_1_1options_1_1__Dst__inheri
t__graph.pdf): PDF inclusion: multiple pdfs with page group included in a singl
e page
>
<classat_1_1lattice_1_1options_1_1__Dst__inherit__graph.pdf, id=3133, 204.765pt
 x 156.585pt>
File: classat_1_1lattice_1_1options_1_1__Dst__inherit__graph.pdf Graphic file (
type pdf)
<use classat_1_1lattice_1_1options_1_1__Dst__inherit__graph.pdf>
Package pdftex.def Info: classat_1_1lattice_1_1options_1_1__Dst__inherit__graph
.pdf  used on input line 9.
(pdftex.def)             Requested size: 204.0pt x 156.00879pt.
 <./classat_1_1lattice_1_1options_1_1__Dst__coll__graph.pdf

pdfTeX warning: pdflatex (file ./classat_1_1lattice_1_1options_1_1__Dst__coll__
graph.pdf): PDF inclusion: multiple pdfs with page group included in a single p
age
>
<classat_1_1lattice_1_1options_1_1__Dst__coll__graph.pdf, id=3141, 204.765pt x 
156.585pt>
File: classat_1_1lattice_1_1options_1_1__Dst__coll__graph.pdf Graphic file (typ
e pdf)
<use classat_1_1lattice_1_1options_1_1__Dst__coll__graph.pdf>
Package pdftex.def Info: classat_1_1lattice_1_1options_1_1__Dst__coll__graph.pd
f  used on input line 18.
(pdftex.def)             Requested size: 204.0pt x 156.00879pt.
 [73

]) (./classat_1_1lattice_1_1elements_1_1Aperture.tex <./classat_1_1lattice_1_1e
lements_1_1Aperture__inherit__graph.pdf>
<classat_1_1lattice_1_1elements_1_1Aperture__inherit__graph.pdf, id=3159, 234.8
775pt x 212.795pt>
File: classat_1_1lattice_1_1elements_1_1Aperture__inherit__graph.pdf Graphic fi
le (type pdf)
<use classat_1_1lattice_1_1elements_1_1Aperture__inherit__graph.pdf>
Package pdftex.def Info: classat_1_1lattice_1_1elements_1_1Aperture__inherit__g
raph.pdf  used on input line 9.
(pdftex.def)             Requested size: 234.0pt x 211.99895pt.
 <./classat_1_1lattice_1_1elements_1_1Aperture__coll__graph.pdf

pdfTeX warning: pdflatex (file ./classat_1_1lattice_1_1elements_1_1Aperture__co
ll__graph.pdf): PDF inclusion: multiple pdfs with page group included in a sing
le page
>
<classat_1_1lattice_1_1elements_1_1Aperture__coll__graph.pdf, id=3167, 234.8775
pt x 212.795pt>
File: classat_1_1lattice_1_1elements_1_1Aperture__coll__graph.pdf Graphic file 
(type pdf)
<use classat_1_1lattice_1_1elements_1_1Aperture__coll__graph.pdf>
Package pdftex.def Info: classat_1_1lattice_1_1elements_1_1Aperture__coll__grap
h.pdf  used on input line 18.
(pdftex.def)             Requested size: 234.0pt x 211.99895pt.
 [74]) (./classat_1_1lattice_1_1utils_1_1AtError.tex <./classat_1_1lattice_1_1u
tils_1_1AtError__inherit__graph.pdf>
<classat_1_1lattice_1_1utils_1_1AtError__inherit__graph.pdf, id=3187, 201.75375
pt x 156.585pt>
File: classat_1_1lattice_1_1utils_1_1AtError__inherit__graph.pdf Graphic file (
type pdf)
<use classat_1_1lattice_1_1utils_1_1AtError__inherit__graph.pdf>
Package pdftex.def Info: classat_1_1lattice_1_1utils_1_1AtError__inherit__graph
.pdf  used on input line 9.
(pdftex.def)             Requested size: 201.0pt x 156.00162pt.
 [75] <./classat_1_1lattice_1_1utils_1_1AtError__coll__graph.pdf>
<classat_1_1lattice_1_1utils_1_1AtError__coll__graph.pdf, id=3207, 201.75375pt 
x 156.585pt>
File: classat_1_1lattice_1_1utils_1_1AtError__coll__graph.pdf Graphic file (typ
e pdf)
<use classat_1_1lattice_1_1utils_1_1AtError__coll__graph.pdf>
Package pdftex.def Info: classat_1_1lattice_1_1utils_1_1AtError__coll__graph.pd
f  used on input line 18.
(pdftex.def)             Requested size: 201.0pt x 156.00162pt.
) (./classat_1_1lattice_1_1utils_1_1AtWarning.tex <./classat_1_1lattice_1_1util
s_1_1AtWarning__inherit__graph.pdf

pdfTeX warning: pdflatex (file ./classat_1_1lattice_1_1utils_1_1AtWarning__inhe
rit__graph.pdf): PDF inclusion: multiple pdfs with page group included in a sin
gle page
>
<classat_1_1lattice_1_1utils_1_1AtWarning__inherit__graph.pdf, id=3215, 217.813
75pt x 156.585pt>
File: classat_1_1lattice_1_1utils_1_1AtWarning__inherit__graph.pdf Graphic file
 (type pdf)
<use classat_1_1lattice_1_1utils_1_1AtWarning__inherit__graph.pdf>
Package pdftex.def Info: classat_1_1lattice_1_1utils_1_1AtWarning__inherit__gra
ph.pdf  used on input line 9.
(pdftex.def)             Requested size: 217.0pt x 155.99922pt.

Underfull \vbox (badness 7133) has occurred while \output is active []

 [76] <./classat_1_1lattice_1_1utils_1_1AtWarning__coll__graph.pdf>
<classat_1_1lattice_1_1utils_1_1AtWarning__coll__graph.pdf, id=3230, 217.81375p
t x 156.585pt>
File: classat_1_1lattice_1_1utils_1_1AtWarning__coll__graph.pdf Graphic file (t
ype pdf)
<use classat_1_1lattice_1_1utils_1_1AtWarning__coll__graph.pdf>
Package pdftex.def Info: classat_1_1lattice_1_1utils_1_1AtWarning__coll__graph.
pdf  used on input line 18.
(pdftex.def)             Requested size: 217.0pt x 155.99922pt.
)
(./classat_1_1lattice_1_1elements_1_1Collimator.tex <./classat_1_1lattice_1_1el
ements_1_1Collimator__inherit__graph.pdf

pdfTeX warning: pdflatex (file ./classat_1_1lattice_1_1elements_1_1Collimator__
inherit__graph.pdf): PDF inclusion: multiple pdfs with page group included in a
 single page
>
<classat_1_1lattice_1_1elements_1_1Collimator__inherit__graph.pdf, id=3238, 243
.91125pt x 336.25626pt>
File: classat_1_1lattice_1_1elements_1_1Collimator__inherit__graph.pdf Graphic 
file (type pdf)
<use classat_1_1lattice_1_1elements_1_1Collimator__inherit__graph.pdf>
Package pdftex.def Info: classat_1_1lattice_1_1elements_1_1Collimator__inherit_
_graph.pdf  used on input line 9.
(pdftex.def)             Requested size: 243.0pt x 335.0035pt.

Underfull \vbox (badness 7133) has occurred while \output is active []

 [77] <./classat_1_1lattice_1_1elements_1_1Collimator__coll__graph.pdf>
<classat_1_1lattice_1_1elements_1_1Collimator__coll__graph.pdf, id=3254, 243.91
125pt x 336.25626pt>
File: classat_1_1lattice_1_1elements_1_1Collimator__coll__graph.pdf Graphic fil
e (type pdf)
<use classat_1_1lattice_1_1elements_1_1Collimator__coll__graph.pdf>
Package pdftex.def Info: classat_1_1lattice_1_1elements_1_1Collimator__coll__gr
aph.pdf  used on input line 18.
(pdftex.def)             Requested size: 243.0pt x 335.0035pt.

Underfull \vbox (badness 10000) has occurred while \output is active []

 [78]
[79]) (./classat_1_1matching_1_1matching_1_1Constraints.tex <./classat_1_1match
ing_1_1matching_1_1Constraints__inherit__graph.pdf>
<classat_1_1matching_1_1matching_1_1Constraints__inherit__graph.pdf, id=3280, 7
58.835pt x 209.78375pt>
File: classat_1_1matching_1_1matching_1_1Constraints__inherit__graph.pdf Graphi
c file (type pdf)
<use classat_1_1matching_1_1matching_1_1Constraints__inherit__graph.pdf>
Package pdftex.def Info: classat_1_1matching_1_1matching_1_1Constraints__inheri
t__graph.pdf  used on input line 9.
(pdftex.def)             Requested size: 350.0pt x 96.76097pt.
 <./classat_1_1matching_1_1matching_1_1Constraints__coll__graph.pdf

pdfTeX warning: pdflatex (file ./classat_1_1matching_1_1matching_1_1Constraints
__coll__graph.pdf): PDF inclusion: multiple pdfs with page group included in a 
single page
>
<classat_1_1matching_1_1matching_1_1Constraints__coll__graph.pdf, id=3288, 262.
9825pt x 156.585pt>
File: classat_1_1matching_1_1matching_1_1Constraints__coll__graph.pdf Graphic f
ile (type pdf)
<use classat_1_1matching_1_1matching_1_1Constraints__coll__graph.pdf>
Package pdftex.def Info: classat_1_1matching_1_1matching_1_1Constraints__coll__
graph.pdf  used on input line 18.
(pdftex.def)             Requested size: 262.0pt x 156.0064pt.
 [80] [81] [82]) (./classat_1_1lattice_1_1elements_1_1Corrector.tex <./classat_
1_1lattice_1_1elements_1_1Corrector__inherit__graph.pdf

pdfTeX warning: pdflatex (file ./classat_1_1lattice_1_1elements_1_1Corrector__i
nherit__graph.pdf): PDF inclusion: multiple pdfs with page group included in a 
single page
>
<classat_1_1lattice_1_1elements_1_1Corrector__inherit__graph.pdf, id=3337, 237.
88875pt x 280.04625pt>
File: classat_1_1lattice_1_1elements_1_1Corrector__inherit__graph.pdf Graphic f
ile (type pdf)
<use classat_1_1lattice_1_1elements_1_1Corrector__inherit__graph.pdf>
Package pdftex.def Info: classat_1_1lattice_1_1elements_1_1Corrector__inherit__
graph.pdf  used on input line 9.
(pdftex.def)             Requested size: 237.0pt x 279.01143pt.
 <./classat_1_1lattice_1_1elements_1_1Corrector__coll__graph.pdf

pdfTeX warning: pdflatex (file ./classat_1_1lattice_1_1elements_1_1Corrector__c
oll__graph.pdf): PDF inclusion: multiple pdfs with page group included in a sin
gle page
>
<classat_1_1lattice_1_1elements_1_1Corrector__coll__graph.pdf, id=3345, 237.888
75pt x 280.04625pt>
File: classat_1_1lattice_1_1elements_1_1Corrector__coll__graph.pdf Graphic file
 (type pdf)
<use classat_1_1lattice_1_1elements_1_1Corrector__coll__graph.pdf>
Package pdftex.def Info: classat_1_1lattice_1_1elements_1_1Corrector__coll__gra
ph.pdf  used on input line 18.
(pdftex.def)             Requested size: 237.0pt x 279.01143pt.
 [83]) (./classat_1_1lattice_1_1elements_1_1Dipole.tex <./classat_1_1lattice_1_
1elements_1_1Dipole__inherit__graph.pdf>
<classat_1_1lattice_1_1elements_1_1Dipole__inherit__graph.pdf, id=3361, 367.372
5pt x 336.25626pt>
File: classat_1_1lattice_1_1elements_1_1Dipole__inherit__graph.pdf Graphic file
 (type pdf)
<use classat_1_1lattice_1_1elements_1_1Dipole__inherit__graph.pdf>
Package pdftex.def Info: classat_1_1lattice_1_1elements_1_1Dipole__inherit__gra
ph.pdf  used on input line 9.
(pdftex.def)             Requested size: 350.0pt x 320.37544pt.
 [84] <./classat_1_1lattice_1_1elements_1_1Dipole__coll__graph.pdf>
<classat_1_1lattice_1_1elements_1_1Dipole__coll__graph.pdf, id=3380, 367.3725pt
 x 336.25626pt>
File: classat_1_1lattice_1_1elements_1_1Dipole__coll__graph.pdf Graphic file (t
ype pdf)
<use classat_1_1lattice_1_1elements_1_1Dipole__coll__graph.pdf>
Package pdftex.def Info: classat_1_1lattice_1_1elements_1_1Dipole__coll__graph.
pdf  used on input line 18.
(pdftex.def)             Requested size: 350.0pt x 320.37544pt.

Underfull \vbox (badness 10000) has occurred while \output is active []

 [85]
[86]) (./classat_1_1lattice_1_1elements_1_1Drift.tex <./classat_1_1lattice_1_1e
lements_1_1Drift__inherit__graph.pdf>
<classat_1_1lattice_1_1elements_1_1Drift__inherit__graph.pdf, id=3409, 243.9112
5pt x 336.25626pt>
File: classat_1_1lattice_1_1elements_1_1Drift__inherit__graph.pdf Graphic file 
(type pdf)
<use classat_1_1lattice_1_1elements_1_1Drift__inherit__graph.pdf>
Package pdftex.def Info: classat_1_1lattice_1_1elements_1_1Drift__inherit__grap
h.pdf  used on input line 9.
(pdftex.def)             Requested size: 243.0pt x 335.0035pt.
 [87] <./classat_1_1lattice_1_1elements_1_1Drift__coll__graph.pdf

pdfTeX warning: pdflatex (file ./classat_1_1lattice_1_1elements_1_1Drift__coll_
_graph.pdf): PDF inclusion: multiple pdfs with page group included in a single 
page
>
<classat_1_1lattice_1_1elements_1_1Drift__coll__graph.pdf, id=3423, 232.87pt x 
280.04625pt>
File: classat_1_1lattice_1_1elements_1_1Drift__coll__graph.pdf Graphic file (ty
pe pdf)
<use classat_1_1lattice_1_1elements_1_1Drift__coll__graph.pdf>
Package pdftex.def Info: classat_1_1lattice_1_1elements_1_1Drift__coll__graph.p
df  used on input line 18.
(pdftex.def)             Requested size: 232.0pt x 279.01143pt.

Underfull \vbox (badness 10000) has occurred while \output is active []

 [88]
[89]) (./classat_1_1lattice_1_1elements_1_1Element.tex <./classat_1_1lattice_1_
1elements_1_1Element__inherit__graph.pdf>
<classat_1_1lattice_1_1elements_1_1Element__inherit__graph.pdf, id=3451, 925.45
75pt x 412.54124pt>
File: classat_1_1lattice_1_1elements_1_1Element__inherit__graph.pdf Graphic fil
e (type pdf)
<use classat_1_1lattice_1_1elements_1_1Element__inherit__graph.pdf>
Package pdftex.def Info: classat_1_1lattice_1_1elements_1_1Element__inherit__gr
aph.pdf  used on input line 9.
(pdftex.def)             Requested size: 350.0pt x 156.0182pt.
 <./classat_1_1lattice_1_1elements_1_1Element__coll__graph.pdf

pdfTeX warning: pdflatex (file ./classat_1_1lattice_1_1elements_1_1Element__col
l__graph.pdf): PDF inclusion: multiple pdfs with page group included in a singl
e page
>
<classat_1_1lattice_1_1elements_1_1Element__coll__graph.pdf, id=3459, 232.87pt 
x 156.585pt>
File: classat_1_1lattice_1_1elements_1_1Element__coll__graph.pdf Graphic file (
type pdf)
<use classat_1_1lattice_1_1elements_1_1Element__coll__graph.pdf>
Package pdftex.def Info: classat_1_1lattice_1_1elements_1_1Element__coll__graph
.pdf  used on input line 18.
(pdftex.def)             Requested size: 232.0pt x 156.0064pt.
 [90] [91] [92]) (./classat_1_1matching_1_1matching_1_1ElementConstraints.tex <
./classat_1_1matching_1_1matching_1_1ElementConstraints__inherit__graph.pdf

pdfTeX warning: pdflatex (file ./classat_1_1matching_1_1matching_1_1ElementCons
traints__inherit__graph.pdf): PDF inclusion: multiple pdfs with page group incl
uded in a single page
>
<classat_1_1matching_1_1matching_1_1ElementConstraints__inherit__graph.pdf, id=
3508, 758.835pt x 209.78375pt>
File: classat_1_1matching_1_1matching_1_1ElementConstraints__inherit__graph.pdf
 Graphic file (type pdf)
<use classat_1_1matching_1_1matching_1_1ElementConstraints__inherit__graph.pdf>

Package pdftex.def Info: classat_1_1matching_1_1matching_1_1ElementConstraints_
_inherit__graph.pdf  used on input line 9.
(pdftex.def)             Requested size: 350.0pt x 96.76097pt.
 <./classat_1_1matching_1_1matching_1_1ElementConstraints__coll__graph.pdf

pdfTeX warning: pdflatex (file ./classat_1_1matching_1_1matching_1_1ElementCons
traints__coll__graph.pdf): PDF inclusion: multiple pdfs with page group include
d in a single page
>
<classat_1_1matching_1_1matching_1_1ElementConstraints__coll__graph.pdf, id=351
6, 262.9825pt x 223.83624pt>
File: classat_1_1matching_1_1matching_1_1ElementConstraints__coll__graph.pdf Gr
aphic file (type pdf)
<use classat_1_1matching_1_1matching_1_1ElementConstraints__coll__graph.pdf>
Package pdftex.def Info: classat_1_1matching_1_1matching_1_1ElementConstraints_
_coll__graph.pdf  used on input line 18.
(pdftex.def)             Requested size: 262.0pt x 223.00914pt.
 [93]
Underfull \hbox (badness 10000) in paragraph at lines 66--67
[]\T1/phv/m/n/10 Reimplemented in [], [], and
 []

[94]) (./classat_1_1matching_1_1matching_1_1ElementVariable.tex <./classat_1_1m
atching_1_1matching_1_1ElementVariable__inherit__graph.pdf>
<classat_1_1matching_1_1matching_1_1ElementVariable__inherit__graph.pdf, id=355
2, 247.92625pt x 223.83624pt>
File: classat_1_1matching_1_1matching_1_1ElementVariable__inherit__graph.pdf Gr
aphic file (type pdf)
<use classat_1_1matching_1_1matching_1_1ElementVariable__inherit__graph.pdf>
Package pdftex.def Info: classat_1_1matching_1_1matching_1_1ElementVariable__in
herit__graph.pdf  used on input line 9.
(pdftex.def)             Requested size: 247.0pt x 223.00232pt.
 <./classat_1_1matching_1_1matching_1_1ElementVariable__coll__graph.pdf

pdfTeX warning: pdflatex (file ./classat_1_1matching_1_1matching_1_1ElementVari
able__coll__graph.pdf): PDF inclusion: multiple pdfs with page group included i
n a single page
>
<classat_1_1matching_1_1matching_1_1ElementVariable__coll__graph.pdf, id=3560, 
247.92625pt x 223.83624pt>
File: classat_1_1matching_1_1matching_1_1ElementVariable__coll__graph.pdf Graph
ic file (type pdf)
<use classat_1_1matching_1_1matching_1_1ElementVariable__coll__graph.pdf>
Package pdftex.def Info: classat_1_1matching_1_1matching_1_1ElementVariable__co
ll__graph.pdf  used on input line 18.
(pdftex.def)             Requested size: 247.0pt x 223.00232pt.
 [95]) (./classat_1_1physics_1_1energy__loss_1_1ELossMethod.tex <./classat_1_1p
hysics_1_1energy__loss_1_1ELossMethod__inherit__graph.pdf>
<classat_1_1physics_1_1energy__loss_1_1ELossMethod__inherit__graph.pdf, id=3578
, 238.8925pt x 167.62625pt>
File: classat_1_1physics_1_1energy__loss_1_1ELossMethod__inherit__graph.pdf Gra
phic file (type pdf)
<use classat_1_1physics_1_1energy__loss_1_1ELossMethod__inherit__graph.pdf>
Package pdftex.def Info: classat_1_1physics_1_1energy__loss_1_1ELossMethod__inh
erit__graph.pdf  used on input line 9.
(pdftex.def)             Requested size: 238.0pt x 166.99916pt.
 [96] <./classat_1_1physics_1_1energy__loss_1_1ELossMethod__coll__graph.pdf>
<classat_1_1physics_1_1energy__loss_1_1ELossMethod__coll__graph.pdf, id=3597, 2
38.8925pt x 167.62625pt>
File: classat_1_1physics_1_1energy__loss_1_1ELossMethod__coll__graph.pdf Graphi
c file (type pdf)
<use classat_1_1physics_1_1energy__loss_1_1ELossMethod__coll__graph.pdf>
Package pdftex.def Info: classat_1_1physics_1_1energy__loss_1_1ELossMethod__col
l__graph.pdf  used on input line 18.
(pdftex.def)             Requested size: 238.0pt x 166.99916pt.
)
(./classat_1_1matching_1_1matching_1_1EnvelopeConstraints.tex <./classat_1_1mat
ching_1_1matching_1_1EnvelopeConstraints__inherit__graph.pdf

pdfTeX warning: pdflatex (file ./classat_1_1matching_1_1matching_1_1EnvelopeCon
straints__inherit__graph.pdf): PDF inclusion: multiple pdfs with page group inc
luded in a single page
>
<classat_1_1matching_1_1matching_1_1EnvelopeConstraints__inherit__graph.pdf, id
=3605, 262.9825pt x 291.0875pt>
File: classat_1_1matching_1_1matching_1_1EnvelopeConstraints__inherit__graph.pd
f Graphic file (type pdf)
<use classat_1_1matching_1_1matching_1_1EnvelopeConstraints__inherit__graph.pdf
>
Package pdftex.def Info: classat_1_1matching_1_1matching_1_1EnvelopeConstraints
__inherit__graph.pdf  used on input line 9.
(pdftex.def)             Requested size: 262.0pt x 290.0119pt.
 [97] <./classat_1_1matching_1_1matching_1_1EnvelopeConstraints__coll__graph.pd
f>
<classat_1_1matching_1_1matching_1_1EnvelopeConstraints__coll__graph.pdf, id=36
23, 262.9825pt x 291.0875pt>
File: classat_1_1matching_1_1matching_1_1EnvelopeConstraints__coll__graph.pdf G
raphic file (type pdf)
<use classat_1_1matching_1_1matching_1_1EnvelopeConstraints__coll__graph.pdf>
Package pdftex.def Info: classat_1_1matching_1_1matching_1_1EnvelopeConstraints
__coll__graph.pdf  used on input line 18.
(pdftex.def)             Requested size: 262.0pt x 290.0119pt.
 [98] [99]) (./classat_1_1lattice_1_1cavity__access_1_1Frf.tex <./classat_1_1la
ttice_1_1cavity__access_1_1Frf__inherit__graph.pdf

pdfTeX warning: pdflatex (file ./classat_1_1lattice_1_1cavity__access_1_1Frf__i
nherit__graph.pdf): PDF inclusion: multiple pdfs with page group included in a 
single page
>
<classat_1_1lattice_1_1cavity__access_1_1Frf__inherit__graph.pdf, id=3650, 227.
85126pt x 156.585pt>
File: classat_1_1lattice_1_1cavity__access_1_1Frf__inherit__graph.pdf Graphic f
ile (type pdf)
<use classat_1_1lattice_1_1cavity__access_1_1Frf__inherit__graph.pdf>
Package pdftex.def Info: classat_1_1lattice_1_1cavity__access_1_1Frf__inherit__
graph.pdf  used on input line 9.
(pdftex.def)             Requested size: 227.0pt x 156.004pt.
 [100] <./classat_1_1lattice_1_1cavity__access_1_1Frf__coll__graph.pdf

pdfTeX warning: pdflatex (file ./classat_1_1lattice_1_1cavity__access_1_1Frf__c
oll__graph.pdf): PDF inclusion: multiple pdfs with page group included in a sin
gle page
>
<classat_1_1lattice_1_1cavity__access_1_1Frf__coll__graph.pdf, id=3663, 227.851
26pt x 156.585pt>
File: classat_1_1lattice_1_1cavity__access_1_1Frf__coll__graph.pdf Graphic file
 (type pdf)
<use classat_1_1lattice_1_1cavity__access_1_1Frf__coll__graph.pdf>
Package pdftex.def Info: classat_1_1lattice_1_1cavity__access_1_1Frf__coll__gra
ph.pdf  used on input line 18.
(pdftex.def)             Requested size: 227.0pt x 156.004pt.
) (./classat_1_1acceptance_1_1boundary_1_1GridMode.tex <./classat_1_1acceptance
_1_1boundary_1_1GridMode__inherit__graph.pdf

pdfTeX warning: pdflatex (file ./classat_1_1acceptance_1_1boundary_1_1GridMode_
_inherit__graph.pdf): PDF inclusion: multiple pdfs with page group included in 
a single page
>
<classat_1_1acceptance_1_1boundary_1_1GridMode__inherit__graph.pdf, id=3671, 26
2.9825pt x 156.585pt>
File: classat_1_1acceptance_1_1boundary_1_1GridMode__inherit__graph.pdf Graphic
 file (type pdf)
<use classat_1_1acceptance_1_1boundary_1_1GridMode__inherit__graph.pdf>
Package pdftex.def Info: classat_1_1acceptance_1_1boundary_1_1GridMode__inherit
__graph.pdf  used on input line 9.
(pdftex.def)             Requested size: 262.0pt x 156.0064pt.
 [101] <./classat_1_1acceptance_1_1boundary_1_1GridMode__coll__graph.pdf>
<classat_1_1acceptance_1_1boundary_1_1GridMode__coll__graph.pdf, id=3689, 262.9
825pt x 156.585pt>
File: classat_1_1acceptance_1_1boundary_1_1GridMode__coll__graph.pdf Graphic fi
le (type pdf)
<use classat_1_1acceptance_1_1boundary_1_1GridMode__coll__graph.pdf>
Package pdftex.def Info: classat_1_1acceptance_1_1boundary_1_1GridMode__coll__g
raph.pdf  used on input line 18.
(pdftex.def)             Requested size: 262.0pt x 156.0064pt.
)
(./classat_1_1collective_1_1haissinski_1_1Haissinski.tex <./classat_1_1collecti
ve_1_1haissinski_1_1Haissinski__inherit__graph.pdf

pdfTeX warning: pdflatex (file ./classat_1_1collective_1_1haissinski_1_1Haissin
ski__inherit__graph.pdf): PDF inclusion: multiple pdfs with page group included
 in a single page
>
<classat_1_1collective_1_1haissinski_1_1Haissinski__inherit__graph.pdf, id=3697
, 211.79124pt x 167.62625pt>
File: classat_1_1collective_1_1haissinski_1_1Haissinski__inherit__graph.pdf Gra
phic file (type pdf)
<use classat_1_1collective_1_1haissinski_1_1Haissinski__inherit__graph.pdf>
Package pdftex.def Info: classat_1_1collective_1_1haissinski_1_1Haissinski__inh
erit__graph.pdf  used on input line 9.
(pdftex.def)             Requested size: 211.0pt x 167.00684pt.
 [102] <./classat_1_1collective_1_1haissinski_1_1Haissinski__coll__graph.pdf>
<classat_1_1collective_1_1haissinski_1_1Haissinski__coll__graph.pdf, id=3716, 2
11.79124pt x 167.62625pt>
File: classat_1_1collective_1_1haissinski_1_1Haissinski__coll__graph.pdf Graphi
c file (type pdf)
<use classat_1_1collective_1_1haissinski_1_1Haissinski__coll__graph.pdf>
Package pdftex.def Info: classat_1_1collective_1_1haissinski_1_1Haissinski__col
l__graph.pdf  used on input line 18.
(pdftex.def)             Requested size: 211.0pt x 167.00684pt.

[103] [104] [105])
(./classat_1_1physics_1_1harmonic__analysis_1_1HarmonicAnalysis.tex <./classat_
1_1physics_1_1harmonic__analysis_1_1HarmonicAnalysis__inherit__graph.pdf

pdfTeX warning: pdflatex (file ./classat_1_1physics_1_1harmonic__analysis_1_1Ha
rmonicAnalysis__inherit__graph.pdf): PDF inclusion: multiple pdfs with page gro
up included in a single page
>
<classat_1_1physics_1_1harmonic__analysis_1_1HarmonicAnalysis__inherit__graph.p
df, id=3802, 234.8775pt x 167.62625pt>
File: classat_1_1physics_1_1harmonic__analysis_1_1HarmonicAnalysis__inherit__gr
aph.pdf Graphic file (type pdf)
<use classat_1_1physics_1_1harmonic__analysis_1_1HarmonicAnalysis__inherit__gra
ph.pdf>
Package pdftex.def Info: classat_1_1physics_1_1harmonic__analysis_1_1HarmonicAn
alysis__inherit__graph.pdf  used on input line 9.
(pdftex.def)             Requested size: 234.0pt x 166.99916pt.
 [106] <./classat_1_1physics_1_1harmonic__analysis_1_1HarmonicAnalysis__coll__g
raph.pdf

pdfTeX warning: pdflatex (file ./classat_1_1physics_1_1harmonic__analysis_1_1Ha
rmonicAnalysis__coll__graph.pdf): PDF inclusion: multiple pdfs with page group 
included in a single page
>
<classat_1_1physics_1_1harmonic__analysis_1_1HarmonicAnalysis__coll__graph.pdf,
 id=3814, 234.8775pt x 167.62625pt>
File: classat_1_1physics_1_1harmonic__analysis_1_1HarmonicAnalysis__coll__graph
.pdf Graphic file (type pdf)
<use classat_1_1physics_1_1harmonic__analysis_1_1HarmonicAnalysis__coll__graph.
pdf>
Package pdftex.def Info: classat_1_1physics_1_1harmonic__analysis_1_1HarmonicAn
alysis__coll__graph.pdf  used on input line 18.
(pdftex.def)             Requested size: 234.0pt x 166.99916pt.
 [107]) (./classat_1_1lattice_1_1lattice__object_1_1Lattice.tex <./classat_1_1l
attice_1_1lattice__object_1_1Lattice__inherit__graph.pdf>
<classat_1_1lattice_1_1lattice__object_1_1Lattice__inherit__graph.pdf, id=3830,
 174.6525pt x 167.62625pt>
File: classat_1_1lattice_1_1lattice__object_1_1Lattice__inherit__graph.pdf Grap
hic file (type pdf)
<use classat_1_1lattice_1_1lattice__object_1_1Lattice__inherit__graph.pdf>
Package pdftex.def Info: classat_1_1lattice_1_1lattice__object_1_1Lattice__inhe
rit__graph.pdf  used on input line 9.
(pdftex.def)             Requested size: 174.0pt x 167.0094pt.
 <./classat_1_1lattice_1_1lattice__object_1_1Lattice__coll__graph.pdf

pdfTeX warning: pdflatex (file ./classat_1_1lattice_1_1lattice__object_1_1Latti
ce__coll__graph.pdf): PDF inclusion: multiple pdfs with page group included in 
a single page
>
<classat_1_1lattice_1_1lattice__object_1_1Lattice__coll__graph.pdf, id=3838, 17
4.6525pt x 167.62625pt>
File: classat_1_1lattice_1_1lattice__object_1_1Lattice__coll__graph.pdf Graphic
 file (type pdf)
<use classat_1_1lattice_1_1lattice__object_1_1Lattice__coll__graph.pdf>
Package pdftex.def Info: classat_1_1lattice_1_1lattice__object_1_1Lattice__coll
__graph.pdf  used on input line 18.
(pdftex.def)             Requested size: 174.0pt x 167.0094pt.
 [108] [109] [110] [111] [112] [113] [114] [115] [116])
(./classat_1_1matching_1_1matching_1_1LinoptConstraints.tex <./classat_1_1match
ing_1_1matching_1_1LinoptConstraints__inherit__graph.pdf

pdfTeX warning: pdflatex (file ./classat_1_1matching_1_1matching_1_1LinoptConst
raints__inherit__graph.pdf): PDF inclusion: multiple pdfs with page group inclu
ded in a single page
>
<classat_1_1matching_1_1matching_1_1LinoptConstraints__inherit__graph.pdf, id=3
970, 262.9825pt x 291.0875pt>
File: classat_1_1matching_1_1matching_1_1LinoptConstraints__inherit__graph.pdf 
Graphic file (type pdf)
<use classat_1_1matching_1_1matching_1_1LinoptConstraints__inherit__graph.pdf>
Package pdftex.def Info: classat_1_1matching_1_1matching_1_1LinoptConstraints__
inherit__graph.pdf  used on input line 9.
(pdftex.def)             Requested size: 262.0pt x 290.0119pt.
 <./classat_1_1matching_1_1matching_1_1LinoptConstraints__coll__graph.pdf

pdfTeX warning: pdflatex (file ./classat_1_1matching_1_1matching_1_1LinoptConst
raints__coll__graph.pdf): PDF inclusion: multiple pdfs with page group included
 in a single page
>
<classat_1_1matching_1_1matching_1_1LinoptConstraints__coll__graph.pdf, id=3978
, 262.9825pt x 291.0875pt>
File: classat_1_1matching_1_1matching_1_1LinoptConstraints__coll__graph.pdf Gra
phic file (type pdf)
<use classat_1_1matching_1_1matching_1_1LinoptConstraints__coll__graph.pdf>
Package pdftex.def Info: classat_1_1matching_1_1matching_1_1LinoptConstraints__
coll__graph.pdf  used on input line 18.
(pdftex.def)             Requested size: 262.0pt x 290.0119pt.
 [117] [118] [119]) (./classat_1_1lattice_1_1elements_1_1LongElement.tex <./cla
ssat_1_1lattice_1_1elements_1_1LongElement__inherit__graph.pdf

pdfTeX warning: pdflatex (file ./classat_1_1lattice_1_1elements_1_1LongElement_
_inherit__graph.pdf): PDF inclusion: multiple pdfs with page group included in 
a single page
>
<classat_1_1lattice_1_1elements_1_1LongElement__inherit__graph.pdf, id=4013, 88
7.315pt x 252.945pt>
File: classat_1_1lattice_1_1elements_1_1LongElement__inherit__graph.pdf Graphic
 file (type pdf)
<use classat_1_1lattice_1_1elements_1_1LongElement__inherit__graph.pdf>
Package pdftex.def Info: classat_1_1lattice_1_1elements_1_1LongElement__inherit
__graph.pdf  used on input line 9.
(pdftex.def)             Requested size: 350.0pt x 99.7713pt.
 <./classat_1_1lattice_1_1elements_1_1LongElement__coll__graph.pdf

pdfTeX warning: pdflatex (file ./classat_1_1lattice_1_1elements_1_1LongElement_
_coll__graph.pdf): PDF inclusion: multiple pdfs with page group included in a s
ingle page
>
<classat_1_1lattice_1_1elements_1_1LongElement__coll__graph.pdf, id=4021, 232.8
7pt x 223.83624pt>
File: classat_1_1lattice_1_1elements_1_1LongElement__coll__graph.pdf Graphic fi
le (type pdf)
<use classat_1_1lattice_1_1elements_1_1LongElement__coll__graph.pdf>
Package pdftex.def Info: classat_1_1lattice_1_1elements_1_1LongElement__coll__g
raph.pdf  used on input line 18.
(pdftex.def)             Requested size: 232.0pt x 223.00914pt.
 [120] [121])
(./classat_1_1collective_1_1wake__elements_1_1LongResonatorElement.tex <./class
at_1_1collective_1_1wake__elements_1_1LongResonatorElement__inherit__graph.pdf>
<classat_1_1collective_1_1wake__elements_1_1LongResonatorElement__inherit__grap
h.pdf, id=4048, 264.99pt x 358.33875pt>
File: classat_1_1collective_1_1wake__elements_1_1LongResonatorElement__inherit_
_graph.pdf Graphic file (type pdf)
<use classat_1_1collective_1_1wake__elements_1_1LongResonatorElement__inherit__
graph.pdf>
Package pdftex.def Info: classat_1_1collective_1_1wake__elements_1_1LongResonat
orElement__inherit__graph.pdf  used on input line 9.
(pdftex.def)             Requested size: 264.0pt x 357.02559pt.

Underfull \vbox (badness 10000) has occurred while \output is active []

 [122] <./classat_1_1collective_1_1wake__elements_1_1LongResonatorElement__coll
__graph.pdf

pdfTeX warning: pdflatex (file ./classat_1_1collective_1_1wake__elements_1_1Lon
gResonatorElement__coll__graph.pdf): PDF inclusion: multiple pdfs with page gro
up included in a single page
>
<classat_1_1collective_1_1wake__elements_1_1LongResonatorElement__coll__graph.p
df, id=4060, 264.99pt x 358.33875pt>
File: classat_1_1collective_1_1wake__elements_1_1LongResonatorElement__coll__gr
aph.pdf Graphic file (type pdf)
<use classat_1_1collective_1_1wake__elements_1_1LongResonatorElement__coll__gra
ph.pdf>
Package pdftex.def Info: classat_1_1collective_1_1wake__elements_1_1LongResonat
orElement__coll__graph.pdf  used on input line 18.
(pdftex.def)             Requested size: 264.0pt x 357.02559pt.

Underfull \vbox (badness 10000) has occurred while \output is active []

 [123])
(./classat_1_1lattice_1_1elements_1_1M66.tex <./classat_1_1lattice_1_1elements_
1_1M66__inherit__graph.pdf>
<classat_1_1lattice_1_1elements_1_1M66__inherit__graph.pdf, id=4075, 232.87pt x
 212.795pt>
File: classat_1_1lattice_1_1elements_1_1M66__inherit__graph.pdf Graphic file (t
ype pdf)
<use classat_1_1lattice_1_1elements_1_1M66__inherit__graph.pdf>
Package pdftex.def Info: classat_1_1lattice_1_1elements_1_1M66__inherit__graph.
pdf  used on input line 9.
(pdftex.def)             Requested size: 232.0pt x 212.00868pt.
 [124] <./classat_1_1lattice_1_1elements_1_1M66__coll__graph.pdf>
<classat_1_1lattice_1_1elements_1_1M66__coll__graph.pdf, id=4093, 232.87pt x 21
2.795pt>
File: classat_1_1lattice_1_1elements_1_1M66__coll__graph.pdf Graphic file (type
 pdf)
<use classat_1_1lattice_1_1elements_1_1M66__coll__graph.pdf>
Package pdftex.def Info: classat_1_1lattice_1_1elements_1_1M66__coll__graph.pdf
  used on input line 18.
(pdftex.def)             Requested size: 232.0pt x 212.00868pt.
 [125]) (./classat_1_1lattice_1_1elements_1_1Marker.tex <./classat_1_1lattice_1
_1elements_1_1Marker__inherit__graph.pdf>
<classat_1_1lattice_1_1elements_1_1Marker__inherit__graph.pdf, id=4113, 232.87p
t x 212.795pt>
File: classat_1_1lattice_1_1elements_1_1Marker__inherit__graph.pdf Graphic file
 (type pdf)
<use classat_1_1lattice_1_1elements_1_1Marker__inherit__graph.pdf>
Package pdftex.def Info: classat_1_1lattice_1_1elements_1_1Marker__inherit__gra
ph.pdf  used on input line 9.
(pdftex.def)             Requested size: 232.0pt x 212.00868pt.
 <./classat_1_1lattice_1_1elements_1_1Marker__coll__graph.pdf

pdfTeX warning: pdflatex (file ./classat_1_1lattice_1_1elements_1_1Marker__coll
__graph.pdf): PDF inclusion: multiple pdfs with page group included in a single
 page
>
<classat_1_1lattice_1_1elements_1_1Marker__coll__graph.pdf, id=4121, 232.87pt x
 212.795pt>
File: classat_1_1lattice_1_1elements_1_1Marker__coll__graph.pdf Graphic file (t
ype pdf)
<use classat_1_1lattice_1_1elements_1_1Marker__coll__graph.pdf>
Package pdftex.def Info: classat_1_1lattice_1_1elements_1_1Marker__coll__graph.
pdf  used on input line 18.
(pdftex.def)             Requested size: 232.0pt x 212.00868pt.
 [126]) (./classat_1_1lattice_1_1elements_1_1Monitor.tex <./classat_1_1lattice_
1_1elements_1_1Monitor__inherit__graph.pdf>
<classat_1_1lattice_1_1elements_1_1Monitor__inherit__graph.pdf, id=4137, 232.87
pt x 212.795pt>
File: classat_1_1lattice_1_1elements_1_1Monitor__inherit__graph.pdf Graphic fil
e (type pdf)
<use classat_1_1lattice_1_1elements_1_1Monitor__inherit__graph.pdf>
Package pdftex.def Info: classat_1_1lattice_1_1elements_1_1Monitor__inherit__gr
aph.pdf  used on input line 9.
(pdftex.def)             Requested size: 232.0pt x 212.00868pt.
 <./classat_1_1lattice_1_1elements_1_1Monitor__coll__graph.pdf

pdfTeX warning: pdflatex (file ./classat_1_1lattice_1_1elements_1_1Monitor__col
l__graph.pdf): PDF inclusion: multiple pdfs with page group included in a singl
e page
>
<classat_1_1lattice_1_1elements_1_1Monitor__coll__graph.pdf, id=4145, 232.87pt 
x 212.795pt>
File: classat_1_1lattice_1_1elements_1_1Monitor__coll__graph.pdf Graphic file (
type pdf)
<use classat_1_1lattice_1_1elements_1_1Monitor__coll__graph.pdf>
Package pdftex.def Info: classat_1_1lattice_1_1elements_1_1Monitor__coll__graph
.pdf  used on input line 18.
(pdftex.def)             Requested size: 232.0pt x 212.00868pt.
 [127]) (./classat_1_1lattice_1_1elements_1_1Multipole.tex <./classat_1_1lattic
e_1_1elements_1_1Multipole__inherit__graph.pdf>
<classat_1_1lattice_1_1elements_1_1Multipole__inherit__graph.pdf, id=4161, 887.
315pt x 214.8025pt>
File: classat_1_1lattice_1_1elements_1_1Multipole__inherit__graph.pdf Graphic f
ile (type pdf)
<use classat_1_1lattice_1_1elements_1_1Multipole__inherit__graph.pdf>
Package pdftex.def Info: classat_1_1lattice_1_1elements_1_1Multipole__inherit__
graph.pdf  used on input line 9.
(pdftex.def)             Requested size: 350.0pt x 84.72641pt.
 <./classat_1_1lattice_1_1elements_1_1Multipole__coll__graph.pdf

pdfTeX warning: pdflatex (file ./classat_1_1lattice_1_1elements_1_1Multipole__c
oll__graph.pdf): PDF inclusion: multiple pdfs with page group included in a sin
gle page
>
<classat_1_1lattice_1_1elements_1_1Multipole__coll__graph.pdf, id=4169, 367.372
5pt x 280.04625pt>
File: classat_1_1lattice_1_1elements_1_1Multipole__coll__graph.pdf Graphic file
 (type pdf)
<use classat_1_1lattice_1_1elements_1_1Multipole__coll__graph.pdf>
Package pdftex.def Info: classat_1_1lattice_1_1elements_1_1Multipole__coll__gra
ph.pdf  used on input line 18.
(pdftex.def)             Requested size: 350.0pt x 266.82013pt.
 [128]) (./classat_1_1lattice_1_1elements_1_1Octupole.tex <./classat_1_1lattice
_1_1elements_1_1Octupole__inherit__graph.pdf>
<classat_1_1lattice_1_1elements_1_1Octupole__inherit__graph.pdf, id=4188, 367.3
725pt x 336.25626pt>
File: classat_1_1lattice_1_1elements_1_1Octupole__inherit__graph.pdf Graphic fi
le (type pdf)
<use classat_1_1lattice_1_1elements_1_1Octupole__inherit__graph.pdf>
Package pdftex.def Info: classat_1_1lattice_1_1elements_1_1Octupole__inherit__g
raph.pdf  used on input line 9.
(pdftex.def)             Requested size: 350.0pt x 320.37544pt.
 [129] <./classat_1_1lattice_1_1elements_1_1Octupole__coll__graph.pdf

pdfTeX warning: pdflatex (file ./classat_1_1lattice_1_1elements_1_1Octupole__co
ll__graph.pdf): PDF inclusion: multiple pdfs with page group included in a sing
le page
>
<classat_1_1lattice_1_1elements_1_1Octupole__coll__graph.pdf, id=4204, 367.3725
pt x 336.25626pt>
File: classat_1_1lattice_1_1elements_1_1Octupole__coll__graph.pdf Graphic file 
(type pdf)
<use classat_1_1lattice_1_1elements_1_1Octupole__coll__graph.pdf>
Package pdftex.def Info: classat_1_1lattice_1_1elements_1_1Octupole__coll__grap
h.pdf  used on input line 18.
(pdftex.def)             Requested size: 350.0pt x 320.37544pt.

Underfull \vbox (badness 10000) has occurred while \output is active []

 [130])
(./classat_1_1matching_1_1matching_1_1OrbitConstraints.tex <./classat_1_1matchi
ng_1_1matching_1_1OrbitConstraints__inherit__graph.pdf>
<classat_1_1matching_1_1matching_1_1OrbitConstraints__inherit__graph.pdf, id=42
18, 262.9825pt x 291.0875pt>
File: classat_1_1matching_1_1matching_1_1OrbitConstraints__inherit__graph.pdf G
raphic file (type pdf)
<use classat_1_1matching_1_1matching_1_1OrbitConstraints__inherit__graph.pdf>
Package pdftex.def Info: classat_1_1matching_1_1matching_1_1OrbitConstraints__i
nherit__graph.pdf  used on input line 9.
(pdftex.def)             Requested size: 262.0pt x 290.0119pt.
 [131] <./classat_1_1matching_1_1matching_1_1OrbitConstraints__coll__graph.pdf>
<classat_1_1matching_1_1matching_1_1OrbitConstraints__coll__graph.pdf, id=4237,
 262.9825pt x 291.0875pt>
File: classat_1_1matching_1_1matching_1_1OrbitConstraints__coll__graph.pdf Grap
hic file (type pdf)
<use classat_1_1matching_1_1matching_1_1OrbitConstraints__coll__graph.pdf>
Package pdftex.def Info: classat_1_1matching_1_1matching_1_1OrbitConstraints__c
oll__graph.pdf  used on input line 18.
(pdftex.def)             Requested size: 262.0pt x 290.0119pt.
 [132] [133])
(./classat_1_1lattice_1_1particle__object_1_1Particle.tex <./classat_1_1lattice
_1_1particle__object_1_1Particle__inherit__graph.pdf

pdfTeX warning: pdflatex (file ./classat_1_1lattice_1_1particle__object_1_1Part
icle__inherit__graph.pdf): PDF inclusion: multiple pdfs with page group include
d in a single page
>
<classat_1_1lattice_1_1particle__object_1_1Particle__inherit__graph.pdf, id=426
5, 180.675pt x 167.62625pt>
File: classat_1_1lattice_1_1particle__object_1_1Particle__inherit__graph.pdf Gr
aphic file (type pdf)
<use classat_1_1lattice_1_1particle__object_1_1Particle__inherit__graph.pdf>
Package pdftex.def Info: classat_1_1lattice_1_1particle__object_1_1Particle__in
herit__graph.pdf  used on input line 9.
(pdftex.def)             Requested size: 180.0pt x 167.00172pt.
 [134] <./classat_1_1lattice_1_1particle__object_1_1Particle__coll__graph.pdf

pdfTeX warning: pdflatex (file ./classat_1_1lattice_1_1particle__object_1_1Part
icle__coll__graph.pdf): PDF inclusion: multiple pdfs with page group included i
n a single page
>
<classat_1_1lattice_1_1particle__object_1_1Particle__coll__graph.pdf, id=4277, 
180.675pt x 167.62625pt>
File: classat_1_1lattice_1_1particle__object_1_1Particle__coll__graph.pdf Graph
ic file (type pdf)
<use classat_1_1lattice_1_1particle__object_1_1Particle__coll__graph.pdf>
Package pdftex.def Info: classat_1_1lattice_1_1particle__object_1_1Particle__co
ll__graph.pdf  used on input line 18.
(pdftex.def)             Requested size: 180.0pt x 167.00172pt.
 [135]) (./classat_1_1lattice_1_1elements_1_1Quadrupole.tex <./classat_1_1latti
ce_1_1elements_1_1Quadrupole__inherit__graph.pdf>
<classat_1_1lattice_1_1elements_1_1Quadrupole__inherit__graph.pdf, id=4302, 367
.3725pt x 336.25626pt>
File: classat_1_1lattice_1_1elements_1_1Quadrupole__inherit__graph.pdf Graphic 
file (type pdf)
<use classat_1_1lattice_1_1elements_1_1Quadrupole__inherit__graph.pdf>
Package pdftex.def Info: classat_1_1lattice_1_1elements_1_1Quadrupole__inherit_
_graph.pdf  used on input line 9.
(pdftex.def)             Requested size: 350.0pt x 320.37544pt.
 <./classat_1_1lattice_1_1elements_1_1Quadrupole__coll__graph.pdf

pdfTeX warning: pdflatex (file ./classat_1_1lattice_1_1elements_1_1Quadrupole__
coll__graph.pdf): PDF inclusion: multiple pdfs with page group included in a si
ngle page
>
<classat_1_1lattice_1_1elements_1_1Quadrupole__coll__graph.pdf, id=4310, 367.37
25pt x 336.25626pt>
File: classat_1_1lattice_1_1elements_1_1Quadrupole__coll__graph.pdf Graphic fil
e (type pdf)
<use classat_1_1lattice_1_1elements_1_1Quadrupole__coll__graph.pdf>
Package pdftex.def Info: classat_1_1lattice_1_1elements_1_1Quadrupole__coll__gr
aph.pdf  used on input line 18.
(pdftex.def)             Requested size: 350.0pt x 320.37544pt.
 [136] [137])
(./classat_1_1collective_1_1wake__elements_1_1ResonatorElement.tex <./classat_1
_1collective_1_1wake__elements_1_1ResonatorElement__inherit__graph.pdf>
<classat_1_1collective_1_1wake__elements_1_1ResonatorElement__inherit__graph.pd
f, id=4341, 264.99pt x 358.33875pt>
File: classat_1_1collective_1_1wake__elements_1_1ResonatorElement__inherit__gra
ph.pdf Graphic file (type pdf)
<use classat_1_1collective_1_1wake__elements_1_1ResonatorElement__inherit__grap
h.pdf>
Package pdftex.def Info: classat_1_1collective_1_1wake__elements_1_1ResonatorEl
ement__inherit__graph.pdf  used on input line 9.
(pdftex.def)             Requested size: 264.0pt x 357.02559pt.

Underfull \vbox (badness 10000) has occurred while \output is active []

 [138] <./classat_1_1collective_1_1wake__elements_1_1ResonatorElement__coll__gr
aph.pdf

pdfTeX warning: pdflatex (file ./classat_1_1collective_1_1wake__elements_1_1Res
onatorElement__coll__graph.pdf): PDF inclusion: multiple pdfs with page group i
ncluded in a single page
>
<classat_1_1collective_1_1wake__elements_1_1ResonatorElement__coll__graph.pdf, 
id=4354, 241.90375pt x 291.0875pt>
File: classat_1_1collective_1_1wake__elements_1_1ResonatorElement__coll__graph.
pdf Graphic file (type pdf)
<use classat_1_1collective_1_1wake__elements_1_1ResonatorElement__coll__graph.p
df>
Package pdftex.def Info: classat_1_1collective_1_1wake__elements_1_1ResonatorEl
ement__coll__graph.pdf  used on input line 18.
(pdftex.def)             Requested size: 241.0pt x 290.0119pt.

Underfull \vbox (badness 10000) has occurred while \output is active []

 [139])
(./classat_1_1collective_1_1wake__elements_1_1ResWallElement.tex <./classat_1_1
collective_1_1wake__elements_1_1ResWallElement__inherit__graph.pdf>
<classat_1_1collective_1_1wake__elements_1_1ResWallElement__inherit__graph.pdf,
 id=4368, 232.87pt x 291.0875pt>
File: classat_1_1collective_1_1wake__elements_1_1ResWallElement__inherit__graph
.pdf Graphic file (type pdf)
<use classat_1_1collective_1_1wake__elements_1_1ResWallElement__inherit__graph.
pdf>
Package pdftex.def Info: classat_1_1collective_1_1wake__elements_1_1ResWallElem
ent__inherit__graph.pdf  used on input line 9.
(pdftex.def)             Requested size: 232.0pt x 290.0119pt.
 [140] <./classat_1_1collective_1_1wake__elements_1_1ResWallElement__coll__grap
h.pdf>
<classat_1_1collective_1_1wake__elements_1_1ResWallElement__coll__graph.pdf, id
=4394, 232.87pt x 291.0875pt>
File: classat_1_1collective_1_1wake__elements_1_1ResWallElement__coll__graph.pd
f Graphic file (type pdf)
<use classat_1_1collective_1_1wake__elements_1_1ResWallElement__coll__graph.pdf
>
Package pdftex.def Info: classat_1_1collective_1_1wake__elements_1_1ResWallElem
ent__coll__graph.pdf  used on input line 18.
(pdftex.def)             Requested size: 232.0pt x 290.0119pt.

[141]) (./classat_1_1lattice_1_1elements_1_1RFCavity.tex <./classat_1_1lattice_
1_1elements_1_1RFCavity__inherit__graph.pdf>
<classat_1_1lattice_1_1elements_1_1RFCavity__inherit__graph.pdf, id=4409, 236.8
85pt x 280.04625pt>
File: classat_1_1lattice_1_1elements_1_1RFCavity__inherit__graph.pdf Graphic fi
le (type pdf)
<use classat_1_1lattice_1_1elements_1_1RFCavity__inherit__graph.pdf>
Package pdftex.def Info: classat_1_1lattice_1_1elements_1_1RFCavity__inherit__g
raph.pdf  used on input line 9.
(pdftex.def)             Requested size: 236.0pt x 279.00716pt.
 <./classat_1_1lattice_1_1elements_1_1RFCavity__coll__graph.pdf

pdfTeX warning: pdflatex (file ./classat_1_1lattice_1_1elements_1_1RFCavity__co
ll__graph.pdf): PDF inclusion: multiple pdfs with page group included in a sing
le page
>
<classat_1_1lattice_1_1elements_1_1RFCavity__coll__graph.pdf, id=4417, 236.885p
t x 280.04625pt>
File: classat_1_1lattice_1_1elements_1_1RFCavity__coll__graph.pdf Graphic file 
(type pdf)
<use classat_1_1lattice_1_1elements_1_1RFCavity__coll__graph.pdf>
Package pdftex.def Info: classat_1_1lattice_1_1elements_1_1RFCavity__coll__grap
h.pdf  used on input line 18.
(pdftex.def)             Requested size: 236.0pt x 279.00716pt.
 [142] [143]) (./classat_1_1load_1_1utils_1_1RingParam.tex <./classat_1_1load_1
_1utils_1_1RingParam__inherit__graph.pdf>
<classat_1_1load_1_1utils_1_1RingParam__inherit__graph.pdf, id=4456, 210.7875pt
 x 156.585pt>
File: classat_1_1load_1_1utils_1_1RingParam__inherit__graph.pdf Graphic file (t
ype pdf)
<use classat_1_1load_1_1utils_1_1RingParam__inherit__graph.pdf>
Package pdftex.def Info: classat_1_1load_1_1utils_1_1RingParam__inherit__graph.
pdf  used on input line 9.
(pdftex.def)             Requested size: 210.0pt x 156.004pt.
 <./classat_1_1load_1_1utils_1_1RingParam__coll__graph.pdf

pdfTeX warning: pdflatex (file ./classat_1_1load_1_1utils_1_1RingParam__coll__g
raph.pdf): PDF inclusion: multiple pdfs with page group included in a single pa
ge
>
<classat_1_1load_1_1utils_1_1RingParam__coll__graph.pdf, id=4464, 210.7875pt x 
156.585pt>
File: classat_1_1load_1_1utils_1_1RingParam__coll__graph.pdf Graphic file (type
 pdf)
<use classat_1_1load_1_1utils_1_1RingParam__coll__graph.pdf>
Package pdftex.def Info: classat_1_1load_1_1utils_1_1RingParam__coll__graph.pdf
  used on input line 18.
(pdftex.def)             Requested size: 210.0pt x 156.004pt.
 [144]) (./classat_1_1physics_1_1ring__parameters_1_1RingParameters.tex <./clas
sat_1_1physics_1_1ring__parameters_1_1RingParameters__inherit__graph.pdf>
<classat_1_1physics_1_1ring__parameters_1_1RingParameters__inherit__graph.pdf, 
id=4479, 232.87pt x 167.62625pt>
File: classat_1_1physics_1_1ring__parameters_1_1RingParameters__inherit__graph.
pdf Graphic file (type pdf)
<use classat_1_1physics_1_1ring__parameters_1_1RingParameters__inherit__graph.p
df>
Package pdftex.def Info: classat_1_1physics_1_1ring__parameters_1_1RingParamete
rs__inherit__graph.pdf  used on input line 9.
(pdftex.def)             Requested size: 232.0pt x 167.00684pt.

[145] <./classat_1_1physics_1_1ring__parameters_1_1RingParameters__coll__graph.
pdf>
<classat_1_1physics_1_1ring__parameters_1_1RingParameters__coll__graph.pdf, id=
4497, 232.87pt x 167.62625pt>
File: classat_1_1physics_1_1ring__parameters_1_1RingParameters__coll__graph.pdf
 Graphic file (type pdf)
<use classat_1_1physics_1_1ring__parameters_1_1RingParameters__coll__graph.pdf>

Package pdftex.def Info: classat_1_1physics_1_1ring__parameters_1_1RingParamete
rs__coll__graph.pdf  used on input line 18.
(pdftex.def)             Requested size: 232.0pt x 167.00684pt.
 [146]) (./classat_1_1lattice_1_1elements_1_1Sextupole.tex <./classat_1_1lattic
e_1_1elements_1_1Sextupole__inherit__graph.pdf>
<classat_1_1lattice_1_1elements_1_1Sextupole__inherit__graph.pdf, id=4517, 367.
3725pt x 336.25626pt>
File: classat_1_1lattice_1_1elements_1_1Sextupole__inherit__graph.pdf Graphic f
ile (type pdf)
<use classat_1_1lattice_1_1elements_1_1Sextupole__inherit__graph.pdf>
Package pdftex.def Info: classat_1_1lattice_1_1elements_1_1Sextupole__inherit__
graph.pdf  used on input line 9.
(pdftex.def)             Requested size: 350.0pt x 320.37544pt.
 [147] <./classat_1_1lattice_1_1elements_1_1Sextupole__coll__graph.pdf

pdfTeX warning: pdflatex (file ./classat_1_1lattice_1_1elements_1_1Sextupole__c
oll__graph.pdf): PDF inclusion: multiple pdfs with page group included in a sin
gle page
>
<classat_1_1lattice_1_1elements_1_1Sextupole__coll__graph.pdf, id=4531, 367.372
5pt x 336.25626pt>
File: classat_1_1lattice_1_1elements_1_1Sextupole__coll__graph.pdf Graphic file
 (type pdf)
<use classat_1_1lattice_1_1elements_1_1Sextupole__coll__graph.pdf>
Package pdftex.def Info: classat_1_1lattice_1_1elements_1_1Sextupole__coll__gra
ph.pdf  used on input line 18.
(pdftex.def)             Requested size: 350.0pt x 320.37544pt.

Underfull \vbox (badness 10000) has occurred while \output is active []

 [148]
[149]) (./classat_1_1lattice_1_1elements_1_1ThinMultipole.tex <./classat_1_1lat
tice_1_1elements_1_1ThinMultipole__inherit__graph.pdf>
<classat_1_1lattice_1_1elements_1_1ThinMultipole__inherit__graph.pdf, id=4562, 
885.3075pt x 214.8025pt>
File: classat_1_1lattice_1_1elements_1_1ThinMultipole__inherit__graph.pdf Graph
ic file (type pdf)
<use classat_1_1lattice_1_1elements_1_1ThinMultipole__inherit__graph.pdf>
Package pdftex.def Info: classat_1_1lattice_1_1elements_1_1ThinMultipole__inher
it__graph.pdf  used on input line 9.
(pdftex.def)             Requested size: 350.0pt x 84.9198pt.
 <./classat_1_1lattice_1_1elements_1_1ThinMultipole__coll__graph.pdf

pdfTeX warning: pdflatex (file ./classat_1_1lattice_1_1elements_1_1ThinMultipol
e__coll__graph.pdf): PDF inclusion: multiple pdfs with page group included in a
 single page
>
<classat_1_1lattice_1_1elements_1_1ThinMultipole__coll__graph.pdf, id=4570, 232
.87pt x 223.83624pt>
File: classat_1_1lattice_1_1elements_1_1ThinMultipole__coll__graph.pdf Graphic 
file (type pdf)
<use classat_1_1lattice_1_1elements_1_1ThinMultipole__coll__graph.pdf>
Package pdftex.def Info: classat_1_1lattice_1_1elements_1_1ThinMultipole__coll_
_graph.pdf  used on input line 18.
(pdftex.def)             Requested size: 232.0pt x 223.00914pt.
 [150] [151]) (./classat_1_1matching_1_1matching_1_1Variable.tex <./classat_1_1
matching_1_1matching_1_1Variable__inherit__graph.pdf

pdfTeX warning: pdflatex (file ./classat_1_1matching_1_1matching_1_1Variable__i
nherit__graph.pdf): PDF inclusion: multiple pdfs with page group included in a 
single page
>
<classat_1_1matching_1_1matching_1_1Variable__inherit__graph.pdf, id=4600, 247.
92625pt x 223.83624pt>
File: classat_1_1matching_1_1matching_1_1Variable__inherit__graph.pdf Graphic f
ile (type pdf)
<use classat_1_1matching_1_1matching_1_1Variable__inherit__graph.pdf>
Package pdftex.def Info: classat_1_1matching_1_1matching_1_1Variable__inherit__
graph.pdf  used on input line 9.
(pdftex.def)             Requested size: 247.0pt x 223.00232pt.
 <./classat_1_1matching_1_1matching_1_1Variable__coll__graph.pdf

pdfTeX warning: pdflatex (file ./classat_1_1matching_1_1matching_1_1Variable__c
oll__graph.pdf): PDF inclusion: multiple pdfs with page group included in a sin
gle page
>
<classat_1_1matching_1_1matching_1_1Variable__coll__graph.pdf, id=4608, 247.926
25pt x 156.585pt>
File: classat_1_1matching_1_1matching_1_1Variable__coll__graph.pdf Graphic file
 (type pdf)
<use classat_1_1matching_1_1matching_1_1Variable__coll__graph.pdf>
Package pdftex.def Info: classat_1_1matching_1_1matching_1_1Variable__coll__gra
ph.pdf  used on input line 18.
(pdftex.def)             Requested size: 247.0pt x 156.00162pt.
 [152]) (./classat_1_1collective_1_1wake__object_1_1Wake.tex <./classat_1_1coll
ective_1_1wake__object_1_1Wake__inherit__graph.pdf>
<classat_1_1collective_1_1wake__object_1_1Wake__inherit__graph.pdf, id=4623, 18
5.69376pt x 167.62625pt>
File: classat_1_1collective_1_1wake__object_1_1Wake__inherit__graph.pdf Graphic
 file (type pdf)
<use classat_1_1collective_1_1wake__object_1_1Wake__inherit__graph.pdf>
Package pdftex.def Info: classat_1_1collective_1_1wake__object_1_1Wake__inherit
__graph.pdf  used on input line 9.
(pdftex.def)             Requested size: 185.0pt x 167.00427pt.
 [153] <./classat_1_1collective_1_1wake__object_1_1Wake__coll__graph.pdf>
<classat_1_1collective_1_1wake__object_1_1Wake__coll__graph.pdf, id=4652, 185.6
9376pt x 167.62625pt>
File: classat_1_1collective_1_1wake__object_1_1Wake__coll__graph.pdf Graphic fi
le (type pdf)
<use classat_1_1collective_1_1wake__object_1_1Wake__coll__graph.pdf>
Package pdftex.def Info: classat_1_1collective_1_1wake__object_1_1Wake__coll__g
raph.pdf  used on input line 18.
(pdftex.def)             Requested size: 185.0pt x 167.00427pt.
 [154] [155])
(./classat_1_1collective_1_1wake__object_1_1WakeComponent.tex <./classat_1_1col
lective_1_1wake__object_1_1WakeComponent__inherit__graph.pdf

pdfTeX warning: pdflatex (file ./classat_1_1collective_1_1wake__object_1_1WakeC
omponent__inherit__graph.pdf): PDF inclusion: multiple pdfs with page group inc
luded in a single page
>
<classat_1_1collective_1_1wake__object_1_1WakeComponent__inherit__graph.pdf, id
=4692, 217.81375pt x 167.62625pt>
File: classat_1_1collective_1_1wake__object_1_1WakeComponent__inherit__graph.pd
f Graphic file (type pdf)
<use classat_1_1collective_1_1wake__object_1_1WakeComponent__inherit__graph.pdf
>
Package pdftex.def Info: classat_1_1collective_1_1wake__object_1_1WakeComponent
__inherit__graph.pdf  used on input line 9.
(pdftex.def)             Requested size: 217.0pt x 166.99916pt.
 [156] <./classat_1_1collective_1_1wake__object_1_1WakeComponent__coll__graph.p
df

pdfTeX warning: pdflatex (file ./classat_1_1collective_1_1wake__object_1_1WakeC
omponent__coll__graph.pdf): PDF inclusion: multiple pdfs with page group includ
ed in a single page
>
<classat_1_1collective_1_1wake__object_1_1WakeComponent__coll__graph.pdf, id=47
04, 217.81375pt x 167.62625pt>
File: classat_1_1collective_1_1wake__object_1_1WakeComponent__coll__graph.pdf G
raphic file (type pdf)
<use classat_1_1collective_1_1wake__object_1_1WakeComponent__coll__graph.pdf>
Package pdftex.def Info: classat_1_1collective_1_1wake__object_1_1WakeComponent
__coll__graph.pdf  used on input line 18.
(pdftex.def)             Requested size: 217.0pt x 166.99916pt.
) (./classat_1_1collective_1_1wake__elements_1_1WakeElement.tex <./classat_1_1c
ollective_1_1wake__elements_1_1WakeElement__inherit__graph.pdf

pdfTeX warning: pdflatex (file ./classat_1_1collective_1_1wake__elements_1_1Wak
eElement__inherit__graph.pdf): PDF inclusion: multiple pdfs with page group inc
luded in a single page
>
<classat_1_1collective_1_1wake__elements_1_1WakeElement__inherit__graph.pdf, id
=4712, 908.39375pt x 160.6pt>
File: classat_1_1collective_1_1wake__elements_1_1WakeElement__inherit__graph.pd
f Graphic file (type pdf)
<use classat_1_1collective_1_1wake__elements_1_1WakeElement__inherit__graph.pdf
>
Package pdftex.def Info: classat_1_1collective_1_1wake__elements_1_1WakeElement
__inherit__graph.pdf  used on input line 9.
(pdftex.def)             Requested size: 350.0pt x 61.87897pt.
 [157] <./classat_1_1collective_1_1wake__elements_1_1WakeElement__coll__graph.p
df>
<classat_1_1collective_1_1wake__elements_1_1WakeElement__coll__graph.pdf, id=47
33, 232.87pt x 223.83624pt>
File: classat_1_1collective_1_1wake__elements_1_1WakeElement__coll__graph.pdf G
raphic file (type pdf)
<use classat_1_1collective_1_1wake__elements_1_1WakeElement__coll__graph.pdf>
Package pdftex.def Info: classat_1_1collective_1_1wake__elements_1_1WakeElement
__coll__graph.pdf  used on input line 18.
(pdftex.def)             Requested size: 232.0pt x 223.00914pt.
 [158]) (./classat_1_1collective_1_1wake__object_1_1WakeType.tex <./classat_1_1
collective_1_1wake__object_1_1WakeType__inherit__graph.pdf>
<classat_1_1collective_1_1wake__object_1_1WakeType__inherit__graph.pdf, id=4769
, 185.69376pt x 167.62625pt>
File: classat_1_1collective_1_1wake__object_1_1WakeType__inherit__graph.pdf Gra
phic file (type pdf)
<use classat_1_1collective_1_1wake__object_1_1WakeType__inherit__graph.pdf>
Package pdftex.def Info: classat_1_1collective_1_1wake__object_1_1WakeType__inh
erit__graph.pdf  used on input line 9.
(pdftex.def)             Requested size: 185.0pt x 167.00427pt.
 <./classat_1_1collective_1_1wake__object_1_1WakeType__coll__graph.pdf

pdfTeX warning: pdflatex (file ./classat_1_1collective_1_1wake__object_1_1WakeT
ype__coll__graph.pdf): PDF inclusion: multiple pdfs with page group included in
 a single page
>
<classat_1_1collective_1_1wake__object_1_1WakeType__coll__graph.pdf, id=4777, 1
85.69376pt x 167.62625pt>
File: classat_1_1collective_1_1wake__object_1_1WakeType__coll__graph.pdf Graphi
c file (type pdf)
<use classat_1_1collective_1_1wake__object_1_1WakeType__coll__graph.pdf>
Package pdftex.def Info: classat_1_1collective_1_1wake__object_1_1WakeType__col
l__graph.pdf  used on input line 18.
(pdftex.def)             Requested size: 185.0pt x 167.00427pt.
 [159]) (./classat_1_1lattice_1_1elements_1_1Wiggler.tex <./classat_1_1lattice_
1_1elements_1_1Wiggler__inherit__graph.pdf

pdfTeX warning: pdflatex (file ./classat_1_1lattice_1_1elements_1_1Wiggler__inh
erit__graph.pdf): PDF inclusion: multiple pdfs with page group included in a si
ngle page
>
<classat_1_1lattice_1_1elements_1_1Wiggler__inherit__graph.pdf, id=4795, 232.87
pt x 280.04625pt>
File: classat_1_1lattice_1_1elements_1_1Wiggler__inherit__graph.pdf Graphic fil
e (type pdf)
<use classat_1_1lattice_1_1elements_1_1Wiggler__inherit__graph.pdf>
Package pdftex.def Info: classat_1_1lattice_1_1elements_1_1Wiggler__inherit__gr
aph.pdf  used on input line 9.
(pdftex.def)             Requested size: 232.0pt x 279.01143pt.
 [160] <./classat_1_1lattice_1_1elements_1_1Wiggler__coll__graph.pdf>
<classat_1_1lattice_1_1elements_1_1Wiggler__coll__graph.pdf, id=4815, 232.87pt 
x 280.04625pt>
File: classat_1_1lattice_1_1elements_1_1Wiggler__coll__graph.pdf Graphic file (
type pdf)
<use classat_1_1lattice_1_1elements_1_1Wiggler__coll__graph.pdf>
Package pdftex.def Info: classat_1_1lattice_1_1elements_1_1Wiggler__coll__graph
.pdf  used on input line 18.
(pdftex.def)             Requested size: 232.0pt x 279.01143pt.
 [161]
[162]) [163] [164

] (./refman.ind
Underfull \hbox (badness 10000) in paragraph at lines 54--56
[]\T1/phv/m/n/10 at.collective.wake_elements.LongResonatorElement,
 []

[165


] [166] [167] [168] [169] [170])
Package atveryend Info: Empty hook `BeforeClearDocument' on input line 273.
Package atveryend Info: Empty hook `AfterLastShipout' on input line 273.
 (./refman.aux)
Package atveryend Info: Executing hook `AtVeryEndDocument' on input line 273.
Package atveryend Info: Executing hook `AtEndAfterFileList' on input line 273.
Package rerunfilecheck Info: File `refman.out' has not changed.
(rerunfilecheck)             Checksum: 9538BCB4D7EA398CEFEC511103FD16AF;92866.
 ) 
Here is how much of TeX's memory you used:
 19485 strings out of 483183
 381420 string characters out of 5966293
 644293 words of memory out of 5000000
 32670 multiletter control sequences out of 15000+600000
 577964 words of font info for 86 fonts, out of 8000000 for 9000
 14 hyphenation exceptions out of 8191
 55i,16n,96p,938b,526s stack positions out of 5000i,500n,10000p,200000b,80000s
{/usr/share/texlive/texmf-dist/fonts/enc/dvips/base/8r.enc}</usr/share/texliv
e/texmf-dist/fonts/type1/public/amsfonts/cm/cmmi7.pfb></usr/share/texlive/texmf
-dist/fonts/type1/public/amsfonts/cm/cmsy10.pfb></usr/share/texlive/texmf-dist/
fonts/type1/public/amsfonts/cm/cmsy7.pfb></usr/share/texlive/texmf-dist/fonts/t
ype1/public/amsfonts/cm/cmsy8.pfb></usr/share/texlive/texmf-dist/fonts/type1/ur
w/courier/ucrr8a.pfb></usr/share/texlive/texmf-dist/fonts/type1/urw/courier/ucr
ro8a.pfb></usr/share/texlive/texmf-dist/fonts/type1/urw/helvetic/uhvb8a.pfb></u
sr/share/texlive/texmf-dist/fonts/type1/urw/helvetic/uhvb8ac.pfb></usr/share/te
xlive/texmf-dist/fonts/type1/urw/helvetic/uhvr8a.pfb>
Output written on refman.pdf (184 pages, 947819 bytes).
PDF statistics:
 5659 PDF objects out of 6186 (max. 8388607)
 5134 compressed objects within 52 object streams
 1351 named destinations out of 1440 (max. 500000)
 3767 words of extra memory for PDF output out of 10000 (max. 10000000)

